#
# There is insufficient memory for the Java Runtime Environment to continue.
# Native memory allocation (mmap) failed to map 32505856 bytes for Failed to commit area from 0x0000000089a00000 to 0x000000008b900000 of length 32505856.
# Possible reasons:
#   The system is out of physical RAM or swap space
#   The process is running with CompressedOops enabled, and the Java Heap may be blocking the growth of the native heap
# Possible solutions:
#   Reduce memory load on the system
#   Increase physical memory or swap space
#   Check if swap backing store is full
#   Decrease Java heap size (-Xmx/-Xms)
#   Decrease number of Java threads
#   Decrease Java thread stack sizes (-Xss)
#   Set larger code cache with -XX:ReservedCodeCacheSize=
#   JVM is running with Unscaled Compressed Oops mode in which the Java heap is
#     placed in the first 4GB address space. The Java Heap base address is the
#     maximum limit for the native heap growth. Please use -XX:HeapBaseMinAddress
#     to set the Java Heap base and to place the Java Heap above 4GB virtual address.
# This output file may be truncated or incomplete.
#
#  Out of Memory Error (src/hotspot/os/windows/os_windows.cpp:3627), pid=11320, tid=13400
#
# JRE version: OpenJDK Runtime Environment (11.0.15) (build 11.0.15+0-b2043.56-9505619)
# Java VM: OpenJDK 64-Bit Server VM (11.0.15+0-b2043.56-9505619, mixed mode, tiered, compressed oops, g1 gc, windows-amd64)
# No core dump will be written. Minidumps are not enabled by default on client versions of Windows
#

---------------  S U M M A R Y ------------

Command Line: --add-opens=java.base/java.util=ALL-UNNAMED --add-opens=java.base/java.lang=ALL-UNNAMED --add-opens=java.base/java.lang.invoke=ALL-UNNAMED --add-opens=java.base/java.util=ALL-UNNAMED --add-opens=java.prefs/java.util.prefs=ALL-UNNAMED --add-opens=java.prefs/java.util.prefs=ALL-UNNAMED --add-opens=java.base/java.nio.charset=ALL-UNNAMED --add-opens=java.base/java.net=ALL-UNNAMED --add-opens=java.base/java.util.concurrent.atomic=ALL-UNNAMED -Xmx2048m -Dfile.encoding=UTF-8 -Duser.country=US -Duser.language=en -Duser.variant org.gradle.launcher.daemon.bootstrap.GradleDaemon 7.5

Host: Intel(R) Core(TM) i5-7200U CPU @ 2.50GHz, 4 cores, 7G,  Windows 10 , 64 bit Build 19041 (10.0.19041.1889)
Time: Sun Jun  4 19:32:55 2023 Central European Daylight Time elapsed time: 17.580471 seconds (0d 0h 0m 17s)

---------------  T H R E A D  ---------------

Current thread (0x000001a4f36d3000):  VMThread "VM Thread" [stack: 0x0000005e78d00000,0x0000005e78e00000] [id=13400]

Stack: [0x0000005e78d00000,0x0000005e78e00000]
[error occurred during error reporting (printing stack bounds), id 0xc0000005, EXCEPTION_ACCESS_VIOLATION (0xc0000005) at pc=0x000001a4dd5f112d]

Native frames: (J=compiled Java code, j=interpreted, Vv=VM code, C=native code)
V  [jvm.dll+0x64135a]
V  [jvm.dll+0x7d39f9]
V  [jvm.dll+0x7d51b9]
V  [jvm.dll+0x7d5805]
V  [jvm.dll+0x7d57bb]
V  [jvm.dll+0x640655]
V  [jvm.dll+0x640d68]
C  [ntdll.dll+0xa235f]
C  [ntdll.dll+0x514a4]
C  [ntdll.dll+0xa0e8e]
C  0x000001a4dd5f112d

VM_Operation (0x0000005e7a0f3eb0): G1CollectForAllocation, mode: safepoint, requested by thread 0x000001a4f6139800


---------------  P R O C E S S  ---------------

Threads class SMR info:
_java_thread_list=0x000001a4fb4c9fe0, length=79, elements={
0x000001a4d9ac5000, 0x000001a4f36d7000, 0x000001a4f36d8800, 0x000001a4f36f4000,
0x000001a4f36f5000, 0x000001a4f36f6000, 0x000001a4f36fc000, 0x000001a4f40b3800,
0x000001a4f40b6000, 0x000001a4f41af800, 0x000001a4f63ff800, 0x000001a4f42af000,
0x000001a4f58f8000, 0x000001a4f5e61000, 0x000001a4f5f75000, 0x000001a4f59a7000,
0x000001a4f6139800, 0x000001a4f6507000, 0x000001a4f5a71800, 0x000001a4f663a000,
0x000001a4f715c800, 0x000001a4f715f000, 0x000001a4f715d800, 0x000001a4f715c000,
0x000001a4f7160000, 0x000001a4f715e800, 0x000001a4f7161000, 0x000001a4f715b000,
0x000001a4f7161800, 0x000001a4f781e000, 0x000001a4f781f000, 0x000001a4f7821800,
0x000001a4f781d000, 0x000001a4f7823800, 0x000001a4f7823000, 0x000001a4f7829800,
0x000001a4f782a000, 0x000001a4f7828000, 0x000001a4f7826000, 0x000001a4f7824800,
0x000001a4f7828800, 0x000001a4f7825800, 0x000001a4f7827000, 0x000001a4f509e800,
0x000001a4f509b000, 0x000001a4f509c000, 0x000001a4f509f000, 0x000001a4f509d800,
0x000001a4f509d000, 0x000001a4f5099800, 0x000001a4f50a0000, 0x000001a4f509a800,
0x000001a4f50a1800, 0x000001a4f50a2800, 0x000001a4f50a4000, 0x000001a4f50a5000,
0x000001a4f50a6000, 0x000001a4f50a3800, 0x000001a4f50a6800, 0x000001a4f50a1000,
0x000001a4f50a7800, 0x000001a4f50a8000, 0x000001a4f667b000, 0x000001a4f667c800,
0x000001a4f667e000, 0x000001a4f667a000, 0x000001a4f667b800, 0x000001a4f667d000,
0x000001a4f667f000, 0x000001a4f6679000, 0x000001a4f6681800, 0x000001a4f6684800,
0x000001a4f6683800, 0x000001a4f6680800, 0x000001a4f6685800, 0x000001a4f667f800,
0x000001a4f6687000, 0x000001a4f6688000, 0x000001a4f6682000
}

Java Threads: ( => current thread )
  0x000001a4d9ac5000 JavaThread "main" [_thread_blocked, id=2032, stack(0x0000005e78700000,0x0000005e78800000)]
  0x000001a4f36d7000 JavaThread "Reference Handler" daemon [_thread_blocked, id=21432, stack(0x0000005e78e00000,0x0000005e78f00000)]
  0x000001a4f36d8800 JavaThread "Finalizer" daemon [_thread_blocked, id=17040, stack(0x0000005e78f00000,0x0000005e79000000)]
  0x000001a4f36f4000 JavaThread "Signal Dispatcher" daemon [_thread_blocked, id=14428, stack(0x0000005e79000000,0x0000005e79100000)]
  0x000001a4f36f5000 JavaThread "Attach Listener" daemon [_thread_blocked, id=22460, stack(0x0000005e79100000,0x0000005e79200000)]
  0x000001a4f36f6000 JavaThread "Service Thread" daemon [_thread_blocked, id=15648, stack(0x0000005e79200000,0x0000005e79300000)]
  0x000001a4f36fc000 JavaThread "C2 CompilerThread0" daemon [_thread_in_native, id=13928, stack(0x0000005e79300000,0x0000005e79400000)]
  0x000001a4f40b3800 JavaThread "C1 CompilerThread0" daemon [_thread_blocked, id=10384, stack(0x0000005e79400000,0x0000005e79500000)]
  0x000001a4f40b6000 JavaThread "Sweeper thread" daemon [_thread_blocked, id=11648, stack(0x0000005e79500000,0x0000005e79600000)]
  0x000001a4f41af800 JavaThread "Common-Cleaner" daemon [_thread_blocked, id=16772, stack(0x0000005e79600000,0x0000005e79700000)]
  0x000001a4f63ff800 JavaThread "Daemon health stats" [_thread_blocked, id=788, stack(0x0000005e79b00000,0x0000005e79c00000)]
  0x000001a4f42af000 JavaThread "Incoming local TCP Connector on port 51575" [_thread_in_native, id=844, stack(0x0000005e79800000,0x0000005e79900000)]
  0x000001a4f58f8000 JavaThread "Daemon periodic checks" [_thread_blocked, id=14360, stack(0x0000005e79c00000,0x0000005e79d00000)]
  0x000001a4f5e61000 JavaThread "Daemon" [_thread_blocked, id=18036, stack(0x0000005e79d00000,0x0000005e79e00000)]
  0x000001a4f5f75000 JavaThread "Handler for socket connection from /127.0.0.1:51575 to /127.0.0.1:51576" [_thread_in_native, id=16556, stack(0x0000005e79e00000,0x0000005e79f00000)]
  0x000001a4f59a7000 JavaThread "Cancel handler" [_thread_blocked, id=20196, stack(0x0000005e79f00000,0x0000005e7a000000)]
  0x000001a4f6139800 JavaThread "Daemon worker" [_thread_blocked, id=13736, stack(0x0000005e7a000000,0x0000005e7a100000)]
  0x000001a4f6507000 JavaThread "Asynchronous log dispatcher for DefaultDaemonConnection: socket connection from /127.0.0.1:51575 to /127.0.0.1:51576" [_thread_blocked, id=21552, stack(0x0000005e7a100000,0x0000005e7a200000)]
  0x000001a4f5a71800 JavaThread "Stdin handler" [_thread_blocked, id=12984, stack(0x0000005e7a200000,0x0000005e7a300000)]
  0x000001a4f663a000 JavaThread "Daemon client event forwarder" [_thread_blocked, id=21892, stack(0x0000005e7a300000,0x0000005e7a400000)]
  0x000001a4f715c800 JavaThread "Cache worker for journal cache (C:\Users\Teodora\.gradle\caches\journal-1)" [_thread_blocked, id=16460, stack(0x0000005e7a600000,0x0000005e7a700000)]
  0x000001a4f715f000 JavaThread "File lock request listener" [_thread_in_native, id=14056, stack(0x0000005e7a700000,0x0000005e7a800000)]
  0x000001a4f715d800 JavaThread "Cache worker for file hash cache (C:\Users\Teodora\.gradle\caches\7.5\fileHashes)" [_thread_blocked, id=22472, stack(0x0000005e7a800000,0x0000005e7a900000)]
  0x000001a4f715c000 JavaThread "File watcher server" daemon [_thread_in_native, id=5660, stack(0x0000005e7a900000,0x0000005e7aa00000)]
  0x000001a4f7160000 JavaThread "File watcher consumer" daemon [_thread_blocked, id=20212, stack(0x0000005e7aa00000,0x0000005e7ab00000)]
  0x000001a4f715e800 JavaThread "Cache worker for checksums cache (C:\Users\Teodora\AndroidStudioProjects\NotesApp\.gradle\7.5\checksums)" [_thread_blocked, id=16832, stack(0x0000005e7ab00000,0x0000005e7ac00000)]
  0x000001a4f7161000 JavaThread "Cache worker for cache directory md-rule (C:\Users\Teodora\.gradle\caches\7.5\md-rule)" [_thread_blocked, id=21924, stack(0x0000005e7ac00000,0x0000005e7ad00000)]
  0x000001a4f715b000 JavaThread "Cache worker for file content cache (C:\Users\Teodora\.gradle\caches\7.5\fileContent)" [_thread_blocked, id=7312, stack(0x0000005e7ad00000,0x0000005e7ae00000)]
  0x000001a4f7161800 JavaThread "Cache worker for file hash cache (C:\Users\Teodora\AndroidStudioProjects\NotesApp\.gradle\7.5\fileHashes)" [_thread_blocked, id=10060, stack(0x0000005e7ae00000,0x0000005e7af00000)]
  0x000001a4f781e000 JavaThread "Cache worker for cache directory md-supplier (C:\Users\Teodora\.gradle\caches\7.5\md-supplier)" [_thread_blocked, id=4860, stack(0x0000005e7af00000,0x0000005e7b000000)]
  0x000001a4f781f000 JavaThread "Cache worker for execution history cache (C:\Users\Teodora\.gradle\caches\7.5\executionHistory)" [_thread_blocked, id=10916, stack(0x0000005e7b000000,0x0000005e7b100000)]
  0x000001a4f7821800 JavaThread "jar transforms" [_thread_blocked, id=4688, stack(0x0000005e7b100000,0x0000005e7b200000)]
  0x000001a4f781d000 JavaThread "jar transforms Thread 2" [_thread_blocked, id=3432, stack(0x0000005e7b200000,0x0000005e7b300000)]
  0x000001a4f7823800 JavaThread "jar transforms Thread 3" [_thread_blocked, id=3584, stack(0x0000005e7b300000,0x0000005e7b400000)]
  0x000001a4f7823000 JavaThread "jar transforms Thread 4" [_thread_blocked, id=18828, stack(0x0000005e7b400000,0x0000005e7b500000)]
  0x000001a4f7829800 JavaThread "Cache worker for dependencies-accessors (C:\Users\Teodora\AndroidStudioProjects\NotesApp\.gradle\7.5\dependencies-accessors)" [_thread_blocked, id=22428, stack(0x0000005e7b500000,0x0000005e7b600000)]
  0x000001a4f782a000 JavaThread "Cache worker for Build Output Cleanup Cache (C:\Users\Teodora\AndroidStudioProjects\NotesApp\.gradle\buildOutputCleanup)" [_thread_blocked, id=8868, stack(0x0000005e7a500000,0x0000005e7a600000)]
  0x000001a4f7828000 JavaThread "Unconstrained build operations" [_thread_blocked, id=5288, stack(0x0000005e7b700000,0x0000005e7b800000)]
  0x000001a4f7826000 JavaThread "Unconstrained build operations Thread 2" [_thread_blocked, id=21108, stack(0x0000005e7b800000,0x0000005e7b900000)]
  0x000001a4f7824800 JavaThread "Unconstrained build operations Thread 3" [_thread_blocked, id=1240, stack(0x0000005e7b900000,0x0000005e7ba00000)]
  0x000001a4f7828800 JavaThread "Unconstrained build operations Thread 4" [_thread_blocked, id=11000, stack(0x0000005e7ba00000,0x0000005e7bb00000)]
  0x000001a4f7825800 JavaThread "Unconstrained build operations Thread 5" [_thread_blocked, id=19604, stack(0x0000005e7bb00000,0x0000005e7bc00000)]
  0x000001a4f7827000 JavaThread "Unconstrained build operations Thread 6" [_thread_blocked, id=7912, stack(0x0000005e7bc00000,0x0000005e7bd00000)]
  0x000001a4f509e800 JavaThread "Unconstrained build operations Thread 7" [_thread_blocked, id=8920, stack(0x0000005e7bd00000,0x0000005e7be00000)]
  0x000001a4f509b000 JavaThread "Unconstrained build operations Thread 8" [_thread_blocked, id=7952, stack(0x0000005e7be00000,0x0000005e7bf00000)]
  0x000001a4f509c000 JavaThread "Unconstrained build operations Thread 9" [_thread_blocked, id=16584, stack(0x0000005e7bf00000,0x0000005e7c000000)]
  0x000001a4f509f000 JavaThread "Unconstrained build operations Thread 10" [_thread_blocked, id=628, stack(0x0000005e7c000000,0x0000005e7c100000)]
  0x000001a4f509d800 JavaThread "Unconstrained build operations Thread 11" [_thread_blocked, id=1604, stack(0x0000005e7c100000,0x0000005e7c200000)]
  0x000001a4f509d000 JavaThread "Unconstrained build operations Thread 12" [_thread_blocked, id=10940, stack(0x0000005e7c200000,0x0000005e7c300000)]
  0x000001a4f5099800 JavaThread "Unconstrained build operations Thread 13" [_thread_blocked, id=16576, stack(0x0000005e7c300000,0x0000005e7c400000)]
  0x000001a4f50a0000 JavaThread "Unconstrained build operations Thread 14" [_thread_blocked, id=5360, stack(0x0000005e7c400000,0x0000005e7c500000)]
  0x000001a4f509a800 JavaThread "Unconstrained build operations Thread 15" [_thread_blocked, id=8660, stack(0x0000005e7c500000,0x0000005e7c600000)]
  0x000001a4f50a1800 JavaThread "Unconstrained build operations Thread 16" [_thread_blocked, id=14976, stack(0x0000005e7c600000,0x0000005e7c700000)]
  0x000001a4f50a2800 JavaThread "Unconstrained build operations Thread 17" [_thread_blocked, id=21920, stack(0x0000005e7c700000,0x0000005e7c800000)]
  0x000001a4f50a4000 JavaThread "Unconstrained build operations Thread 18" [_thread_blocked, id=11016, stack(0x0000005e7c800000,0x0000005e7c900000)]
  0x000001a4f50a5000 JavaThread "Unconstrained build operations Thread 19" [_thread_blocked, id=1672, stack(0x0000005e7c900000,0x0000005e7ca00000)]
  0x000001a4f50a6000 JavaThread "Unconstrained build operations Thread 20" [_thread_blocked, id=13744, stack(0x0000005e7ca00000,0x0000005e7cb00000)]
  0x000001a4f50a3800 JavaThread "Unconstrained build operations Thread 21" [_thread_blocked, id=20772, stack(0x0000005e7cb00000,0x0000005e7cc00000)]
  0x000001a4f50a6800 JavaThread "Unconstrained build operations Thread 22" [_thread_blocked, id=21380, stack(0x0000005e7cc00000,0x0000005e7cd00000)]
  0x000001a4f50a1000 JavaThread "Unconstrained build operations Thread 23" [_thread_blocked, id=16040, stack(0x0000005e7cd00000,0x0000005e7ce00000)]
  0x000001a4f50a7800 JavaThread "Unconstrained build operations Thread 24" [_thread_blocked, id=19980, stack(0x0000005e7ce00000,0x0000005e7cf00000)]
  0x000001a4f50a8000 JavaThread "Unconstrained build operations Thread 25" [_thread_blocked, id=18904, stack(0x0000005e7cf00000,0x0000005e7d000000)]
  0x000001a4f667b000 JavaThread "Unconstrained build operations Thread 26" [_thread_blocked, id=18580, stack(0x0000005e7d000000,0x0000005e7d100000)]
  0x000001a4f667c800 JavaThread "Unconstrained build operations Thread 27" [_thread_blocked, id=6408, stack(0x0000005e7d100000,0x0000005e7d200000)]
  0x000001a4f667e000 JavaThread "Unconstrained build operations Thread 28" [_thread_blocked, id=17416, stack(0x0000005e7d200000,0x0000005e7d300000)]
  0x000001a4f667a000 JavaThread "Unconstrained build operations Thread 29" [_thread_blocked, id=10584, stack(0x0000005e7d300000,0x0000005e7d400000)]
  0x000001a4f667b800 JavaThread "Unconstrained build operations Thread 30" [_thread_blocked, id=15260, stack(0x0000005e7d400000,0x0000005e7d500000)]
  0x000001a4f667d000 JavaThread "Unconstrained build operations Thread 31" [_thread_blocked, id=13484, stack(0x0000005e7d500000,0x0000005e7d600000)]
  0x000001a4f667f000 JavaThread "Unconstrained build operations Thread 32" [_thread_blocked, id=19204, stack(0x0000005e7d600000,0x0000005e7d700000)]
  0x000001a4f6679000 JavaThread "Unconstrained build operations Thread 33" [_thread_blocked, id=19636, stack(0x0000005e7d700000,0x0000005e7d800000)]
  0x000001a4f6681800 JavaThread "Unconstrained build operations Thread 34" [_thread_blocked, id=1192, stack(0x0000005e7d800000,0x0000005e7d900000)]
  0x000001a4f6684800 JavaThread "Unconstrained build operations Thread 35" [_thread_blocked, id=7796, stack(0x0000005e7d900000,0x0000005e7da00000)]
  0x000001a4f6683800 JavaThread "Unconstrained build operations Thread 36" [_thread_blocked, id=11800, stack(0x0000005e7da00000,0x0000005e7db00000)]
  0x000001a4f6680800 JavaThread "Unconstrained build operations Thread 37" [_thread_blocked, id=3692, stack(0x0000005e7db00000,0x0000005e7dc00000)]
  0x000001a4f6685800 JavaThread "Unconstrained build operations Thread 38" [_thread_blocked, id=5888, stack(0x0000005e7dc00000,0x0000005e7dd00000)]
  0x000001a4f667f800 JavaThread "Unconstrained build operations Thread 39" [_thread_blocked, id=14592, stack(0x0000005e7dd00000,0x0000005e7de00000)]
  0x000001a4f6687000 JavaThread "Unconstrained build operations Thread 40" [_thread_blocked, id=19848, stack(0x0000005e7de00000,0x0000005e7df00000)]
  0x000001a4f6688000 JavaThread "build event listener" [_thread_blocked, id=5340, stack(0x0000005e7df00000,0x0000005e7e000000)]
  0x000001a4f6682000 JavaThread "Memory manager" [_thread_blocked, id=6888, stack(0x0000005e7e000000,0x0000005e7e100000)]

Other Threads:
=>0x000001a4f36d3000 VMThread "VM Thread" [stack: 0x0000005e78d00000,0x0000005e78e00000] [id=13400]
  0x000001a4f420d000 WatcherThread [stack: 0x0000005e79700000,0x0000005e79800000] [id=9192]
  0x000001a4d9add000 GCTaskThread "GC Thread#0" [stack: 0x0000005e78800000,0x0000005e78900000] [id=5556]
  0x000001a4f498f800 GCTaskThread "GC Thread#1" [stack: 0x0000005e79900000,0x0000005e79a00000] [id=15608]
  0x000001a4f4990800 GCTaskThread "GC Thread#2" [stack: 0x0000005e79a00000,0x0000005e79b00000] [id=18900]
  0x000001a4f637d000 GCTaskThread "GC Thread#3" [stack: 0x0000005e7a400000,0x0000005e7a500000] [id=2480]
  0x000001a4d9b0e000 ConcurrentGCThread "G1 Main Marker" [stack: 0x0000005e78900000,0x0000005e78a00000] [id=19100]
  0x000001a4d9b0f000 ConcurrentGCThread "G1 Conc#0" [stack: 0x0000005e78a00000,0x0000005e78b00000] [id=8464]
  0x000001a4f3530800 ConcurrentGCThread "G1 Refine#0" [stack: 0x0000005e78b00000,0x0000005e78c00000] [id=22068]
  0x000001a4f3531000 ConcurrentGCThread "G1 Young RemSet Sampling" [stack: 0x0000005e78c00000,0x0000005e78d00000] [id=6712]

Threads with active compile tasks:
C2 CompilerThread0    17606 7196 %     4       groovy.lang.MetaClassImpl::inheritInterfaceNewMetaMethods @ 100 (195 bytes)

VM state:at safepoint (normal execution)

VM Mutex/Monitor currently owned by a thread:  ([mutex/lock_event])
[0x000001a4d9abf200] Threads_lock - owner thread: 0x000001a4f36d3000
[0x000001a4d9ac05b0] Heap_lock - owner thread: 0x000001a4f6139800

Heap address: 0x0000000080000000, size: 2048 MB, Compressed Oops mode: 32-bit
Narrow klass base: 0x0000000000000000, Narrow klass shift: 3
Compressed class space size: 1073741824 Address: 0x0000000100000000

Heap:
 garbage-first heap   total 189440K, used 65175K [0x0000000080000000, 0x0000000100000000)
  region size 1024K, 4 young (4096K), 4 survivors (4096K)
 Metaspace       used 76030K, capacity 78002K, committed 78236K, reserved 1116160K
  class space    used 10011K, capacity 10749K, committed 10776K, reserved 1048576K
Heap Regions: E=young(eden), S=young(survivor), O=old, HS=humongous(starts), HC=humongous(continues), CS=collection set, F=free, A=archive, TAMS=top-at-mark-start (previous, next)
|   0|0x0000000080000000, 0x0000000080100000, 0x0000000080100000|100%|HS|  |TAMS 0x0000000080100000, 0x0000000080000000| Complete 
|   1|0x0000000080100000, 0x0000000080200000, 0x0000000080200000|100%|HC|  |TAMS 0x0000000080200000, 0x0000000080100000| Complete 
|   2|0x0000000080200000, 0x0000000080300000, 0x0000000080300000|100%|HC|  |TAMS 0x0000000080300000, 0x0000000080200000| Complete 
|   3|0x0000000080300000, 0x0000000080400000, 0x0000000080400000|100%| O|  |TAMS 0x0000000080400000, 0x0000000080300000| Untracked 
|   4|0x0000000080400000, 0x0000000080500000, 0x0000000080500000|100%| O|  |TAMS 0x0000000080500000, 0x0000000080400000| Untracked 
|   5|0x0000000080500000, 0x0000000080600000, 0x0000000080600000|100%| O|  |TAMS 0x0000000080600000, 0x0000000080500000| Untracked 
|   6|0x0000000080600000, 0x0000000080700000, 0x0000000080700000|100%| O|  |TAMS 0x0000000080700000, 0x0000000080600000| Untracked 
|   7|0x0000000080700000, 0x0000000080800000, 0x0000000080800000|100%| O|  |TAMS 0x0000000080800000, 0x0000000080700000| Untracked 
|   8|0x0000000080800000, 0x0000000080900000, 0x0000000080900000|100%| O|  |TAMS 0x0000000080900000, 0x0000000080800000| Untracked 
|   9|0x0000000080900000, 0x0000000080a00000, 0x0000000080a00000|100%| O|  |TAMS 0x0000000080a00000, 0x0000000080900000| Untracked 
|  10|0x0000000080a00000, 0x0000000080b00000, 0x0000000080b00000|100%| O|  |TAMS 0x0000000080b00000, 0x0000000080a00000| Untracked 
|  11|0x0000000080b00000, 0x0000000080c00000, 0x0000000080c00000|100%| O|  |TAMS 0x0000000080c00000, 0x0000000080b00000| Untracked 
|  12|0x0000000080c00000, 0x0000000080d00000, 0x0000000080d00000|100%| O|  |TAMS 0x0000000080d00000, 0x0000000080c00000| Untracked 
|  13|0x0000000080d00000, 0x0000000080e00000, 0x0000000080e00000|100%| O|  |TAMS 0x0000000080e00000, 0x0000000080d00000| Untracked 
|  14|0x0000000080e00000, 0x0000000080f00000, 0x0000000080f00000|100%| O|  |TAMS 0x0000000080f00000, 0x0000000080e00000| Untracked 
|  15|0x0000000080f00000, 0x0000000081000000, 0x0000000081000000|100%| O|  |TAMS 0x0000000081000000, 0x0000000080f00000| Untracked 
|  16|0x0000000081000000, 0x0000000081100000, 0x0000000081100000|100%| O|  |TAMS 0x0000000081100000, 0x0000000081000000| Untracked 
|  17|0x0000000081100000, 0x0000000081200000, 0x0000000081200000|100%| O|  |TAMS 0x0000000081200000, 0x0000000081100000| Untracked 
|  18|0x0000000081200000, 0x0000000081300000, 0x0000000081300000|100%|HS|  |TAMS 0x0000000081300000, 0x0000000081200000| Complete 
|  19|0x0000000081300000, 0x0000000081400000, 0x0000000081400000|100%| O|  |TAMS 0x0000000081400000, 0x0000000081300000| Untracked 
|  20|0x0000000081400000, 0x0000000081500000, 0x0000000081500000|100%| O|  |TAMS 0x0000000081500000, 0x0000000081400000| Untracked 
|  21|0x0000000081500000, 0x0000000081600000, 0x0000000081600000|100%| O|  |TAMS 0x0000000081600000, 0x0000000081500000| Untracked 
|  22|0x0000000081600000, 0x0000000081700000, 0x0000000081700000|100%| O|  |TAMS 0x0000000081700000, 0x0000000081600000| Untracked 
|  23|0x0000000081700000, 0x0000000081800000, 0x0000000081800000|100%| O|  |TAMS 0x0000000081800000, 0x0000000081700000| Untracked 
|  24|0x0000000081800000, 0x0000000081900000, 0x0000000081900000|100%| O|  |TAMS 0x0000000081900000, 0x0000000081800000| Untracked 
|  25|0x0000000081900000, 0x0000000081a00000, 0x0000000081a00000|100%| O|  |TAMS 0x0000000081a00000, 0x0000000081900000| Untracked 
|  26|0x0000000081a00000, 0x0000000081b00000, 0x0000000081b00000|100%| O|  |TAMS 0x0000000081b00000, 0x0000000081a00000| Untracked 
|  27|0x0000000081b00000, 0x0000000081c00000, 0x0000000081c00000|100%| O|  |TAMS 0x0000000081c00000, 0x0000000081b00000| Untracked 
|  28|0x0000000081c00000, 0x0000000081d00000, 0x0000000081d00000|100%| O|  |TAMS 0x0000000081d00000, 0x0000000081c00000| Untracked 
|  29|0x0000000081d00000, 0x0000000081e00000, 0x0000000081e00000|100%|HS|  |TAMS 0x0000000081e00000, 0x0000000081d00000| Complete 
|  30|0x0000000081e00000, 0x0000000081f00000, 0x0000000081f00000|100%| O|  |TAMS 0x0000000081f00000, 0x0000000081e00000| Untracked 
|  31|0x0000000081f00000, 0x0000000082000000, 0x0000000082000000|100%| O|  |TAMS 0x0000000082000000, 0x0000000081f00000| Untracked 
|  32|0x0000000082000000, 0x0000000082100000, 0x0000000082100000|100%| O|  |TAMS 0x0000000082100000, 0x0000000082000000| Untracked 
|  33|0x0000000082100000, 0x0000000082200000, 0x0000000082200000|100%| O|  |TAMS 0x0000000082200000, 0x0000000082100000| Untracked 
|  34|0x0000000082200000, 0x0000000082300000, 0x0000000082300000|100%| O|  |TAMS 0x0000000082300000, 0x0000000082200000| Untracked 
|  35|0x0000000082300000, 0x0000000082400000, 0x0000000082400000|100%| O|  |TAMS 0x0000000082400000, 0x0000000082300000| Untracked 
|  36|0x0000000082400000, 0x0000000082500000, 0x0000000082500000|100%| O|  |TAMS 0x0000000082500000, 0x0000000082400000| Untracked 
|  37|0x0000000082500000, 0x0000000082600000, 0x0000000082600000|100%| O|  |TAMS 0x0000000082600000, 0x0000000082500000| Untracked 
|  38|0x0000000082600000, 0x0000000082700000, 0x0000000082700000|100%| O|  |TAMS 0x0000000082700000, 0x0000000082600000| Untracked 
|  39|0x0000000082700000, 0x0000000082800000, 0x0000000082800000|100%| O|  |TAMS 0x0000000082800000, 0x0000000082700000| Untracked 
|  40|0x0000000082800000, 0x0000000082900000, 0x0000000082900000|100%| O|  |TAMS 0x0000000082900000, 0x0000000082800000| Untracked 
|  41|0x0000000082900000, 0x0000000082a00000, 0x0000000082a00000|100%| O|  |TAMS 0x0000000082a00000, 0x0000000082900000| Untracked 
|  42|0x0000000082a00000, 0x0000000082b00000, 0x0000000082b00000|100%| O|  |TAMS 0x0000000082b00000, 0x0000000082a00000| Untracked 
|  43|0x0000000082b00000, 0x0000000082c00000, 0x0000000082c00000|100%| O|  |TAMS 0x0000000082c00000, 0x0000000082b00000| Untracked 
|  44|0x0000000082c00000, 0x0000000082d00000, 0x0000000082d00000|100%| O|  |TAMS 0x0000000082d00000, 0x0000000082c00000| Untracked 
|  45|0x0000000082d00000, 0x0000000082e00000, 0x0000000082e00000|100%| O|  |TAMS 0x0000000082e00000, 0x0000000082d00000| Untracked 
|  46|0x0000000082e00000, 0x0000000082f00000, 0x0000000082f00000|100%| O|  |TAMS 0x0000000082f00000, 0x0000000082e00000| Untracked 
|  47|0x0000000082f00000, 0x0000000083000000, 0x0000000083000000|100%| O|  |TAMS 0x0000000083000000, 0x0000000082f00000| Untracked 
|  48|0x0000000083000000, 0x0000000083100000, 0x0000000083100000|100%| O|  |TAMS 0x0000000083100000, 0x0000000083000000| Untracked 
|  49|0x0000000083100000, 0x0000000083200000, 0x0000000083200000|100%| O|  |TAMS 0x0000000083200000, 0x0000000083100000| Untracked 
|  50|0x0000000083200000, 0x0000000083300000, 0x0000000083300000|100%| O|  |TAMS 0x0000000083300000, 0x0000000083200000| Untracked 
|  51|0x0000000083300000, 0x0000000083400000, 0x0000000083400000|100%| O|  |TAMS 0x0000000083400000, 0x0000000083300000| Untracked 
|  52|0x0000000083400000, 0x0000000083500000, 0x0000000083500000|100%| O|  |TAMS 0x0000000083500000, 0x0000000083400000| Untracked 
|  53|0x0000000083500000, 0x0000000083600000, 0x0000000083600000|100%| O|  |TAMS 0x0000000083600000, 0x0000000083500000| Untracked 
|  54|0x0000000083600000, 0x0000000083700000, 0x0000000083700000|100%| O|  |TAMS 0x0000000083622c00, 0x0000000083600000| Untracked 
|  55|0x0000000083700000, 0x0000000083800000, 0x0000000083800000|100%| O|  |TAMS 0x0000000083700000, 0x0000000083700000| Untracked 
|  56|0x0000000083800000, 0x0000000083900000, 0x0000000083900000|100%| O|  |TAMS 0x0000000083800000, 0x0000000083800000| Untracked 
|  57|0x0000000083900000, 0x0000000083a00000, 0x0000000083a00000|100%| O|  |TAMS 0x0000000083900000, 0x0000000083900000| Untracked 
|  58|0x0000000083a00000, 0x0000000083b00000, 0x0000000083b00000|100%| O|  |TAMS 0x0000000083a00000, 0x0000000083a00000| Untracked 
|  59|0x0000000083b00000, 0x0000000083c00000, 0x0000000083c00000|100%| O|  |TAMS 0x0000000083b00000, 0x0000000083b00000| Untracked 
|  60|0x0000000083c00000, 0x0000000083c5aa00, 0x0000000083d00000| 35%| O|  |TAMS 0x0000000083c00000, 0x0000000083c00000| Untracked 
|  61|0x0000000083d00000, 0x0000000083d00000, 0x0000000083e00000|  0%| F|  |TAMS 0x0000000083d00000, 0x0000000083d00000| Untracked 
|  62|0x0000000083e00000, 0x0000000083e00000, 0x0000000083f00000|  0%| F|  |TAMS 0x0000000083e00000, 0x0000000083e00000| Untracked 
|  63|0x0000000083f00000, 0x0000000083f00000, 0x0000000084000000|  0%| F|  |TAMS 0x0000000083f00000, 0x0000000083f00000| Untracked 
|  64|0x0000000084000000, 0x0000000084000000, 0x0000000084100000|  0%| F|  |TAMS 0x0000000084000000, 0x0000000084000000| Untracked 
|  65|0x0000000084100000, 0x0000000084100000, 0x0000000084200000|  0%| F|  |TAMS 0x0000000084100000, 0x0000000084100000| Untracked 
|  66|0x0000000084200000, 0x0000000084200000, 0x0000000084300000|  0%| F|  |TAMS 0x0000000084200000, 0x0000000084200000| Untracked 
|  67|0x0000000084300000, 0x0000000084300000, 0x0000000084400000|  0%| F|  |TAMS 0x0000000084300000, 0x0000000084300000| Untracked 
|  68|0x0000000084400000, 0x0000000084400000, 0x0000000084500000|  0%| F|  |TAMS 0x0000000084400000, 0x0000000084400000| Untracked 
|  69|0x0000000084500000, 0x0000000084500000, 0x0000000084600000|  0%| F|  |TAMS 0x0000000084500000, 0x0000000084500000| Untracked 
|  70|0x0000000084600000, 0x0000000084600000, 0x0000000084700000|  0%| F|  |TAMS 0x0000000084600000, 0x0000000084600000| Untracked 
|  71|0x0000000084700000, 0x0000000084700000, 0x0000000084800000|  0%| F|  |TAMS 0x0000000084700000, 0x0000000084700000| Untracked 
|  72|0x0000000084800000, 0x0000000084800000, 0x0000000084900000|  0%| F|  |TAMS 0x0000000084800000, 0x0000000084800000| Untracked 
|  73|0x0000000084900000, 0x0000000084900000, 0x0000000084a00000|  0%| F|  |TAMS 0x0000000084900000, 0x0000000084900000| Untracked 
|  74|0x0000000084a00000, 0x0000000084a00000, 0x0000000084b00000|  0%| F|  |TAMS 0x0000000084a00000, 0x0000000084a00000| Untracked 
|  75|0x0000000084b00000, 0x0000000084b00000, 0x0000000084c00000|  0%| F|  |TAMS 0x0000000084b00000, 0x0000000084b00000| Untracked 
|  76|0x0000000084c00000, 0x0000000084c00000, 0x0000000084d00000|  0%| F|  |TAMS 0x0000000084c00000, 0x0000000084c00000| Untracked 
|  77|0x0000000084d00000, 0x0000000084d00000, 0x0000000084e00000|  0%| F|  |TAMS 0x0000000084d00000, 0x0000000084d00000| Untracked 
|  78|0x0000000084e00000, 0x0000000084e00000, 0x0000000084f00000|  0%| F|  |TAMS 0x0000000084e00000, 0x0000000084e00000| Untracked 
|  79|0x0000000084f00000, 0x0000000084f00000, 0x0000000085000000|  0%| F|  |TAMS 0x0000000084f00000, 0x0000000084f00000| Untracked 
|  80|0x0000000085000000, 0x0000000085000000, 0x0000000085100000|  0%| F|  |TAMS 0x0000000085000000, 0x0000000085000000| Untracked 
|  81|0x0000000085100000, 0x0000000085100000, 0x0000000085200000|  0%| F|  |TAMS 0x0000000085100000, 0x0000000085100000| Untracked 
|  82|0x0000000085200000, 0x0000000085200000, 0x0000000085300000|  0%| F|  |TAMS 0x0000000085200000, 0x0000000085200000| Untracked 
|  83|0x0000000085300000, 0x0000000085300000, 0x0000000085400000|  0%| F|  |TAMS 0x0000000085300000, 0x0000000085300000| Untracked 
|  84|0x0000000085400000, 0x0000000085400000, 0x0000000085500000|  0%| F|  |TAMS 0x0000000085400000, 0x0000000085400000| Untracked 
|  85|0x0000000085500000, 0x0000000085500000, 0x0000000085600000|  0%| F|  |TAMS 0x0000000085500000, 0x0000000085500000| Untracked 
|  86|0x0000000085600000, 0x0000000085600000, 0x0000000085700000|  0%| F|  |TAMS 0x0000000085600000, 0x0000000085600000| Untracked 
|  87|0x0000000085700000, 0x0000000085700000, 0x0000000085800000|  0%| F|  |TAMS 0x0000000085700000, 0x0000000085700000| Untracked 
|  88|0x0000000085800000, 0x0000000085800000, 0x0000000085900000|  0%| F|  |TAMS 0x0000000085800000, 0x0000000085800000| Untracked 
|  89|0x0000000085900000, 0x0000000085900000, 0x0000000085a00000|  0%| F|  |TAMS 0x0000000085900000, 0x0000000085900000| Untracked 
|  90|0x0000000085a00000, 0x0000000085a00000, 0x0000000085b00000|  0%| F|  |TAMS 0x0000000085a00000, 0x0000000085a00000| Untracked 
|  91|0x0000000085b00000, 0x0000000085b00000, 0x0000000085c00000|  0%| F|  |TAMS 0x0000000085b00000, 0x0000000085b00000| Untracked 
|  92|0x0000000085c00000, 0x0000000085c00000, 0x0000000085d00000|  0%| F|  |TAMS 0x0000000085c00000, 0x0000000085c00000| Untracked 
|  93|0x0000000085d00000, 0x0000000085d4b410, 0x0000000085e00000| 29%| S|CS|TAMS 0x0000000085d00000, 0x0000000085d00000| Complete 
|  94|0x0000000085e00000, 0x0000000085f00000, 0x0000000085f00000|100%| S|CS|TAMS 0x0000000085e00000, 0x0000000085e00000| Complete 
|  95|0x0000000085f00000, 0x0000000086000000, 0x0000000086000000|100%| S|CS|TAMS 0x0000000085f00000, 0x0000000085f00000| Complete 
|  96|0x0000000086000000, 0x0000000086100000, 0x0000000086100000|100%| S|CS|TAMS 0x0000000086000000, 0x0000000086000000| Complete 
|  97|0x0000000086100000, 0x0000000086100000, 0x0000000086200000|  0%| F|  |TAMS 0x0000000086100000, 0x0000000086100000| Untracked 
|  98|0x0000000086200000, 0x0000000086200000, 0x0000000086300000|  0%| F|  |TAMS 0x0000000086200000, 0x0000000086200000| Untracked 
|  99|0x0000000086300000, 0x0000000086300000, 0x0000000086400000|  0%| F|  |TAMS 0x0000000086300000, 0x0000000086300000| Untracked 
| 100|0x0000000086400000, 0x0000000086400000, 0x0000000086500000|  0%| F|  |TAMS 0x0000000086400000, 0x0000000086400000| Untracked 
| 101|0x0000000086500000, 0x0000000086500000, 0x0000000086600000|  0%| F|  |TAMS 0x0000000086500000, 0x0000000086500000| Untracked 
| 102|0x0000000086600000, 0x0000000086600000, 0x0000000086700000|  0%| F|  |TAMS 0x0000000086600000, 0x0000000086600000| Untracked 
| 103|0x0000000086700000, 0x0000000086700000, 0x0000000086800000|  0%| F|  |TAMS 0x0000000086700000, 0x0000000086700000| Untracked 
| 104|0x0000000086800000, 0x0000000086800000, 0x0000000086900000|  0%| F|  |TAMS 0x0000000086800000, 0x0000000086800000| Untracked 
| 105|0x0000000086900000, 0x0000000086900000, 0x0000000086a00000|  0%| F|  |TAMS 0x0000000086900000, 0x0000000086900000| Untracked 
| 106|0x0000000086a00000, 0x0000000086a00000, 0x0000000086b00000|  0%| F|  |TAMS 0x0000000086a00000, 0x0000000086a00000| Untracked 
| 107|0x0000000086b00000, 0x0000000086b00000, 0x0000000086c00000|  0%| F|  |TAMS 0x0000000086b00000, 0x0000000086b00000| Untracked 
| 108|0x0000000086c00000, 0x0000000086c00000, 0x0000000086d00000|  0%| F|  |TAMS 0x0000000086c00000, 0x0000000086c00000| Untracked 
| 109|0x0000000086d00000, 0x0000000086d00000, 0x0000000086e00000|  0%| F|  |TAMS 0x0000000086d00000, 0x0000000086d00000| Untracked 
| 110|0x0000000086e00000, 0x0000000086e00000, 0x0000000086f00000|  0%| F|  |TAMS 0x0000000086e00000, 0x0000000086e00000| Untracked 
| 111|0x0000000086f00000, 0x0000000086f00000, 0x0000000087000000|  0%| F|  |TAMS 0x0000000086f00000, 0x0000000086f00000| Untracked 
| 112|0x0000000087000000, 0x0000000087000000, 0x0000000087100000|  0%| F|  |TAMS 0x0000000087000000, 0x0000000087000000| Untracked 
| 113|0x0000000087100000, 0x0000000087100000, 0x0000000087200000|  0%| F|  |TAMS 0x0000000087100000, 0x0000000087100000| Untracked 
| 114|0x0000000087200000, 0x0000000087200000, 0x0000000087300000|  0%| F|  |TAMS 0x0000000087200000, 0x0000000087200000| Untracked 
| 115|0x0000000087300000, 0x0000000087300000, 0x0000000087400000|  0%| F|  |TAMS 0x0000000087300000, 0x0000000087300000| Untracked 
| 116|0x0000000087400000, 0x0000000087400000, 0x0000000087500000|  0%| F|  |TAMS 0x0000000087400000, 0x0000000087400000| Untracked 
| 117|0x0000000087500000, 0x0000000087500000, 0x0000000087600000|  0%| F|  |TAMS 0x0000000087500000, 0x0000000087500000| Untracked 
| 118|0x0000000087600000, 0x0000000087600000, 0x0000000087700000|  0%| F|  |TAMS 0x0000000087600000, 0x0000000087600000| Untracked 
| 119|0x0000000087700000, 0x0000000087700000, 0x0000000087800000|  0%| F|  |TAMS 0x0000000087700000, 0x0000000087700000| Untracked 
| 120|0x0000000087800000, 0x0000000087800000, 0x0000000087900000|  0%| F|  |TAMS 0x0000000087800000, 0x0000000087800000| Untracked 
| 121|0x0000000087900000, 0x0000000087900000, 0x0000000087a00000|  0%| F|  |TAMS 0x0000000087900000, 0x0000000087900000| Untracked 
| 122|0x0000000087a00000, 0x0000000087a00000, 0x0000000087b00000|  0%| F|  |TAMS 0x0000000087a00000, 0x0000000087a00000| Untracked 
| 123|0x0000000087b00000, 0x0000000087b00000, 0x0000000087c00000|  0%| F|  |TAMS 0x0000000087b00000, 0x0000000087b00000| Untracked 
| 124|0x0000000087c00000, 0x0000000087c00000, 0x0000000087d00000|  0%| F|  |TAMS 0x0000000087c00000, 0x0000000087c00000| Untracked 
| 125|0x0000000087d00000, 0x0000000087d00000, 0x0000000087e00000|  0%| F|  |TAMS 0x0000000087d00000, 0x0000000087d00000| Untracked 
| 126|0x0000000087e00000, 0x0000000087e00000, 0x0000000087f00000|  0%| F|  |TAMS 0x0000000087e00000, 0x0000000087e00000| Untracked 
| 127|0x0000000087f00000, 0x0000000087f00000, 0x0000000088000000|  0%| F|  |TAMS 0x0000000087f00000, 0x0000000087f00000| Untracked 
| 128|0x0000000088000000, 0x0000000088000000, 0x0000000088100000|  0%| F|  |TAMS 0x0000000088000000, 0x0000000088000000| Untracked 
| 129|0x0000000088100000, 0x0000000088100000, 0x0000000088200000|  0%| F|  |TAMS 0x0000000088100000, 0x0000000088100000| Untracked 
| 130|0x0000000088200000, 0x0000000088200000, 0x0000000088300000|  0%| F|  |TAMS 0x0000000088200000, 0x0000000088200000| Untracked 
| 131|0x0000000088300000, 0x0000000088300000, 0x0000000088400000|  0%| F|  |TAMS 0x0000000088300000, 0x0000000088300000| Untracked 
| 132|0x0000000088400000, 0x0000000088400000, 0x0000000088500000|  0%| F|  |TAMS 0x0000000088400000, 0x0000000088400000| Untracked 
| 133|0x0000000088500000, 0x0000000088500000, 0x0000000088600000|  0%| F|  |TAMS 0x0000000088500000, 0x0000000088500000| Untracked 
| 134|0x0000000088600000, 0x0000000088600000, 0x0000000088700000|  0%| F|  |TAMS 0x0000000088600000, 0x0000000088600000| Untracked 
| 135|0x0000000088700000, 0x0000000088700000, 0x0000000088800000|  0%| F|  |TAMS 0x0000000088700000, 0x0000000088700000| Untracked 
| 136|0x0000000088800000, 0x0000000088800000, 0x0000000088900000|  0%| F|  |TAMS 0x0000000088800000, 0x0000000088800000| Untracked 
| 137|0x0000000088900000, 0x0000000088900000, 0x0000000088a00000|  0%| F|  |TAMS 0x0000000088900000, 0x0000000088900000| Untracked 
| 138|0x0000000088a00000, 0x0000000088a00000, 0x0000000088b00000|  0%| F|  |TAMS 0x0000000088a00000, 0x0000000088a00000| Untracked 
| 139|0x0000000088b00000, 0x0000000088b00000, 0x0000000088c00000|  0%| F|  |TAMS 0x0000000088b00000, 0x0000000088b00000| Untracked 
| 140|0x0000000088c00000, 0x0000000088c00000, 0x0000000088d00000|  0%| F|  |TAMS 0x0000000088c00000, 0x0000000088c00000| Untracked 
| 141|0x0000000088d00000, 0x0000000088d00000, 0x0000000088e00000|  0%| F|  |TAMS 0x0000000088d00000, 0x0000000088d00000| Untracked 
| 142|0x0000000088e00000, 0x0000000088e00000, 0x0000000088f00000|  0%| F|  |TAMS 0x0000000088e00000, 0x0000000088e00000| Untracked 
| 143|0x0000000088f00000, 0x0000000088f00000, 0x0000000089000000|  0%| F|  |TAMS 0x0000000088f00000, 0x0000000088f00000| Untracked 
| 144|0x0000000089000000, 0x0000000089000000, 0x0000000089100000|  0%| F|  |TAMS 0x0000000089000000, 0x0000000089000000| Untracked 
| 145|0x0000000089100000, 0x0000000089100000, 0x0000000089200000|  0%| F|  |TAMS 0x0000000089100000, 0x0000000089100000| Untracked 
| 146|0x0000000089200000, 0x0000000089200000, 0x0000000089300000|  0%| F|  |TAMS 0x0000000089200000, 0x0000000089200000| Untracked 
| 147|0x0000000089300000, 0x0000000089300000, 0x0000000089400000|  0%| F|  |TAMS 0x0000000089300000, 0x0000000089300000| Untracked 
| 148|0x0000000089400000, 0x0000000089400000, 0x0000000089500000|  0%| F|  |TAMS 0x0000000089400000, 0x0000000089400000| Untracked 
| 149|0x0000000089500000, 0x0000000089500000, 0x0000000089600000|  0%| F|  |TAMS 0x0000000089500000, 0x0000000089500000| Untracked 
| 150|0x0000000089600000, 0x0000000089600000, 0x0000000089700000|  0%| F|  |TAMS 0x0000000089600000, 0x0000000089600000| Untracked 
| 151|0x0000000089700000, 0x0000000089700000, 0x0000000089800000|  0%| F|  |TAMS 0x0000000089700000, 0x0000000089700000| Untracked 
| 152|0x0000000089800000, 0x0000000089800000, 0x0000000089900000|  0%| F|  |TAMS 0x0000000089800000, 0x0000000089800000| Untracked 
| 153|0x0000000089900000, 0x0000000089900000, 0x0000000089a00000|  0%| F|  |TAMS 0x0000000089900000, 0x0000000089900000| Untracked 

Card table byte_map: [0x000001a4ec9f0000,0x000001a4ecdf0000] _byte_map_base: 0x000001a4ec5f0000

Marking Bits (Prev, Next): (CMBitMap*) 0x000001a4d9b050b0, (CMBitMap*) 0x000001a4d9b05078
 Prev Bits: [0x000001a4ef1f0000, 0x000001a4f11f0000)
 Next Bits: [0x000001a4ed1f0000, 0x000001a4ef1f0000)

Polling page: 0x000001a4d7a00000

Metaspace:

Usage:
  Non-class:     65.68 MB capacity,    64.47 MB ( 98%) used,  1022.98 KB (  2%) free+waste,   210.50 KB ( <1%) overhead. 
      Class:     10.50 MB capacity,     9.78 MB ( 93%) used,   638.64 KB (  6%) free+waste,    99.31 KB ( <1%) overhead. 
       Both:     76.17 MB capacity,    74.25 MB ( 97%) used,     1.62 MB (  2%) free+waste,   309.81 KB ( <1%) overhead. 

Virtual space:
  Non-class space:       66.00 MB reserved,      65.88 MB (>99%) committed 
      Class space:        1.00 GB reserved,      10.52 MB (  1%) committed 
             Both:        1.06 GB reserved,      76.40 MB (  7%) committed 

Chunk freelists:
   Non-Class:  15.00 KB
       Class:  3.00 KB
        Both:  18.00 KB

MaxMetaspaceSize: 17179869184.00 GB
CompressedClassSpaceSize: 1.00 GB
Initial GC threshold: 20.80 MB
Current GC threshold: 120.88 MB
CDS: off

CodeHeap 'non-profiled nmethods': size=120064Kb used=4181Kb max_used=4181Kb free=115882Kb
 bounds [0x000001a4e50b0000, 0x000001a4e54d0000, 0x000001a4ec5f0000]
CodeHeap 'profiled nmethods': size=120000Kb used=15915Kb max_used=15915Kb free=104084Kb
 bounds [0x000001a4ddb80000, 0x000001a4deb10000, 0x000001a4e50b0000]
CodeHeap 'non-nmethods': size=5696Kb used=2366Kb max_used=2415Kb free=3329Kb
 bounds [0x000001a4dd5f0000, 0x000001a4dd860000, 0x000001a4ddb80000]
 total_blobs=8442 nmethods=7556 adapters=797
 compilation: enabled
              stopped_count=0, restarted_count=0
 full_count=0

Compilation events (20 events):
Event: 17.377 Thread 0x000001a4f40b3800 7623   !   2       jdk.internal.loader.BuiltinClassLoader$2::run (114 bytes)
Event: 17.377 Thread 0x000001a4f40b3800 nmethod 7623 0x000001a4deb05910 code [0x000001a4deb05b40, 0x000001a4deb06018]
Event: 17.378 Thread 0x000001a4f40b3800 7624 %     3       jdk.internal.loader.URLClassPath::findResource @ 3 (38 bytes)
Event: 17.378 Thread 0x000001a4f40b3800 nmethod 7624% 0x000001a4deb06310 code [0x000001a4deb06500, 0x000001a4deb06898]
Event: 17.388 Thread 0x000001a4f40b3800 7626       2       java.util.StringTokenizer::scanToken (179 bytes)
Event: 17.390 Thread 0x000001a4f40b3800 nmethod 7626 0x000001a4deb06a10 code [0x000001a4deb06c80, 0x000001a4deb07478]
Event: 17.390 Thread 0x000001a4f40b3800 7627       2       java.lang.ModuleLayer::boot (4 bytes)
Event: 17.390 Thread 0x000001a4f40b3800 nmethod 7627 0x000001a4deb07a10 code [0x000001a4deb07bc0, 0x000001a4deb07cb8]
Event: 17.404 Thread 0x000001a4f40b3800 7628       2       java.security.CodeSource::getCertificates (98 bytes)
Event: 17.405 Thread 0x000001a4f40b3800 nmethod 7628 0x000001a4deb07d10 code [0x000001a4deb07f20, 0x000001a4deb08408]
Event: 17.454 Thread 0x000001a4f40b3800 7629       2       java.lang.StackTraceElement::<init> (10 bytes)
Event: 17.454 Thread 0x000001a4f40b3800 nmethod 7629 0x000001a4deb08610 code [0x000001a4deb087c0, 0x000001a4deb088b8]
Event: 17.454 Thread 0x000001a4f40b3800 7630  s!   2       java.lang.StackTraceElement::computeFormat (71 bytes)
Event: 17.455 Thread 0x000001a4f40b3800 nmethod 7630 0x000001a4deb08990 code [0x000001a4deb08b60, 0x000001a4deb08fd8]
Event: 17.455 Thread 0x000001a4f40b3800 7631       2       java.lang.StackTraceElement::isHashedInJavaBase (31 bytes)
Event: 17.455 Thread 0x000001a4f40b3800 nmethod 7631 0x000001a4deb09190 code [0x000001a4deb09360, 0x000001a4deb09538]
Event: 17.455 Thread 0x000001a4f40b3800 7632       2       java.lang.Module::getLayer (43 bytes)
Event: 17.455 Thread 0x000001a4f40b3800 nmethod 7632 0x000001a4deb09610 code [0x000001a4deb097e0, 0x000001a4deb09988]
Event: 17.495 Thread 0x000001a4f40b3800 7633       2       java.lang.reflect.ProxyGenerator::addProxyMethod (233 bytes)
Event: 17.498 Thread 0x000001a4f40b3800 nmethod 7633 0x000001a4deb09a90 code [0x000001a4deb09d80, 0x000001a4deb0a888]

GC Heap History (20 events):
Event: 7.174 GC heap after
{Heap after GC invocations=7 (full 0):
 garbage-first heap   total 131072K, used 22331K [0x0000000080000000, 0x0000000100000000)
  region size 1024K, 6 young (6144K), 6 survivors (6144K)
 Metaspace       used 33379K, capacity 34244K, committed 34556K, reserved 1079296K
  class space    used 4467K, capacity 4816K, committed 4940K, reserved 1048576K
}
Event: 7.352 GC heap before
{Heap before GC invocations=7 (full 0):
 garbage-first heap   total 131072K, used 27451K [0x0000000080000000, 0x0000000100000000)
  region size 1024K, 12 young (12288K), 6 survivors (6144K)
 Metaspace       used 35069K, capacity 35965K, committed 36048K, reserved 1081344K
  class space    used 4566K, capacity 4921K, committed 4940K, reserved 1048576K
}
Event: 7.362 GC heap after
{Heap after GC invocations=8 (full 0):
 garbage-first heap   total 131072K, used 23799K [0x0000000080000000, 0x0000000100000000)
  region size 1024K, 6 young (6144K), 6 survivors (6144K)
 Metaspace       used 35069K, capacity 35965K, committed 36048K, reserved 1081344K
  class space    used 4566K, capacity 4921K, committed 4940K, reserved 1048576K
}
Event: 8.385 GC heap before
{Heap before GC invocations=9 (full 0):
 garbage-first heap   total 131072K, used 84215K [0x0000000080000000, 0x0000000100000000)
  region size 1024K, 63 young (64512K), 6 survivors (6144K)
 Metaspace       used 40689K, capacity 41695K, committed 41884K, reserved 1085440K
  class space    used 5139K, capacity 5523K, committed 5656K, reserved 1048576K
}
Event: 8.406 GC heap after
{Heap after GC invocations=10 (full 0):
 garbage-first heap   total 131072K, used 28388K [0x0000000080000000, 0x0000000100000000)
  region size 1024K, 8 young (8192K), 8 survivors (8192K)
 Metaspace       used 40689K, capacity 41695K, committed 41884K, reserved 1085440K
  class space    used 5139K, capacity 5523K, committed 5656K, reserved 1048576K
}
Event: 9.527 GC heap before
{Heap before GC invocations=11 (full 0):
 garbage-first heap   total 131072K, used 87780K [0x0000000080000000, 0x0000000100000000)
  region size 1024K, 65 young (66560K), 8 survivors (8192K)
 Metaspace       used 45626K, capacity 46738K, committed 46876K, reserved 1089536K
  class space    used 5792K, capacity 6190K, committed 6296K, reserved 1048576K
}
Event: 9.541 GC heap after
{Heap after GC invocations=12 (full 0):
 garbage-first heap   total 131072K, used 32181K [0x0000000080000000, 0x0000000100000000)
  region size 1024K, 4 young (4096K), 4 survivors (4096K)
 Metaspace       used 45626K, capacity 46738K, committed 46876K, reserved 1089536K
  class space    used 5792K, capacity 6190K, committed 6296K, reserved 1048576K
}
Event: 10.708 GC heap before
{Heap before GC invocations=12 (full 0):
 garbage-first heap   total 131072K, used 90549K [0x0000000080000000, 0x0000000100000000)
  region size 1024K, 61 young (62464K), 4 survivors (4096K)
 Metaspace       used 49162K, capacity 50473K, committed 50716K, reserved 1093632K
  class space    used 6262K, capacity 6755K, committed 6808K, reserved 1048576K
}
Event: 10.717 GC heap after
{Heap after GC invocations=13 (full 0):
 garbage-first heap   total 157696K, used 33704K [0x0000000080000000, 0x0000000100000000)
  region size 1024K, 6 young (6144K), 6 survivors (6144K)
 Metaspace       used 49162K, capacity 50473K, committed 50716K, reserved 1093632K
  class space    used 6262K, capacity 6755K, committed 6808K, reserved 1048576K
}
Event: 12.260 GC heap before
{Heap before GC invocations=13 (full 0):
 garbage-first heap   total 157696K, used 107432K [0x0000000080000000, 0x0000000100000000)
  region size 1024K, 76 young (77824K), 6 survivors (6144K)
 Metaspace       used 56000K, capacity 57455K, committed 57756K, reserved 1099776K
  class space    used 7060K, capacity 7590K, committed 7704K, reserved 1048576K
}
Event: 12.273 GC heap after
{Heap after GC invocations=14 (full 0):
 garbage-first heap   total 157696K, used 44582K [0x0000000080000000, 0x0000000100000000)
  region size 1024K, 10 young (10240K), 10 survivors (10240K)
 Metaspace       used 56000K, capacity 57455K, committed 57756K, reserved 1099776K
  class space    used 7060K, capacity 7590K, committed 7704K, reserved 1048576K
}
Event: 13.898 GC heap before
{Heap before GC invocations=14 (full 0):
 garbage-first heap   total 157696K, used 119334K [0x0000000080000000, 0x0000000100000000)
  region size 1024K, 76 young (77824K), 10 survivors (10240K)
 Metaspace       used 62943K, capacity 64667K, committed 64924K, reserved 1105920K
  class space    used 7952K, capacity 8603K, committed 8728K, reserved 1048576K
}
Event: 13.914 GC heap after
{Heap after GC invocations=15 (full 0):
 garbage-first heap   total 157696K, used 50964K [0x0000000080000000, 0x0000000100000000)
  region size 1024K, 6 young (6144K), 6 survivors (6144K)
 Metaspace       used 62943K, capacity 64667K, committed 64924K, reserved 1105920K
  class space    used 7952K, capacity 8603K, committed 8728K, reserved 1048576K
}
Event: 14.838 GC heap before
{Heap before GC invocations=15 (full 0):
 garbage-first heap   total 157696K, used 116500K [0x0000000080000000, 0x0000000100000000)
  region size 1024K, 69 young (70656K), 6 survivors (6144K)
 Metaspace       used 65429K, capacity 67282K, committed 67612K, reserved 1107968K
  class space    used 8313K, capacity 9017K, committed 9112K, reserved 1048576K
}
Event: 14.850 GC heap after
{Heap after GC invocations=16 (full 0):
 garbage-first heap   total 157696K, used 55957K [0x0000000080000000, 0x0000000100000000)
  region size 1024K, 5 young (5120K), 5 survivors (5120K)
 Metaspace       used 65429K, capacity 67282K, committed 67612K, reserved 1107968K
  class space    used 8313K, capacity 9017K, committed 9112K, reserved 1048576K
}
Event: 15.474 GC heap before
{Heap before GC invocations=16 (full 0):
 garbage-first heap   total 157696K, used 91797K [0x0000000080000000, 0x0000000100000000)
  region size 1024K, 41 young (41984K), 5 survivors (5120K)
 Metaspace       used 67916K, capacity 69667K, committed 69808K, reserved 1110016K
  class space    used 8682K, capacity 9341K, committed 9368K, reserved 1048576K
}
Event: 15.487 GC heap after
{Heap after GC invocations=17 (full 0):
 garbage-first heap   total 157696K, used 57855K [0x0000000080000000, 0x0000000100000000)
  region size 1024K, 7 young (7168K), 7 survivors (7168K)
 Metaspace       used 67916K, capacity 69667K, committed 69808K, reserved 1110016K
  class space    used 8682K, capacity 9341K, committed 9368K, reserved 1048576K
}
Event: 16.573 GC heap before
{Heap before GC invocations=18 (full 0):
 garbage-first heap   total 157696K, used 118271K [0x0000000080000000, 0x0000000100000000)
  region size 1024K, 66 young (67584K), 7 survivors (7168K)
 Metaspace       used 71954K, capacity 73791K, committed 74012K, reserved 1114112K
  class space    used 9380K, capacity 10064K, committed 10136K, reserved 1048576K
}
Event: 16.590 GC heap after
{Heap after GC invocations=19 (full 0):
 garbage-first heap   total 157696K, used 62176K [0x0000000080000000, 0x0000000100000000)
  region size 1024K, 7 young (7168K), 7 survivors (7168K)
 Metaspace       used 71954K, capacity 73791K, committed 74012K, reserved 1114112K
  class space    used 9380K, capacity 10064K, committed 10136K, reserved 1048576K
}
Event: 17.560 GC heap before
{Heap before GC invocations=20 (full 0):
 garbage-first heap   total 157696K, used 120544K [0x0000000080000000, 0x0000000100000000)
  region size 1024K, 64 young (65536K), 7 survivors (7168K)
 Metaspace       used 76030K, capacity 78002K, committed 78236K, reserved 1116160K
  class space    used 10011K, capacity 10749K, committed 10776K, reserved 1048576K
}

Deoptimization events (20 events):
Event: 17.026 Thread 0x000001a4f6139800 Uncommon trap: trap_request=0xffffff4d fr.pc=0x000001a4e541e51c relative=0x0000000000002b1c
Event: 17.026 Thread 0x000001a4f6139800 Uncommon trap: reason=unstable_if action=reinterpret pc=0x000001a4e541e51c method=java.util.HashMap.getNode(ILjava/lang/Object;)Ljava/util/HashMap$Node; @ 84 c2
Event: 17.026 Thread 0x000001a4f6139800 DEOPT PACKING pc=0x000001a4e541e51c sp=0x0000005e7a0f91b0
Event: 17.026 Thread 0x000001a4f6139800 DEOPT UNPACKING pc=0x000001a4dd63a1af sp=0x0000005e7a0f90a8 mode 2
Event: 17.026 Thread 0x000001a4f6139800 Uncommon trap: trap_request=0xffffff4d fr.pc=0x000001a4e5434c44 relative=0x0000000000000284
Event: 17.026 Thread 0x000001a4f6139800 Uncommon trap: reason=unstable_if action=reinterpret pc=0x000001a4e5434c44 method=java.util.HashMap.getNode(ILjava/lang/Object;)Ljava/util/HashMap$Node; @ 84 c2
Event: 17.026 Thread 0x000001a4f6139800 DEOPT PACKING pc=0x000001a4e5434c44 sp=0x0000005e7a0f9170
Event: 17.026 Thread 0x000001a4f6139800 DEOPT UNPACKING pc=0x000001a4dd63a1af sp=0x0000005e7a0f9090 mode 2
Event: 17.026 Thread 0x000001a4f6139800 Uncommon trap: trap_request=0xffffff4d fr.pc=0x000001a4e531e158 relative=0x0000000000000198
Event: 17.026 Thread 0x000001a4f6139800 Uncommon trap: reason=unstable_if action=reinterpret pc=0x000001a4e531e158 method=java.util.HashMap.getNode(ILjava/lang/Object;)Ljava/util/HashMap$Node; @ 84 c2
Event: 17.026 Thread 0x000001a4f6139800 DEOPT PACKING pc=0x000001a4e531e158 sp=0x0000005e7a0f9110
Event: 17.026 Thread 0x000001a4f6139800 DEOPT UNPACKING pc=0x000001a4dd63a1af sp=0x0000005e7a0f9098 mode 2
Event: 17.353 Thread 0x000001a4f6139800 Uncommon trap: trap_request=0xffffff4d fr.pc=0x000001a4e53721dc relative=0x0000000000001b3c
Event: 17.353 Thread 0x000001a4f6139800 Uncommon trap: reason=unstable_if action=reinterpret pc=0x000001a4e53721dc method=sun.nio.fs.WindowsPathParser.normalize(Ljava/lang/StringBuilder;Ljava/lang/String;I)Ljava/lang/String; @ 172 c2
Event: 17.353 Thread 0x000001a4f6139800 DEOPT PACKING pc=0x000001a4e53721dc sp=0x0000005e7a0f8ed0
Event: 17.353 Thread 0x000001a4f6139800 DEOPT UNPACKING pc=0x000001a4dd63a1af sp=0x0000005e7a0f8ec0 mode 2
Event: 17.387 Thread 0x000001a4f6139800 Uncommon trap: trap_request=0xffffff4d fr.pc=0x000001a4e549fb18 relative=0x0000000000000258
Event: 17.387 Thread 0x000001a4f6139800 Uncommon trap: reason=unstable_if action=reinterpret pc=0x000001a4e549fb18 method=java.util.StringTokenizer.scanToken(I)I @ 42 c2
Event: 17.387 Thread 0x000001a4f6139800 DEOPT PACKING pc=0x000001a4e549fb18 sp=0x0000005e7a0f8ea0
Event: 17.387 Thread 0x000001a4f6139800 DEOPT UNPACKING pc=0x000001a4dd63a1af sp=0x0000005e7a0f8e30 mode 2

Classes redefined (0 events):
No events

Internal exceptions (20 events):
Event: 16.596 Thread 0x000001a4f6139800 Exception <a 'java/lang/ClassNotFoundException'{0x000000008970f5e0}: org/gradle/api/internal/AbstractValidatingNamedDomainObjectContainerCustomizer> (0x000000008970f5e0) thrown at [src/hotspot/share/classfile/systemDictionary.cpp, line 230]
Event: 16.601 Thread 0x000001a4f6139800 Exception <a 'java/lang/ClassNotFoundException'{0x000000008974a8e8}: org/gradle/api/internal/artifacts/configurations/DefaultConfigurationContainerCustomizer> (0x000000008974a8e8) thrown at [src/hotspot/share/classfile/systemDictionary.cpp, line 230]
Event: 16.603 Thread 0x000001a4f6139800 Exception <a 'java/lang/ClassNotFoundException'{0x0000000089790bc0}: org/gradle/api/internal/artifacts/configurations/DefaultConfigurationContainer_DecoratedCustomizer> (0x0000000089790bc0) thrown at [src/hotspot/share/classfile/systemDictionary.cpp, line 230]
Event: 16.616 Thread 0x000001a4f6139800 Exception <a 'java/lang/ClassNotFoundException'{0x000000008942dbb0}: org/gradle/api/internal/artifacts/configurations/DefaultConfiguration_DecoratedBeanInfo> (0x000000008942dbb0) thrown at [src/hotspot/share/classfile/systemDictionary.cpp, line 230]
Event: 16.617 Thread 0x000001a4f6139800 Exception <a 'java/lang/ClassNotFoundException'{0x000000008945d580}: org/gradle/api/internal/artifacts/configurations/DefaultConfigurationBeanInfo> (0x000000008945d580) thrown at [src/hotspot/share/classfile/systemDictionary.cpp, line 230]
Event: 16.618 Thread 0x000001a4f6139800 Exception <a 'java/lang/ClassNotFoundException'{0x0000000089479a10}: org/gradle/api/internal/file/AbstractFileCollectionBeanInfo> (0x0000000089479a10) thrown at [src/hotspot/share/classfile/systemDictionary.cpp, line 230]
Event: 16.619 Thread 0x000001a4f6139800 Exception <a 'java/lang/ClassNotFoundException'{0x0000000089496408}: org/gradle/api/internal/file/AbstractFileCollectionCustomizer> (0x0000000089496408) thrown at [src/hotspot/share/classfile/systemDictionary.cpp, line 230]
Event: 16.621 Thread 0x000001a4f6139800 Exception <a 'java/lang/ClassNotFoundException'{0x00000000894d7898}: org/gradle/api/internal/artifacts/configurations/DefaultConfigurationCustomizer> (0x00000000894d7898) thrown at [src/hotspot/share/classfile/systemDictionary.cpp, line 230]
Event: 16.627 Thread 0x000001a4f6139800 Exception <a 'java/lang/ClassNotFoundException'{0x000000008936b620}: org/gradle/api/internal/artifacts/configurations/DefaultConfiguration_DecoratedCustomizer> (0x000000008936b620) thrown at [src/hotspot/share/classfile/systemDictionary.cpp, line 230]
Event: 16.640 Thread 0x000001a4f6139800 Exception <a 'java/lang/ClassNotFoundException'{0x00000000891fec08}: org/codehaus/groovy/runtime/MethodClosureBeanInfo> (0x00000000891fec08) thrown at [src/hotspot/share/classfile/systemDictionary.cpp, line 230]
Event: 16.643 Thread 0x000001a4f6139800 Exception <a 'java/lang/ClassNotFoundException'{0x0000000088fda140}: org/codehaus/groovy/runtime/MethodClosureCustomizer> (0x0000000088fda140) thrown at [src/hotspot/share/classfile/systemDictionary.cpp, line 230]
Event: 16.647 Thread 0x000001a4f6139800 Exception <a 'java/lang/ClassNotFoundException'{0x0000000088e4aaf8}: org/gradle/api/internal/artifacts/configurations/DefaultConfiguration$ConfigurationResolvableDependencies_DecoratedBeanInfo> (0x0000000088e4aaf8) thrown at [src/hotspot/share/classfile/systemDictionary.cpp, line 230]
Event: 16.648 Thread 0x000001a4f6139800 Exception <a 'java/lang/ClassNotFoundException'{0x0000000088e839c8}: org/gradle/api/internal/artifacts/configurations/DefaultConfiguration$ConfigurationResolvableDependenciesBeanInfo> (0x0000000088e839c8) thrown at [src/hotspot/share/classfile/systemDictionary.cpp, line 230]
Event: 16.649 Thread 0x000001a4f6139800 Exception <a 'java/lang/ClassNotFoundException'{0x0000000088ebd870}: org/gradle/api/internal/artifacts/configurations/DefaultConfiguration$ConfigurationResolvableDependenciesCustomizer> (0x0000000088ebd870) thrown at [src/hotspot/share/classfile/systemDictionary.cpp, line 230]
Event: 16.651 Thread 0x000001a4f6139800 Exception <a 'java/lang/ClassNotFoundException'{0x0000000088d08a80}: org/gradle/api/internal/artifacts/configurations/DefaultConfiguration$ConfigurationResolvableDependencies_DecoratedCustomizer> (0x0000000088d08a80) thrown at [src/hotspot/share/classfile/systemDictionary.cpp, line 230]
Event: 17.090 Thread 0x000001a4f6139800 Exception <a 'java/lang/NoSuchMethodError'{0x0000000087c191e0}: 'java.lang.Object java.lang.invoke.DirectMethodHandle$Holder.invokeStatic(java.lang.Object, java.lang.Object, java.lang.Object, java.lang.Object, java.lang.Object, java.lang.Object, int)'> (0x0000000087c191e0) thrown at [src/hotspot/share/interpreter/linkResolver.cpp, line 773]
Event: 17.091 Thread 0x000001a4f6139800 Exception <a 'java/lang/NoSuchMethodError'{0x0000000087c30e60}: 'java.lang.Object java.lang.invoke.DirectMethodHandle$Holder.invokeStatic(java.lang.Object, java.lang.Object, java.lang.Object, java.lang.Object, java.lang.Object, java.lang.Object, int, int)'> (0x0000000087c30e60) thrown at [src/hotspot/share/interpreter/linkResolver.cpp, line 773]
Event: 17.092 Thread 0x000001a4f6139800 Exception <a 'java/lang/NoSuchMethodError'{0x0000000087c49418}: 'java.lang.Object java.lang.invoke.DirectMethodHandle$Holder.invokeStatic(java.lang.Object, java.lang.Object, java.lang.Object, java.lang.Object, java.lang.Object, java.lang.Object, int, int, java.lang.Object)'> (0x0000000087c49418) thrown at [src/hotspot/share/interpreter/linkResolver.cpp, line 773]
Event: 17.301 Thread 0x000001a4f6139800 Exception <a 'sun/nio/fs/WindowsException'{0x0000000087114e50}> (0x0000000087114e50) thrown at [src/hotspot/share/prims/jni.cpp, line 617]
Event: 17.438 Thread 0x000001a4f6139800 Exception <a 'java/lang/NullPointerException'{0x0000000086790bb8}> (0x0000000086790bb8) thrown at [src/hotspot/share/interpreter/linkResolver.cpp, line 1440]

Events (20 events):
Event: 17.554 loading class javax/xml/bind/annotation/XmlInlineBinaryData done
Event: 17.555 loading class javax/xml/bind/annotation/XmlMimeType
Event: 17.555 loading class javax/xml/bind/annotation/XmlMimeType done
Event: 17.556 loading class javax/xml/bind/annotation/XmlAttachmentRef
Event: 17.556 loading class javax/xml/bind/annotation/XmlAttachmentRef done
Event: 17.556 loading class javax/xml/bind/annotation/XmlElementWrapper
Event: 17.556 loading class javax/xml/bind/annotation/XmlElementWrapper done
Event: 17.557 loading class javax/xml/bind/annotation/XmlList
Event: 17.557 loading class javax/xml/bind/annotation/XmlList done
Event: 17.557 loading class javax/xml/bind/annotation/XmlAnyAttribute
Event: 17.557 loading class javax/xml/bind/annotation/XmlAnyAttribute done
Event: 17.558 loading class javax/xml/bind/annotation/XmlElements
Event: 17.558 loading class javax/xml/bind/annotation/XmlElements done
Event: 17.558 loading class javax/xml/bind/annotation/XmlAnyElement
Event: 17.558 loading class javax/xml/bind/annotation/XmlAnyElement done
Event: 17.559 loading class javax/xml/bind/annotation/XmlMixed
Event: 17.559 loading class javax/xml/bind/annotation/XmlMixed done
Event: 17.559 loading class com/sun/xml/bind/annotation/OverrideAnnotationOf
Event: 17.559 loading class com/sun/xml/bind/annotation/OverrideAnnotationOf done
Event: 17.560 Executing VM operation: G1CollectForAllocation


Dynamic libraries:
0x00007ff755b40000 - 0x00007ff755b4a000 	D:\Program Files\Android Studio\jbr\bin\java.exe
0x00007ffd90af0000 - 0x00007ffd90ce8000 	C:\WINDOWS\SYSTEM32\ntdll.dll
0x00007ffd8ed20000 - 0x00007ffd8eddd000 	C:\WINDOWS\System32\KERNEL32.DLL
0x00007ffd8e5a0000 - 0x00007ffd8e86e000 	C:\WINDOWS\System32\KERNELBASE.dll
0x00007ffd8e3e0000 - 0x00007ffd8e4e0000 	C:\WINDOWS\System32\ucrtbase.dll
0x00007ffd4ef60000 - 0x00007ffd4ef7b000 	D:\Program Files\Android Studio\jbr\bin\VCRUNTIME140.dll
0x00007ffd50d00000 - 0x00007ffd50d17000 	D:\Program Files\Android Studio\jbr\bin\jli.dll
0x00007ffd90130000 - 0x00007ffd902d0000 	C:\WINDOWS\System32\USER32.dll
0x00007ffd8e870000 - 0x00007ffd8e892000 	C:\WINDOWS\System32\win32u.dll
0x00007ffd69c40000 - 0x00007ffd69eda000 	C:\WINDOWS\WinSxS\amd64_microsoft.windows.common-controls_6595b64144ccf1df_6.0.19041.1110_none_60b5254171f9507e\COMCTL32.dll
0x00007ffd8f760000 - 0x00007ffd8f78a000 	C:\WINDOWS\System32\GDI32.dll
0x00007ffd8e950000 - 0x00007ffd8ea5b000 	C:\WINDOWS\System32\gdi32full.dll
0x00007ffd90970000 - 0x00007ffd90a0e000 	C:\WINDOWS\System32\msvcrt.dll
0x00007ffd8ea60000 - 0x00007ffd8eafd000 	C:\WINDOWS\System32\msvcp_win.dll
0x00007ffd8fa20000 - 0x00007ffd8fa50000 	C:\WINDOWS\System32\IMM32.DLL
0x00007ffd7b600000 - 0x00007ffd7b60c000 	D:\Program Files\Android Studio\jbr\bin\vcruntime140_1.dll
0x00007ffd47a10000 - 0x00007ffd47a9d000 	D:\Program Files\Android Studio\jbr\bin\msvcp140.dll
0x00007ffcf05a0000 - 0x00007ffcf115c000 	D:\Program Files\Android Studio\jbr\bin\server\jvm.dll
0x00007ffd8fb00000 - 0x00007ffd8fbae000 	C:\WINDOWS\System32\ADVAPI32.dll
0x00007ffd8f6c0000 - 0x00007ffd8f75c000 	C:\WINDOWS\System32\sechost.dll
0x00007ffd8ede0000 - 0x00007ffd8ef05000 	C:\WINDOWS\System32\RPCRT4.dll
0x00007ffd90960000 - 0x00007ffd90968000 	C:\WINDOWS\System32\PSAPI.DLL
0x00007ffd84fc0000 - 0x00007ffd84fc9000 	C:\WINDOWS\SYSTEM32\WSOCK32.dll
0x00007ffd8fbb0000 - 0x00007ffd8fc1b000 	C:\WINDOWS\System32\WS2_32.dll
0x00007ffd6f350000 - 0x00007ffd6f377000 	C:\WINDOWS\SYSTEM32\WINMM.dll
0x00007ffd82dc0000 - 0x00007ffd82dca000 	C:\WINDOWS\SYSTEM32\VERSION.dll
0x00007ffd8c0c0000 - 0x00007ffd8c0d2000 	C:\WINDOWS\SYSTEM32\kernel.appcore.dll
0x00007ffd8b9f0000 - 0x00007ffd8ba00000 	D:\Program Files\Android Studio\jbr\bin\verify.dll
0x00007ffd84db0000 - 0x00007ffd84f94000 	C:\WINDOWS\SYSTEM32\DBGHELP.DLL
0x00007ffd6c740000 - 0x00007ffd6c76c000 	C:\WINDOWS\SYSTEM32\dbgcore.DLL
0x00007ffd8e4e0000 - 0x00007ffd8e562000 	C:\WINDOWS\System32\bcryptPrimitives.dll
0x00007ffd563c0000 - 0x00007ffd563e8000 	D:\Program Files\Android Studio\jbr\bin\java.dll
0x00007ffd85030000 - 0x00007ffd8503a000 	D:\Program Files\Android Studio\jbr\bin\jimage.dll
0x00007ffd77760000 - 0x00007ffd77778000 	D:\Program Files\Android Studio\jbr\bin\zip.dll
0x00007ffd8ef10000 - 0x00007ffd8f653000 	C:\WINDOWS\System32\SHELL32.dll
0x00007ffd8c2c0000 - 0x00007ffd8ca55000 	C:\WINDOWS\SYSTEM32\windows.storage.dll
0x00007ffd8fdd0000 - 0x00007ffd90124000 	C:\WINDOWS\System32\combase.dll
0x00007ffd8dac0000 - 0x00007ffd8daf0000 	C:\WINDOWS\SYSTEM32\Wldp.dll
0x00007ffd8fa50000 - 0x00007ffd8fafd000 	C:\WINDOWS\System32\SHCORE.dll
0x00007ffd90900000 - 0x00007ffd90955000 	C:\WINDOWS\System32\shlwapi.dll
0x00007ffd8e150000 - 0x00007ffd8e16f000 	C:\WINDOWS\SYSTEM32\profapi.dll
0x00007ffd62700000 - 0x00007ffd62719000 	D:\Program Files\Android Studio\jbr\bin\net.dll
0x00007ffd7d090000 - 0x00007ffd7d19a000 	C:\WINDOWS\SYSTEM32\WINHTTP.dll
0x00007ffd8d8a0000 - 0x00007ffd8d90a000 	C:\WINDOWS\system32\mswsock.dll
0x00007ffd5e850000 - 0x00007ffd5e863000 	D:\Program Files\Android Studio\jbr\bin\nio.dll
0x00007ffd4e940000 - 0x00007ffd4e967000 	C:\Users\Teodora\.gradle\native\e1d6ef7f7dcc3fd88c89a11ec53ec762bb8ba0a96d01ffa2cd45eb1d1d8dd5c5\windows-amd64\native-platform.dll
0x00007ffd36ca0000 - 0x00007ffd36de4000 	C:\Users\Teodora\.gradle\native\0d407fdbe67a94daf76414ababcb853783967236a71b16ec16e742cd7a986fd3\windows-amd64\native-platform-file-events.dll
0x00007ffd7ba80000 - 0x00007ffd7ba8a000 	D:\Program Files\Android Studio\jbr\bin\management.dll
0x00007ffd7ba00000 - 0x00007ffd7ba0b000 	D:\Program Files\Android Studio\jbr\bin\management_ext.dll
0x00007ffd8de00000 - 0x00007ffd8de18000 	C:\WINDOWS\SYSTEM32\CRYPTSP.dll
0x00007ffd8d240000 - 0x00007ffd8d274000 	C:\WINDOWS\system32\rsaenh.dll
0x00007ffd8e570000 - 0x00007ffd8e597000 	C:\WINDOWS\System32\bcrypt.dll
0x00007ffd8e110000 - 0x00007ffd8e13e000 	C:\WINDOWS\SYSTEM32\USERENV.dll
0x00007ffd8da30000 - 0x00007ffd8da3c000 	C:\WINDOWS\SYSTEM32\CRYPTBASE.dll
0x00007ffd8d5b0000 - 0x00007ffd8d5eb000 	C:\WINDOWS\SYSTEM32\IPHLPAPI.DLL
0x00007ffd90330000 - 0x00007ffd90338000 	C:\WINDOWS\System32\NSI.dll
0x00007ffd7cd30000 - 0x00007ffd7cd47000 	C:\WINDOWS\SYSTEM32\dhcpcsvc6.DLL
0x00007ffd7cd10000 - 0x00007ffd7cd2d000 	C:\WINDOWS\SYSTEM32\dhcpcsvc.DLL
0x00007ffd8d5f0000 - 0x00007ffd8d6ba000 	C:\WINDOWS\SYSTEM32\DNSAPI.dll

dbghelp: loaded successfully - version: 4.0.5 - missing functions: none
symbol engine: initialized successfully - sym options: 0x614 - pdb path: .;D:\Program Files\Android Studio\jbr\bin;C:\WINDOWS\SYSTEM32;C:\WINDOWS\WinSxS\amd64_microsoft.windows.common-controls_6595b64144ccf1df_6.0.19041.1110_none_60b5254171f9507e;D:\Program Files\Android Studio\jbr\bin\server;C:\Users\Teodora\.gradle\native\e1d6ef7f7dcc3fd88c89a11ec53ec762bb8ba0a96d01ffa2cd45eb1d1d8dd5c5\windows-amd64;C:\Users\Teodora\.gradle\native\0d407fdbe67a94daf76414ababcb853783967236a71b16ec16e742cd7a986fd3\windows-amd64

VM Arguments:
jvm_args: --add-opens=java.base/java.util=ALL-UNNAMED --add-opens=java.base/java.lang=ALL-UNNAMED --add-opens=java.base/java.lang.invoke=ALL-UNNAMED --add-opens=java.base/java.util=ALL-UNNAMED --add-opens=java.prefs/java.util.prefs=ALL-UNNAMED --add-opens=java.prefs/java.util.prefs=ALL-UNNAMED --add-opens=java.base/java.nio.charset=ALL-UNNAMED --add-opens=java.base/java.net=ALL-UNNAMED --add-opens=java.base/java.util.concurrent.atomic=ALL-UNNAMED -Xmx2048m -Dfile.encoding=UTF-8 -Duser.country=US -Duser.language=en -Duser.variant 
java_command: org.gradle.launcher.daemon.bootstrap.GradleDaemon 7.5
java_class_path (initial): C:\Users\Teodora\.gradle\wrapper\dists\gradle-7.5-bin\f1w0cc9nuo0eivz97x2xlu9sv\gradle-7.5\lib\gradle-launcher-7.5.jar
Launcher Type: SUN_STANDARD

[Global flags]
     intx CICompilerCount                          = 3                                         {product} {ergonomic}
     uint ConcGCThreads                            = 1                                         {product} {ergonomic}
     uint G1ConcRefinementThreads                  = 4                                         {product} {ergonomic}
   size_t G1HeapRegionSize                         = 1048576                                   {product} {ergonomic}
    uintx GCDrainStackTargetSize                   = 64                                        {product} {ergonomic}
   size_t InitialHeapSize                          = 134217728                                 {product} {ergonomic}
   size_t MarkStackSize                            = 4194304                                   {product} {ergonomic}
   size_t MaxHeapSize                              = 2147483648                                {product} {command line}
   size_t MaxNewSize                               = 1287651328                                {product} {ergonomic}
   size_t MinHeapDeltaBytes                        = 1048576                                   {product} {ergonomic}
    uintx NonNMethodCodeHeapSize                   = 5830732                                {pd product} {ergonomic}
    uintx NonProfiledCodeHeapSize                  = 122913754                              {pd product} {ergonomic}
    uintx ProfiledCodeHeapSize                     = 122913754                              {pd product} {ergonomic}
    uintx ReservedCodeCacheSize                    = 251658240                              {pd product} {ergonomic}
     bool SegmentedCodeCache                       = true                                      {product} {ergonomic}
     bool UseCompressedClassPointers               = true                                 {lp64_product} {ergonomic}
     bool UseCompressedOops                        = true                                 {lp64_product} {ergonomic}
     bool UseG1GC                                  = true                                      {product} {ergonomic}
     bool UseLargePagesIndividualAllocation        = false                                  {pd product} {ergonomic}

Logging:
Log output configuration:
 #0: stdout all=warning uptime,level,tags
 #1: stderr all=off uptime,level,tags

Environment Variables:
PATH=C:\RoboDK\Python37\Scripts\;C:\RoboDK\Python37\;C:\Program Files\Microsoft\jdk-11.0.12.7-hotspot\bin;C:\Program Files\Common Files\Oracle\Java\javapath;C:\Program Files (x86)\Common Files\Oracle\Java\javapath;C:\WINDOWS\system32;C:\WINDOWS;C:\WINDOWS\System32\Wbem;C:\WINDOWS\System32\WindowsPowerShell\v1.0\;C:\WINDOWS\System32\OpenSSH\;C:\Program Files\Microsoft SQL Server\Client SDK\ODBC\110\Tools\Binn\;C:\Program Files (x86)\Microsoft SQL Server\120\Tools\Binn\;C:\Program Files\Microsoft SQL Server\120\Tools\Binn\;C:\Program Files\Microsoft SQL Server\120\DTS\Binn\;C:\Program Files (x86)\Windows Kits\8.1\Windows Performance Toolkit\;C:\Program Files\Microsoft SQL Server\Client SDK\ODBC\170\Tools\Binn\;C:\Program Files (x86)\Microsoft SQL Server\150\Tools\Binn\;C:\Program Files\Microsoft SQL Server\150\Tools\Binn\;C:\Program Files\Microsoft SQL Server\150\DTS\Binn\;C:\Program Files (x86)\Microsoft SQL Server\150\DTS\Binn\;C:\Program Files\dotnet\;C:\Program Files\Microsoft SQL Server\110\Tools\Binn\;C:\Program Files\nodejs\;C:\Program Files\Git\cmd;C:\Users\Teodora\AppData\Local\Microsoft\WindowsApps;C:\Program Files\Azure Data Studio\bin;C:\Users\Teodora\.dotnet\tools;C:\Users\Teodora\AppData\Roaming\npm;C:\Users\Teodora\AppData\Local\GitHubDesktop\bin
USERNAME=Teodora
OS=Windows_NT
PROCESSOR_IDENTIFIER=Intel64 Family 6 Model 142 Stepping 9, GenuineIntel



---------------  S Y S T E M  ---------------

OS: Windows 10 , 64 bit Build 19041 (10.0.19041.1889)
OS uptime: 20 days 18:22 hours
Hyper-V role detected

CPU:total 4 (initial active 4) (2 cores per cpu, 2 threads per core) family 6 model 142 stepping 9 microcode 0xb4, cmov, cx8, fxsr, mmx, sse, sse2, sse3, ssse3, sse4.1, sse4.2, popcnt, avx, avx2, aes, clmul, erms, 3dnowpref, lzcnt, ht, tsc, tscinvbit, bmi1, bmi2, adx, fma

Memory: 4k page, system-wide physical 8069M (369M free)
TotalPageFile size 20156M (AvailPageFile size 24M)
current process WorkingSet (physical memory assigned to process): 367M, peak: 369M
current process commit charge ("private bytes"): 396M, peak: 430M

vm_info: OpenJDK 64-Bit Server VM (11.0.15+0-b2043.56-9505619) for windows-amd64 JRE (11.0.15+0-b2043.56-9505619), built on Jan 19 2023 02:48:00 by "builduser" with unknown MS VC++:1929

END.
