#
# There is insufficient memory for the Java Runtime Environment to continue.
# Native memory allocation (malloc) failed to allocate 1183536 bytes for Chunk::new
# Possible reasons:
#   The system is out of physical RAM or swap space
#   The process is running with CompressedOops enabled, and the Java Heap may be blocking the growth of the native heap
# Possible solutions:
#   Reduce memory load on the system
#   Increase physical memory or swap space
#   Check if swap backing store is full
#   Decrease Java heap size (-Xmx/-Xms)
#   Decrease number of Java threads
#   Decrease Java thread stack sizes (-Xss)
#   Set larger code cache with -XX:ReservedCodeCacheSize=
#   JVM is running with Unscaled Compressed Oops mode in which the Java heap is
#     placed in the first 4GB address space. The Java Heap base address is the
#     maximum limit for the native heap growth. Please use -XX:HeapBaseMinAddress
#     to set the Java Heap base and to place the Java Heap above 4GB virtual address.
# This output file may be truncated or incomplete.
#
#  Out of Memory Error (src/hotspot/share/memory/arena.cpp:197), pid=14768, tid=21272
#
# JRE version: OpenJDK Runtime Environment (11.0.15) (build 11.0.15+0-b2043.56-9505619)
# Java VM: OpenJDK 64-Bit Server VM (11.0.15+0-b2043.56-9505619, mixed mode, tiered, compressed oops, g1 gc, windows-amd64)
# No core dump will be written. Minidumps are not enabled by default on client versions of Windows
#

---------------  S U M M A R Y ------------

Command Line: --add-opens=java.base/java.util=ALL-UNNAMED --add-opens=java.base/java.lang=ALL-UNNAMED --add-opens=java.base/java.lang.invoke=ALL-UNNAMED --add-opens=java.base/java.util=ALL-UNNAMED --add-opens=java.prefs/java.util.prefs=ALL-UNNAMED --add-opens=java.prefs/java.util.prefs=ALL-UNNAMED --add-opens=java.base/java.nio.charset=ALL-UNNAMED --add-opens=java.base/java.net=ALL-UNNAMED --add-opens=java.base/java.util.concurrent.atomic=ALL-UNNAMED -Xmx2048m -Dfile.encoding=UTF-8 -Duser.country=US -Duser.language=en -Duser.variant org.gradle.launcher.daemon.bootstrap.GradleDaemon 7.5

Host: Intel(R) Core(TM) i5-7200U CPU @ 2.50GHz, 4 cores, 7G,  Windows 10 , 64 bit Build 19041 (10.0.19041.1889)
Time: Sun Jun  4 19:32:33 2023 Central European Daylight Time elapsed time: 19.212453 seconds (0d 0h 0m 19s)

---------------  T H R E A D  ---------------

Current thread (0x000001fecb80e800):  JavaThread "C2 CompilerThread0" daemon [_thread_in_native, id=21272, stack(0x000000912a800000,0x000000912a900000)]


Current CompileTask:
C2:  19212 7939 %     4       org.gradle.internal.instantiation.generator.AbstractClassGenerator::inspectType @ 107 (560 bytes)

Stack: [0x000000912a800000,0x000000912a900000]
Native frames: (J=compiled Java code, j=interpreted, Vv=VM code, C=native code)
V  [jvm.dll+0x64135a]
V  [jvm.dll+0x7d39f9]
V  [jvm.dll+0x7d51b9]
V  [jvm.dll+0x7d58a3]
V  [jvm.dll+0x2691c5]
V  [jvm.dll+0xc1a5c]
V  [jvm.dll+0xc200c]
V  [jvm.dll+0x2da2c2]
V  [jvm.dll+0x54cad9]
V  [jvm.dll+0x22a011]
V  [jvm.dll+0x223809]
V  [jvm.dll+0x220384]
V  [jvm.dll+0x19e851]
V  [jvm.dll+0x230479]
V  [jvm.dll+0x22e5ef]
V  [jvm.dll+0x794de1]
V  [jvm.dll+0x78dc24]
V  [jvm.dll+0x6400f6]
C  [ucrtbase.dll+0x21bb2]
C  [KERNEL32.DLL+0x17034]
C  [ntdll.dll+0x526a1]


---------------  P R O C E S S  ---------------

Threads class SMR info:
_java_thread_list=0x000001fecc409dd0, length=79, elements={
0x000001feb1bc5800, 0x000001fecb7e9800, 0x000001fecb7f4800, 0x000001fecb808800,
0x000001fecb80b800, 0x000001fecb80c800, 0x000001fecb80e800, 0x000001fecb813000,
0x000001fecb81e000, 0x000001fecc2e9800, 0x000001fecd6b5800, 0x000001fecc39d800,
0x000001fece667000, 0x000001fecd773800, 0x000001fecdcfe800, 0x000001fecf436800,
0x000001fecd3dc000, 0x000001feceb48800, 0x000001fecd1bd000, 0x000001fecdb85000,
0x000001fecdff9000, 0x000001fecdffa800, 0x000001fecdffa000, 0x000001fecdffb800,
0x000001fecdffd000, 0x000001fecdff7800, 0x000001fecdffc800, 0x000001fecdffe000,
0x000001fecdff8000, 0x000001fecdf7f000, 0x000001fecdf80000, 0x000001fecdf81000,
0x000001fecdf7d800, 0x000001fecdf83000, 0x000001fecdf7e800, 0x000001fecdf88000,
0x000001fecdf86800, 0x000001fecdf87800, 0x000001fecdf89000, 0x000001fecdf89800,
0x000001fecdf84000, 0x000001fecdf85000, 0x000001fecdf8a800, 0x000001fecdf85800,
0x000001fecdf8b800, 0x000001fecf0f5800, 0x000001fecf0fa800, 0x000001fecf0f8000,
0x000001fecf0f9800, 0x000001fecf0f8800, 0x000001fecf0f4800, 0x000001fecf0f6000,
0x000001fecf0fb000, 0x000001fecf0fc000, 0x000001fecf0fc800, 0x000001fecf0f7000,
0x000001fecf0fe800, 0x000001fecf0ff000, 0x000001fecf100000, 0x000001fecf102800,
0x000001fecf101800, 0x000001fecf103000, 0x000001fecf101000, 0x000001fecf0fd800,
0x000001fecf4b3800, 0x000001fecf4b5800, 0x000001fecf4b4800, 0x000001fecf4b2000,
0x000001fecf4b1000, 0x000001fecf4b7800, 0x000001fecf4b6000, 0x000001fecf4b7000,
0x000001fecf4b8800, 0x000001fecf4b3000, 0x000001fecf4ba000, 0x000001fecf4b9800,
0x000001fecf4bb000, 0x000001fecf4bc000, 0x000001fecf4bc800
}

Java Threads: ( => current thread )
  0x000001feb1bc5800 JavaThread "main" [_thread_blocked, id=7004, stack(0x0000009129c00000,0x0000009129d00000)]
  0x000001fecb7e9800 JavaThread "Reference Handler" daemon [_thread_blocked, id=3512, stack(0x000000912a300000,0x000000912a400000)]
  0x000001fecb7f4800 JavaThread "Finalizer" daemon [_thread_blocked, id=1664, stack(0x000000912a400000,0x000000912a500000)]
  0x000001fecb808800 JavaThread "Signal Dispatcher" daemon [_thread_blocked, id=16620, stack(0x000000912a500000,0x000000912a600000)]
  0x000001fecb80b800 JavaThread "Attach Listener" daemon [_thread_blocked, id=14672, stack(0x000000912a600000,0x000000912a700000)]
  0x000001fecb80c800 JavaThread "Service Thread" daemon [_thread_blocked, id=21076, stack(0x000000912a700000,0x000000912a800000)]
=>0x000001fecb80e800 JavaThread "C2 CompilerThread0" daemon [_thread_in_native, id=21272, stack(0x000000912a800000,0x000000912a900000)]
  0x000001fecb813000 JavaThread "C1 CompilerThread0" daemon [_thread_blocked, id=11184, stack(0x000000912a900000,0x000000912aa00000)]
  0x000001fecb81e000 JavaThread "Sweeper thread" daemon [_thread_blocked, id=17128, stack(0x000000912aa00000,0x000000912ab00000)]
  0x000001fecc2e9800 JavaThread "Common-Cleaner" daemon [_thread_blocked, id=19000, stack(0x000000912ab00000,0x000000912ac00000)]
  0x000001fecd6b5800 JavaThread "Daemon health stats" [_thread_blocked, id=16548, stack(0x000000912b000000,0x000000912b100000)]
  0x000001fecc39d800 JavaThread "Incoming local TCP Connector on port 51557" [_thread_in_native, id=12912, stack(0x000000912ad00000,0x000000912ae00000)]
  0x000001fece667000 JavaThread "Daemon periodic checks" [_thread_blocked, id=22512, stack(0x000000912b100000,0x000000912b200000)]
  0x000001fecd773800 JavaThread "Daemon" [_thread_blocked, id=8576, stack(0x000000912b200000,0x000000912b300000)]
  0x000001fecdcfe800 JavaThread "Handler for socket connection from /127.0.0.1:51557 to /127.0.0.1:51558" [_thread_in_native, id=15636, stack(0x000000912b300000,0x000000912b400000)]
  0x000001fecf436800 JavaThread "Cancel handler" [_thread_blocked, id=11816, stack(0x000000912b400000,0x000000912b500000)]
  0x000001fecd3dc000 JavaThread "Daemon worker" [_thread_in_Java, id=21736, stack(0x000000912b500000,0x000000912b600000)]
  0x000001feceb48800 JavaThread "Asynchronous log dispatcher for DefaultDaemonConnection: socket connection from /127.0.0.1:51557 to /127.0.0.1:51558" [_thread_blocked, id=17184, stack(0x000000912b600000,0x000000912b700000)]
  0x000001fecd1bd000 JavaThread "Stdin handler" [_thread_blocked, id=18468, stack(0x000000912b700000,0x000000912b800000)]
  0x000001fecdb85000 JavaThread "Daemon client event forwarder" [_thread_blocked, id=6112, stack(0x000000912b800000,0x000000912b900000)]
  0x000001fecdff9000 JavaThread "Cache worker for journal cache (C:\Users\Teodora\.gradle\caches\journal-1)" [_thread_blocked, id=11520, stack(0x000000912ba00000,0x000000912bb00000)]
  0x000001fecdffa800 JavaThread "File lock request listener" [_thread_in_native, id=1744, stack(0x000000912bb00000,0x000000912bc00000)]
  0x000001fecdffa000 JavaThread "Cache worker for file hash cache (C:\Users\Teodora\.gradle\caches\7.5\fileHashes)" [_thread_blocked, id=20916, stack(0x000000912bc00000,0x000000912bd00000)]
  0x000001fecdffb800 JavaThread "File watcher server" daemon [_thread_in_native, id=10320, stack(0x000000912be00000,0x000000912bf00000)]
  0x000001fecdffd000 JavaThread "File watcher consumer" daemon [_thread_blocked, id=21472, stack(0x000000912bf00000,0x000000912c000000)]
  0x000001fecdff7800 JavaThread "Cache worker for checksums cache (C:\Users\Teodora\AndroidStudioProjects\NotesApp\.gradle\7.5\checksums)" [_thread_blocked, id=22260, stack(0x000000912c000000,0x000000912c100000)]
  0x000001fecdffc800 JavaThread "Cache worker for cache directory md-rule (C:\Users\Teodora\.gradle\caches\7.5\md-rule)" [_thread_blocked, id=9292, stack(0x000000912c100000,0x000000912c200000)]
  0x000001fecdffe000 JavaThread "Cache worker for file content cache (C:\Users\Teodora\.gradle\caches\7.5\fileContent)" [_thread_blocked, id=10208, stack(0x000000912c200000,0x000000912c300000)]
  0x000001fecdff8000 JavaThread "Cache worker for file hash cache (C:\Users\Teodora\AndroidStudioProjects\NotesApp\.gradle\7.5\fileHashes)" [_thread_blocked, id=18880, stack(0x000000912c300000,0x000000912c400000)]
  0x000001fecdf7f000 JavaThread "Cache worker for cache directory md-supplier (C:\Users\Teodora\.gradle\caches\7.5\md-supplier)" [_thread_blocked, id=15664, stack(0x000000912c400000,0x000000912c500000)]
  0x000001fecdf80000 JavaThread "Cache worker for execution history cache (C:\Users\Teodora\.gradle\caches\7.5\executionHistory)" [_thread_blocked, id=11652, stack(0x000000912c500000,0x000000912c600000)]
  0x000001fecdf81000 JavaThread "jar transforms" [_thread_blocked, id=4428, stack(0x000000912c600000,0x000000912c700000)]
  0x000001fecdf7d800 JavaThread "jar transforms Thread 2" [_thread_blocked, id=17148, stack(0x000000912c700000,0x000000912c800000)]
  0x000001fecdf83000 JavaThread "jar transforms Thread 3" [_thread_blocked, id=19716, stack(0x000000912c800000,0x000000912c900000)]
  0x000001fecdf7e800 JavaThread "jar transforms Thread 4" [_thread_blocked, id=17588, stack(0x000000912c900000,0x000000912ca00000)]
  0x000001fecdf88000 JavaThread "Cache worker for dependencies-accessors (C:\Users\Teodora\AndroidStudioProjects\NotesApp\.gradle\7.5\dependencies-accessors)" [_thread_blocked, id=12900, stack(0x000000912ca00000,0x000000912cb00000)]
  0x000001fecdf86800 JavaThread "Cache worker for Build Output Cleanup Cache (C:\Users\Teodora\AndroidStudioProjects\NotesApp\.gradle\buildOutputCleanup)" [_thread_blocked, id=18180, stack(0x000000912cb00000,0x000000912cc00000)]
  0x000001fecdf87800 JavaThread "Unconstrained build operations" [_thread_blocked, id=21984, stack(0x000000912cc00000,0x000000912cd00000)]
  0x000001fecdf89000 JavaThread "Unconstrained build operations Thread 2" [_thread_blocked, id=21548, stack(0x000000912cd00000,0x000000912ce00000)]
  0x000001fecdf89800 JavaThread "Unconstrained build operations Thread 3" [_thread_blocked, id=5200, stack(0x000000912ce00000,0x000000912cf00000)]
  0x000001fecdf84000 JavaThread "Unconstrained build operations Thread 4" [_thread_blocked, id=7332, stack(0x000000912cf00000,0x000000912d000000)]
  0x000001fecdf85000 JavaThread "Unconstrained build operations Thread 5" [_thread_blocked, id=20800, stack(0x000000912d000000,0x000000912d100000)]
  0x000001fecdf8a800 JavaThread "Unconstrained build operations Thread 6" [_thread_blocked, id=19684, stack(0x000000912d100000,0x000000912d200000)]
  0x000001fecdf85800 JavaThread "Unconstrained build operations Thread 7" [_thread_blocked, id=15328, stack(0x000000912d200000,0x000000912d300000)]
  0x000001fecdf8b800 JavaThread "Unconstrained build operations Thread 8" [_thread_blocked, id=6296, stack(0x000000912d300000,0x000000912d400000)]
  0x000001fecf0f5800 JavaThread "Unconstrained build operations Thread 9" [_thread_blocked, id=15944, stack(0x000000912d400000,0x000000912d500000)]
  0x000001fecf0fa800 JavaThread "Unconstrained build operations Thread 10" [_thread_blocked, id=11880, stack(0x000000912d500000,0x000000912d600000)]
  0x000001fecf0f8000 JavaThread "Unconstrained build operations Thread 11" [_thread_blocked, id=21912, stack(0x000000912d600000,0x000000912d700000)]
  0x000001fecf0f9800 JavaThread "Unconstrained build operations Thread 12" [_thread_blocked, id=13032, stack(0x000000912d700000,0x000000912d800000)]
  0x000001fecf0f8800 JavaThread "Unconstrained build operations Thread 13" [_thread_blocked, id=7628, stack(0x000000912d800000,0x000000912d900000)]
  0x000001fecf0f4800 JavaThread "Unconstrained build operations Thread 14" [_thread_blocked, id=7876, stack(0x000000912d900000,0x000000912da00000)]
  0x000001fecf0f6000 JavaThread "Unconstrained build operations Thread 15" [_thread_blocked, id=9276, stack(0x000000912da00000,0x000000912db00000)]
  0x000001fecf0fb000 JavaThread "Unconstrained build operations Thread 16" [_thread_blocked, id=4552, stack(0x000000912db00000,0x000000912dc00000)]
  0x000001fecf0fc000 JavaThread "Unconstrained build operations Thread 17" [_thread_blocked, id=15200, stack(0x000000912dc00000,0x000000912dd00000)]
  0x000001fecf0fc800 JavaThread "Unconstrained build operations Thread 18" [_thread_blocked, id=17520, stack(0x000000912dd00000,0x000000912de00000)]
  0x000001fecf0f7000 JavaThread "Unconstrained build operations Thread 19" [_thread_blocked, id=12476, stack(0x000000912de00000,0x000000912df00000)]
  0x000001fecf0fe800 JavaThread "Unconstrained build operations Thread 20" [_thread_blocked, id=9260, stack(0x000000912df00000,0x000000912e000000)]
  0x000001fecf0ff000 JavaThread "Unconstrained build operations Thread 21" [_thread_blocked, id=4912, stack(0x000000912e000000,0x000000912e100000)]
  0x000001fecf100000 JavaThread "Unconstrained build operations Thread 22" [_thread_blocked, id=252, stack(0x000000912e100000,0x000000912e200000)]
  0x000001fecf102800 JavaThread "Unconstrained build operations Thread 23" [_thread_blocked, id=5832, stack(0x000000912e200000,0x000000912e300000)]
  0x000001fecf101800 JavaThread "Unconstrained build operations Thread 24" [_thread_blocked, id=16712, stack(0x000000912e300000,0x000000912e400000)]
  0x000001fecf103000 JavaThread "Unconstrained build operations Thread 25" [_thread_blocked, id=21088, stack(0x000000912e400000,0x000000912e500000)]
  0x000001fecf101000 JavaThread "Unconstrained build operations Thread 26" [_thread_blocked, id=17728, stack(0x000000912e500000,0x000000912e600000)]
  0x000001fecf0fd800 JavaThread "Unconstrained build operations Thread 27" [_thread_blocked, id=12828, stack(0x000000912e600000,0x000000912e700000)]
  0x000001fecf4b3800 JavaThread "Unconstrained build operations Thread 28" [_thread_blocked, id=7176, stack(0x000000912e700000,0x000000912e800000)]
  0x000001fecf4b5800 JavaThread "Unconstrained build operations Thread 29" [_thread_blocked, id=15948, stack(0x000000912e800000,0x000000912e900000)]
  0x000001fecf4b4800 JavaThread "Unconstrained build operations Thread 30" [_thread_blocked, id=6804, stack(0x000000912e900000,0x000000912ea00000)]
  0x000001fecf4b2000 JavaThread "Unconstrained build operations Thread 31" [_thread_blocked, id=4368, stack(0x000000912ea00000,0x000000912eb00000)]
  0x000001fecf4b1000 JavaThread "Unconstrained build operations Thread 32" [_thread_blocked, id=13076, stack(0x000000912eb00000,0x000000912ec00000)]
  0x000001fecf4b7800 JavaThread "Unconstrained build operations Thread 33" [_thread_blocked, id=13684, stack(0x000000912ec00000,0x000000912ed00000)]
  0x000001fecf4b6000 JavaThread "Unconstrained build operations Thread 34" [_thread_blocked, id=20276, stack(0x000000912ed00000,0x000000912ee00000)]
  0x000001fecf4b7000 JavaThread "Unconstrained build operations Thread 35" [_thread_blocked, id=2452, stack(0x000000912ee00000,0x000000912ef00000)]
  0x000001fecf4b8800 JavaThread "Unconstrained build operations Thread 36" [_thread_blocked, id=18856, stack(0x000000912ef00000,0x000000912f000000)]
  0x000001fecf4b3000 JavaThread "Unconstrained build operations Thread 37" [_thread_blocked, id=3900, stack(0x000000912f000000,0x000000912f100000)]
  0x000001fecf4ba000 JavaThread "Unconstrained build operations Thread 38" [_thread_blocked, id=1368, stack(0x000000912f100000,0x000000912f200000)]
  0x000001fecf4b9800 JavaThread "Unconstrained build operations Thread 39" [_thread_blocked, id=6688, stack(0x000000912f200000,0x000000912f300000)]
  0x000001fecf4bb000 JavaThread "Unconstrained build operations Thread 40" [_thread_blocked, id=16780, stack(0x000000912f300000,0x000000912f400000)]
  0x000001fecf4bc000 JavaThread "build event listener" [_thread_blocked, id=18456, stack(0x000000912f400000,0x000000912f500000)]
  0x000001fecf4bc800 JavaThread "Memory manager" [_thread_blocked, id=12696, stack(0x000000912f500000,0x000000912f600000)]

Other Threads:
  0x000001fecb7e7000 VMThread "VM Thread" [stack: 0x000000912a200000,0x000000912a300000] [id=11568]
  0x000001fecc2ed000 WatcherThread [stack: 0x000000912ac00000,0x000000912ad00000] [id=8492]
  0x000001feb1bde000 GCTaskThread "GC Thread#0" [stack: 0x0000009129d00000,0x0000009129e00000] [id=10196]
  0x000001feccb6a800 GCTaskThread "GC Thread#1" [stack: 0x000000912ae00000,0x000000912af00000] [id=20252]
  0x000001feccbca800 GCTaskThread "GC Thread#2" [stack: 0x000000912af00000,0x000000912b000000] [id=13752]
  0x000001fecdb86000 GCTaskThread "GC Thread#3" [stack: 0x000000912b900000,0x000000912ba00000] [id=11656]
  0x000001feb1c0f800 ConcurrentGCThread "G1 Main Marker" [stack: 0x0000009129e00000,0x0000009129f00000] [id=13140]
  0x000001feb1c10800 ConcurrentGCThread "G1 Conc#0" [stack: 0x0000009129f00000,0x000000912a000000] [id=11916]
  0x000001fecb630800 ConcurrentGCThread "G1 Refine#0" [stack: 0x000000912a000000,0x000000912a100000] [id=22408]
  0x000001fecb631000 ConcurrentGCThread "G1 Young RemSet Sampling" [stack: 0x000000912a100000,0x000000912a200000] [id=14292]

Threads with active compile tasks:
C2 CompilerThread0    19272 7939 %     4       org.gradle.internal.instantiation.generator.AbstractClassGenerator::inspectType @ 107 (560 bytes)

VM state:not at safepoint (normal execution)

VM Mutex/Monitor currently owned by a thread: None

Heap address: 0x0000000080000000, size: 2048 MB, Compressed Oops mode: 32-bit
Narrow klass base: 0x0000000000000000, Narrow klass shift: 3
Compressed class space size: 1073741824 Address: 0x0000000100000000

Heap:
 garbage-first heap   total 189440K, used 109449K [0x0000000080000000, 0x0000000100000000)
  region size 1024K, 53 young (54272K), 8 survivors (8192K)
 Metaspace       used 79613K, capacity 81606K, committed 81756K, reserved 1120256K
  class space    used 10454K, capacity 11205K, committed 11288K, reserved 1048576K
Heap Regions: E=young(eden), S=young(survivor), O=old, HS=humongous(starts), HC=humongous(continues), CS=collection set, F=free, A=archive, TAMS=top-at-mark-start (previous, next)
|   0|0x0000000080000000, 0x0000000080100000, 0x0000000080100000|100%|HS|  |TAMS 0x0000000080100000, 0x0000000080000000| Complete 
|   1|0x0000000080100000, 0x0000000080200000, 0x0000000080200000|100%|HC|  |TAMS 0x0000000080200000, 0x0000000080100000| Complete 
|   2|0x0000000080200000, 0x0000000080300000, 0x0000000080300000|100%|HC|  |TAMS 0x0000000080300000, 0x0000000080200000| Complete 
|   3|0x0000000080300000, 0x0000000080400000, 0x0000000080400000|100%| O|  |TAMS 0x0000000080400000, 0x0000000080300000| Untracked 
|   4|0x0000000080400000, 0x0000000080500000, 0x0000000080500000|100%| O|  |TAMS 0x0000000080500000, 0x0000000080400000| Untracked 
|   5|0x0000000080500000, 0x0000000080600000, 0x0000000080600000|100%| O|  |TAMS 0x0000000080600000, 0x0000000080500000| Untracked 
|   6|0x0000000080600000, 0x0000000080700000, 0x0000000080700000|100%| O|  |TAMS 0x0000000080700000, 0x0000000080600000| Untracked 
|   7|0x0000000080700000, 0x0000000080800000, 0x0000000080800000|100%| O|  |TAMS 0x0000000080800000, 0x0000000080700000| Untracked 
|   8|0x0000000080800000, 0x0000000080900000, 0x0000000080900000|100%| O|  |TAMS 0x0000000080900000, 0x0000000080800000| Untracked 
|   9|0x0000000080900000, 0x0000000080a00000, 0x0000000080a00000|100%| O|  |TAMS 0x0000000080a00000, 0x0000000080900000| Untracked 
|  10|0x0000000080a00000, 0x0000000080b00000, 0x0000000080b00000|100%| O|  |TAMS 0x0000000080b00000, 0x0000000080a00000| Untracked 
|  11|0x0000000080b00000, 0x0000000080c00000, 0x0000000080c00000|100%| O|  |TAMS 0x0000000080c00000, 0x0000000080b00000| Untracked 
|  12|0x0000000080c00000, 0x0000000080d00000, 0x0000000080d00000|100%| O|  |TAMS 0x0000000080d00000, 0x0000000080c00000| Untracked 
|  13|0x0000000080d00000, 0x0000000080e00000, 0x0000000080e00000|100%| O|  |TAMS 0x0000000080e00000, 0x0000000080d00000| Untracked 
|  14|0x0000000080e00000, 0x0000000080f00000, 0x0000000080f00000|100%| O|  |TAMS 0x0000000080f00000, 0x0000000080e00000| Untracked 
|  15|0x0000000080f00000, 0x0000000081000000, 0x0000000081000000|100%| O|  |TAMS 0x0000000081000000, 0x0000000080f00000| Untracked 
|  16|0x0000000081000000, 0x0000000081100000, 0x0000000081100000|100%| O|  |TAMS 0x0000000081100000, 0x0000000081000000| Untracked 
|  17|0x0000000081100000, 0x0000000081200000, 0x0000000081200000|100%|HS|  |TAMS 0x0000000081200000, 0x0000000081100000| Complete 
|  18|0x0000000081200000, 0x0000000081300000, 0x0000000081300000|100%| O|  |TAMS 0x0000000081300000, 0x0000000081200000| Untracked 
|  19|0x0000000081300000, 0x0000000081400000, 0x0000000081400000|100%| O|  |TAMS 0x0000000081400000, 0x0000000081300000| Untracked 
|  20|0x0000000081400000, 0x0000000081500000, 0x0000000081500000|100%| O|  |TAMS 0x0000000081500000, 0x0000000081400000| Untracked 
|  21|0x0000000081500000, 0x0000000081600000, 0x0000000081600000|100%| O|  |TAMS 0x0000000081600000, 0x0000000081500000| Untracked 
|  22|0x0000000081600000, 0x0000000081700000, 0x0000000081700000|100%| O|  |TAMS 0x0000000081700000, 0x0000000081600000| Untracked 
|  23|0x0000000081700000, 0x0000000081800000, 0x0000000081800000|100%| O|  |TAMS 0x0000000081800000, 0x0000000081700000| Untracked 
|  24|0x0000000081800000, 0x0000000081900000, 0x0000000081900000|100%|HS|  |TAMS 0x0000000081900000, 0x0000000081800000| Complete 
|  25|0x0000000081900000, 0x0000000081a00000, 0x0000000081a00000|100%| O|  |TAMS 0x0000000081a00000, 0x0000000081900000| Untracked 
|  26|0x0000000081a00000, 0x0000000081b00000, 0x0000000081b00000|100%| O|  |TAMS 0x0000000081b00000, 0x0000000081a00000| Untracked 
|  27|0x0000000081b00000, 0x0000000081c00000, 0x0000000081c00000|100%| O|  |TAMS 0x0000000081c00000, 0x0000000081b00000| Untracked 
|  28|0x0000000081c00000, 0x0000000081d00000, 0x0000000081d00000|100%| O|  |TAMS 0x0000000081d00000, 0x0000000081c00000| Untracked 
|  29|0x0000000081d00000, 0x0000000081e00000, 0x0000000081e00000|100%| O|  |TAMS 0x0000000081e00000, 0x0000000081d00000| Untracked 
|  30|0x0000000081e00000, 0x0000000081f00000, 0x0000000081f00000|100%| O|  |TAMS 0x0000000081f00000, 0x0000000081e00000| Untracked 
|  31|0x0000000081f00000, 0x0000000082000000, 0x0000000082000000|100%| O|  |TAMS 0x0000000082000000, 0x0000000081f00000| Untracked 
|  32|0x0000000082000000, 0x0000000082100000, 0x0000000082100000|100%| O|  |TAMS 0x0000000082100000, 0x0000000082000000| Untracked 
|  33|0x0000000082100000, 0x0000000082200000, 0x0000000082200000|100%| O|  |TAMS 0x0000000082200000, 0x0000000082100000| Untracked 
|  34|0x0000000082200000, 0x0000000082300000, 0x0000000082300000|100%| O|  |TAMS 0x0000000082300000, 0x0000000082200000| Untracked 
|  35|0x0000000082300000, 0x0000000082400000, 0x0000000082400000|100%| O|  |TAMS 0x0000000082400000, 0x0000000082300000| Untracked 
|  36|0x0000000082400000, 0x0000000082500000, 0x0000000082500000|100%| O|  |TAMS 0x0000000082500000, 0x0000000082400000| Untracked 
|  37|0x0000000082500000, 0x0000000082600000, 0x0000000082600000|100%| O|  |TAMS 0x0000000082600000, 0x0000000082500000| Untracked 
|  38|0x0000000082600000, 0x0000000082700000, 0x0000000082700000|100%| O|  |TAMS 0x0000000082700000, 0x0000000082600000| Untracked 
|  39|0x0000000082700000, 0x0000000082800000, 0x0000000082800000|100%| O|  |TAMS 0x0000000082800000, 0x0000000082700000| Untracked 
|  40|0x0000000082800000, 0x0000000082900000, 0x0000000082900000|100%| O|  |TAMS 0x0000000082900000, 0x0000000082800000| Untracked 
|  41|0x0000000082900000, 0x0000000082a00000, 0x0000000082a00000|100%| O|  |TAMS 0x0000000082a00000, 0x0000000082900000| Untracked 
|  42|0x0000000082a00000, 0x0000000082b00000, 0x0000000082b00000|100%| O|  |TAMS 0x0000000082b00000, 0x0000000082a00000| Untracked 
|  43|0x0000000082b00000, 0x0000000082c00000, 0x0000000082c00000|100%| O|  |TAMS 0x0000000082c00000, 0x0000000082b00000| Untracked 
|  44|0x0000000082c00000, 0x0000000082d00000, 0x0000000082d00000|100%| O|  |TAMS 0x0000000082d00000, 0x0000000082c00000| Untracked 
|  45|0x0000000082d00000, 0x0000000082e00000, 0x0000000082e00000|100%| O|  |TAMS 0x0000000082e00000, 0x0000000082d00000| Untracked 
|  46|0x0000000082e00000, 0x0000000082f00000, 0x0000000082f00000|100%| O|  |TAMS 0x0000000082f00000, 0x0000000082e00000| Untracked 
|  47|0x0000000082f00000, 0x0000000083000000, 0x0000000083000000|100%| O|  |TAMS 0x0000000083000000, 0x0000000082f00000| Untracked 
|  48|0x0000000083000000, 0x0000000083100000, 0x0000000083100000|100%| O|  |TAMS 0x0000000083100000, 0x0000000083000000| Untracked 
|  49|0x0000000083100000, 0x0000000083200000, 0x0000000083200000|100%| O|  |TAMS 0x0000000083200000, 0x0000000083100000| Untracked 
|  50|0x0000000083200000, 0x0000000083300000, 0x0000000083300000|100%| O|  |TAMS 0x0000000083300000, 0x0000000083200000| Untracked 
|  51|0x0000000083300000, 0x0000000083400000, 0x0000000083400000|100%| O|  |TAMS 0x0000000083400000, 0x0000000083300000| Untracked 
|  52|0x0000000083400000, 0x0000000083500000, 0x0000000083500000|100%| O|  |TAMS 0x0000000083500000, 0x0000000083400000| Untracked 
|  53|0x0000000083500000, 0x0000000083600000, 0x0000000083600000|100%| O|  |TAMS 0x0000000083600000, 0x0000000083500000| Untracked 
|  54|0x0000000083600000, 0x00000000836eea00, 0x0000000083700000| 93%| O|  |TAMS 0x00000000836eea00, 0x0000000083600000| Untracked 
|  55|0x0000000083700000, 0x0000000083700000, 0x0000000083800000|  0%| F|  |TAMS 0x0000000083700000, 0x0000000083700000| Untracked 
|  56|0x0000000083800000, 0x0000000083800000, 0x0000000083900000|  0%| F|  |TAMS 0x0000000083800000, 0x0000000083800000| Untracked 
|  57|0x0000000083900000, 0x0000000083900000, 0x0000000083a00000|  0%| F|  |TAMS 0x0000000083900000, 0x0000000083900000| Untracked 
|  58|0x0000000083a00000, 0x0000000083a00000, 0x0000000083b00000|  0%| F|  |TAMS 0x0000000083a00000, 0x0000000083a00000| Untracked 
|  59|0x0000000083b00000, 0x0000000083b00000, 0x0000000083c00000|  0%| F|  |TAMS 0x0000000083b00000, 0x0000000083b00000| Untracked 
|  60|0x0000000083c00000, 0x0000000083c00000, 0x0000000083d00000|  0%| F|  |TAMS 0x0000000083c00000, 0x0000000083c00000| Untracked 
|  61|0x0000000083d00000, 0x0000000083d00000, 0x0000000083e00000|  0%| F|  |TAMS 0x0000000083d00000, 0x0000000083d00000| Untracked 
|  62|0x0000000083e00000, 0x0000000083e00000, 0x0000000083f00000|  0%| F|  |TAMS 0x0000000083e00000, 0x0000000083e00000| Untracked 
|  63|0x0000000083f00000, 0x0000000083f00000, 0x0000000084000000|  0%| F|  |TAMS 0x0000000083f00000, 0x0000000083f00000| Untracked 
|  64|0x0000000084000000, 0x0000000084000000, 0x0000000084100000|  0%| F|  |TAMS 0x0000000084000000, 0x0000000084000000| Untracked 
|  65|0x0000000084100000, 0x0000000084100000, 0x0000000084200000|  0%| F|  |TAMS 0x0000000084100000, 0x0000000084100000| Untracked 
|  66|0x0000000084200000, 0x0000000084200000, 0x0000000084300000|  0%| F|  |TAMS 0x0000000084200000, 0x0000000084200000| Untracked 
|  67|0x0000000084300000, 0x0000000084300000, 0x0000000084400000|  0%| F|  |TAMS 0x0000000084300000, 0x0000000084300000| Untracked 
|  68|0x0000000084400000, 0x0000000084400000, 0x0000000084500000|  0%| F|  |TAMS 0x0000000084400000, 0x0000000084400000| Untracked 
|  69|0x0000000084500000, 0x0000000084500000, 0x0000000084600000|  0%| F|  |TAMS 0x0000000084500000, 0x0000000084500000| Untracked 
|  70|0x0000000084600000, 0x0000000084600000, 0x0000000084700000|  0%| F|  |TAMS 0x0000000084600000, 0x0000000084600000| Untracked 
|  71|0x0000000084700000, 0x0000000084700000, 0x0000000084800000|  0%| F|  |TAMS 0x0000000084700000, 0x0000000084700000| Untracked 
|  72|0x0000000084800000, 0x0000000084800000, 0x0000000084900000|  0%| F|  |TAMS 0x0000000084800000, 0x0000000084800000| Untracked 
|  73|0x0000000084900000, 0x0000000084900000, 0x0000000084a00000|  0%| F|  |TAMS 0x0000000084900000, 0x0000000084900000| Untracked 
|  74|0x0000000084a00000, 0x0000000084a00000, 0x0000000084b00000|  0%| F|  |TAMS 0x0000000084a00000, 0x0000000084a00000| Untracked 
|  75|0x0000000084b00000, 0x0000000084b00000, 0x0000000084c00000|  0%| F|  |TAMS 0x0000000084b00000, 0x0000000084b00000| Untracked 
|  76|0x0000000084c00000, 0x0000000084c00000, 0x0000000084d00000|  0%| F|  |TAMS 0x0000000084c00000, 0x0000000084c00000| Untracked 
|  77|0x0000000084d00000, 0x0000000084d00000, 0x0000000084e00000|  0%| F|  |TAMS 0x0000000084d00000, 0x0000000084d00000| Untracked 
|  78|0x0000000084e00000, 0x0000000084e00000, 0x0000000084f00000|  0%| F|  |TAMS 0x0000000084e00000, 0x0000000084e00000| Untracked 
|  79|0x0000000084f00000, 0x0000000084f00000, 0x0000000085000000|  0%| F|  |TAMS 0x0000000084f00000, 0x0000000084f00000| Untracked 
|  80|0x0000000085000000, 0x0000000085000000, 0x0000000085100000|  0%| F|  |TAMS 0x0000000085000000, 0x0000000085000000| Untracked 
|  81|0x0000000085100000, 0x0000000085100000, 0x0000000085200000|  0%| F|  |TAMS 0x0000000085100000, 0x0000000085100000| Untracked 
|  82|0x0000000085200000, 0x0000000085200000, 0x0000000085300000|  0%| F|  |TAMS 0x0000000085200000, 0x0000000085200000| Untracked 
|  83|0x0000000085300000, 0x0000000085300000, 0x0000000085400000|  0%| F|  |TAMS 0x0000000085300000, 0x0000000085300000| Untracked 
|  84|0x0000000085400000, 0x0000000085400000, 0x0000000085500000|  0%| F|  |TAMS 0x0000000085400000, 0x0000000085400000| Untracked 
|  85|0x0000000085500000, 0x0000000085500000, 0x0000000085600000|  0%| F|  |TAMS 0x0000000085500000, 0x0000000085500000| Untracked 
|  86|0x0000000085600000, 0x0000000085600000, 0x0000000085700000|  0%| F|  |TAMS 0x0000000085600000, 0x0000000085600000| Untracked 
|  87|0x0000000085700000, 0x0000000085700000, 0x0000000085800000|  0%| F|  |TAMS 0x0000000085700000, 0x0000000085700000| Untracked 
|  88|0x0000000085800000, 0x00000000858f3c00, 0x0000000085900000| 95%| S|CS|TAMS 0x0000000085800000, 0x0000000085800000| Complete 
|  89|0x0000000085900000, 0x0000000085a00000, 0x0000000085a00000|100%| S|CS|TAMS 0x0000000085900000, 0x0000000085900000| Complete 
|  90|0x0000000085a00000, 0x0000000085b00000, 0x0000000085b00000|100%| S|CS|TAMS 0x0000000085a00000, 0x0000000085a00000| Complete 
|  91|0x0000000085b00000, 0x0000000085c00000, 0x0000000085c00000|100%| S|CS|TAMS 0x0000000085b00000, 0x0000000085b00000| Complete 
|  92|0x0000000085c00000, 0x0000000085d00000, 0x0000000085d00000|100%| S|CS|TAMS 0x0000000085c00000, 0x0000000085c00000| Complete 
|  93|0x0000000085d00000, 0x0000000085e00000, 0x0000000085e00000|100%| S|CS|TAMS 0x0000000085d00000, 0x0000000085d00000| Complete 
|  94|0x0000000085e00000, 0x0000000085f00000, 0x0000000085f00000|100%| S|CS|TAMS 0x0000000085e00000, 0x0000000085e00000| Complete 
|  95|0x0000000085f00000, 0x0000000086000000, 0x0000000086000000|100%| S|CS|TAMS 0x0000000085f00000, 0x0000000085f00000| Complete 
|  96|0x0000000086000000, 0x0000000086000000, 0x0000000086100000|  0%| F|  |TAMS 0x0000000086000000, 0x0000000086000000| Untracked 
|  97|0x0000000086100000, 0x0000000086100000, 0x0000000086200000|  0%| F|  |TAMS 0x0000000086100000, 0x0000000086100000| Untracked 
|  98|0x0000000086200000, 0x0000000086200000, 0x0000000086300000|  0%| F|  |TAMS 0x0000000086200000, 0x0000000086200000| Untracked 
|  99|0x0000000086300000, 0x0000000086300000, 0x0000000086400000|  0%| F|  |TAMS 0x0000000086300000, 0x0000000086300000| Untracked 
| 100|0x0000000086400000, 0x0000000086400000, 0x0000000086500000|  0%| F|  |TAMS 0x0000000086400000, 0x0000000086400000| Untracked 
| 101|0x0000000086500000, 0x0000000086500000, 0x0000000086600000|  0%| F|  |TAMS 0x0000000086500000, 0x0000000086500000| Untracked 
| 102|0x0000000086600000, 0x0000000086600000, 0x0000000086700000|  0%| F|  |TAMS 0x0000000086600000, 0x0000000086600000| Untracked 
| 103|0x0000000086700000, 0x0000000086700000, 0x0000000086800000|  0%| F|  |TAMS 0x0000000086700000, 0x0000000086700000| Untracked 
| 104|0x0000000086800000, 0x0000000086800000, 0x0000000086900000|  0%| F|  |TAMS 0x0000000086800000, 0x0000000086800000| Untracked 
| 105|0x0000000086900000, 0x0000000086900000, 0x0000000086a00000|  0%| F|  |TAMS 0x0000000086900000, 0x0000000086900000| Untracked 
| 106|0x0000000086a00000, 0x0000000086a00000, 0x0000000086b00000|  0%| F|  |TAMS 0x0000000086a00000, 0x0000000086a00000| Untracked 
| 107|0x0000000086b00000, 0x0000000086b00000, 0x0000000086c00000|  0%| F|  |TAMS 0x0000000086b00000, 0x0000000086b00000| Untracked 
| 108|0x0000000086c00000, 0x0000000086c00000, 0x0000000086d00000|  0%| F|  |TAMS 0x0000000086c00000, 0x0000000086c00000| Untracked 
| 109|0x0000000086d00000, 0x0000000086d00000, 0x0000000086e00000|  0%| F|  |TAMS 0x0000000086d00000, 0x0000000086d00000| Untracked 
| 110|0x0000000086e00000, 0x0000000086e00000, 0x0000000086f00000|  0%| F|  |TAMS 0x0000000086e00000, 0x0000000086e00000| Untracked 
| 111|0x0000000086f00000, 0x0000000086f00000, 0x0000000087000000|  0%| F|  |TAMS 0x0000000086f00000, 0x0000000086f00000| Untracked 
| 112|0x0000000087000000, 0x0000000087000000, 0x0000000087100000|  0%| F|  |TAMS 0x0000000087000000, 0x0000000087000000| Untracked 
| 113|0x0000000087100000, 0x0000000087100000, 0x0000000087200000|  0%| F|  |TAMS 0x0000000087100000, 0x0000000087100000| Untracked 
| 114|0x0000000087200000, 0x0000000087200000, 0x0000000087300000|  0%| F|  |TAMS 0x0000000087200000, 0x0000000087200000| Untracked 
| 115|0x0000000087300000, 0x0000000087300000, 0x0000000087400000|  0%| F|  |TAMS 0x0000000087300000, 0x0000000087300000| Untracked 
| 116|0x0000000087400000, 0x0000000087400000, 0x0000000087500000|  0%| F|  |TAMS 0x0000000087400000, 0x0000000087400000| Untracked 
| 117|0x0000000087500000, 0x0000000087500000, 0x0000000087600000|  0%| F|  |TAMS 0x0000000087500000, 0x0000000087500000| Untracked 
| 118|0x0000000087600000, 0x0000000087600000, 0x0000000087700000|  0%| F|  |TAMS 0x0000000087600000, 0x0000000087600000| Untracked 
| 119|0x0000000087700000, 0x0000000087700000, 0x0000000087800000|  0%| F|  |TAMS 0x0000000087700000, 0x0000000087700000| Untracked 
| 120|0x0000000087800000, 0x0000000087800000, 0x0000000087900000|  0%| F|  |TAMS 0x0000000087800000, 0x0000000087800000| Untracked 
| 121|0x0000000087900000, 0x0000000087900000, 0x0000000087a00000|  0%| F|  |TAMS 0x0000000087900000, 0x0000000087900000| Untracked 
| 122|0x0000000087a00000, 0x0000000087a00000, 0x0000000087b00000|  0%| F|  |TAMS 0x0000000087a00000, 0x0000000087a00000| Untracked 
| 123|0x0000000087b00000, 0x0000000087b00000, 0x0000000087c00000|  0%| F|  |TAMS 0x0000000087b00000, 0x0000000087b00000| Untracked 
| 124|0x0000000087c00000, 0x0000000087c00000, 0x0000000087d00000|  0%| F|  |TAMS 0x0000000087c00000, 0x0000000087c00000| Untracked 
| 125|0x0000000087d00000, 0x0000000087d00000, 0x0000000087e00000|  0%| F|  |TAMS 0x0000000087d00000, 0x0000000087d00000| Untracked 
| 126|0x0000000087e00000, 0x0000000087e00000, 0x0000000087f00000|  0%| F|  |TAMS 0x0000000087e00000, 0x0000000087e00000| Untracked 
| 127|0x0000000087f00000, 0x0000000087f00000, 0x0000000088000000|  0%| F|  |TAMS 0x0000000087f00000, 0x0000000087f00000| Untracked 
| 128|0x0000000088000000, 0x0000000088000000, 0x0000000088100000|  0%| F|  |TAMS 0x0000000088000000, 0x0000000088000000| Untracked 
| 129|0x0000000088100000, 0x0000000088100000, 0x0000000088200000|  0%| F|  |TAMS 0x0000000088100000, 0x0000000088100000| Untracked 
| 130|0x0000000088200000, 0x0000000088200000, 0x0000000088300000|  0%| F|  |TAMS 0x0000000088200000, 0x0000000088200000| Untracked 
| 131|0x0000000088300000, 0x0000000088300000, 0x0000000088400000|  0%| F|  |TAMS 0x0000000088300000, 0x0000000088300000| Untracked 
| 132|0x0000000088400000, 0x0000000088400000, 0x0000000088500000|  0%| F|  |TAMS 0x0000000088400000, 0x0000000088400000| Untracked 
| 133|0x0000000088500000, 0x0000000088500000, 0x0000000088600000|  0%| F|  |TAMS 0x0000000088500000, 0x0000000088500000| Untracked 
| 134|0x0000000088600000, 0x0000000088600000, 0x0000000088700000|  0%| F|  |TAMS 0x0000000088600000, 0x0000000088600000| Untracked 
| 135|0x0000000088700000, 0x0000000088700000, 0x0000000088800000|  0%| F|  |TAMS 0x0000000088700000, 0x0000000088700000| Untracked 
| 136|0x0000000088800000, 0x0000000088800000, 0x0000000088900000|  0%| F|  |TAMS 0x0000000088800000, 0x0000000088800000| Untracked 
| 137|0x0000000088900000, 0x0000000088900000, 0x0000000088a00000|  0%| F|  |TAMS 0x0000000088900000, 0x0000000088900000| Untracked 
| 138|0x0000000088a00000, 0x0000000088a00000, 0x0000000088b00000|  0%| F|  |TAMS 0x0000000088a00000, 0x0000000088a00000| Untracked 
| 139|0x0000000088b00000, 0x0000000088b00000, 0x0000000088c00000|  0%| F|  |TAMS 0x0000000088b00000, 0x0000000088b00000| Untracked 
| 140|0x0000000088c00000, 0x0000000088d00000, 0x0000000088d00000|100%| E|  |TAMS 0x0000000088c00000, 0x0000000088c00000| Complete 
| 141|0x0000000088d00000, 0x0000000088e00000, 0x0000000088e00000|100%| E|CS|TAMS 0x0000000088d00000, 0x0000000088d00000| Complete 
| 142|0x0000000088e00000, 0x0000000088f00000, 0x0000000088f00000|100%| E|CS|TAMS 0x0000000088e00000, 0x0000000088e00000| Complete 
| 143|0x0000000088f00000, 0x0000000089000000, 0x0000000089000000|100%| E|CS|TAMS 0x0000000088f00000, 0x0000000088f00000| Complete 
| 144|0x0000000089000000, 0x0000000089100000, 0x0000000089100000|100%| E|CS|TAMS 0x0000000089000000, 0x0000000089000000| Complete 
| 145|0x0000000089100000, 0x0000000089200000, 0x0000000089200000|100%| E|CS|TAMS 0x0000000089100000, 0x0000000089100000| Complete 
| 146|0x0000000089200000, 0x0000000089300000, 0x0000000089300000|100%| E|CS|TAMS 0x0000000089200000, 0x0000000089200000| Complete 
| 147|0x0000000089300000, 0x0000000089400000, 0x0000000089400000|100%| E|CS|TAMS 0x0000000089300000, 0x0000000089300000| Complete 
| 148|0x0000000089400000, 0x0000000089500000, 0x0000000089500000|100%| E|CS|TAMS 0x0000000089400000, 0x0000000089400000| Complete 
| 149|0x0000000089500000, 0x0000000089600000, 0x0000000089600000|100%| E|CS|TAMS 0x0000000089500000, 0x0000000089500000| Complete 
| 150|0x0000000089600000, 0x0000000089700000, 0x0000000089700000|100%| E|CS|TAMS 0x0000000089600000, 0x0000000089600000| Complete 
| 151|0x0000000089700000, 0x0000000089800000, 0x0000000089800000|100%| E|CS|TAMS 0x0000000089700000, 0x0000000089700000| Complete 
| 152|0x0000000089800000, 0x0000000089900000, 0x0000000089900000|100%| E|CS|TAMS 0x0000000089800000, 0x0000000089800000| Complete 
| 153|0x0000000089900000, 0x0000000089a00000, 0x0000000089a00000|100%| E|CS|TAMS 0x0000000089900000, 0x0000000089900000| Complete 
| 154|0x0000000089a00000, 0x0000000089b00000, 0x0000000089b00000|100%| E|CS|TAMS 0x0000000089a00000, 0x0000000089a00000| Complete 
| 155|0x0000000089b00000, 0x0000000089c00000, 0x0000000089c00000|100%| E|CS|TAMS 0x0000000089b00000, 0x0000000089b00000| Complete 
| 156|0x0000000089c00000, 0x0000000089d00000, 0x0000000089d00000|100%| E|CS|TAMS 0x0000000089c00000, 0x0000000089c00000| Complete 
| 157|0x0000000089d00000, 0x0000000089e00000, 0x0000000089e00000|100%| E|CS|TAMS 0x0000000089d00000, 0x0000000089d00000| Complete 
| 158|0x0000000089e00000, 0x0000000089f00000, 0x0000000089f00000|100%| E|CS|TAMS 0x0000000089e00000, 0x0000000089e00000| Complete 
| 159|0x0000000089f00000, 0x000000008a000000, 0x000000008a000000|100%| E|CS|TAMS 0x0000000089f00000, 0x0000000089f00000| Complete 
| 160|0x000000008a000000, 0x000000008a100000, 0x000000008a100000|100%| E|CS|TAMS 0x000000008a000000, 0x000000008a000000| Complete 
| 161|0x000000008a100000, 0x000000008a200000, 0x000000008a200000|100%| E|CS|TAMS 0x000000008a100000, 0x000000008a100000| Complete 
| 162|0x000000008a200000, 0x000000008a300000, 0x000000008a300000|100%| E|CS|TAMS 0x000000008a200000, 0x000000008a200000| Complete 
| 163|0x000000008a300000, 0x000000008a400000, 0x000000008a400000|100%| E|CS|TAMS 0x000000008a300000, 0x000000008a300000| Complete 
| 164|0x000000008a400000, 0x000000008a500000, 0x000000008a500000|100%| E|CS|TAMS 0x000000008a400000, 0x000000008a400000| Complete 
| 165|0x000000008a500000, 0x000000008a600000, 0x000000008a600000|100%| E|CS|TAMS 0x000000008a500000, 0x000000008a500000| Complete 
| 166|0x000000008a600000, 0x000000008a700000, 0x000000008a700000|100%| E|CS|TAMS 0x000000008a600000, 0x000000008a600000| Complete 
| 167|0x000000008a700000, 0x000000008a800000, 0x000000008a800000|100%| E|CS|TAMS 0x000000008a700000, 0x000000008a700000| Complete 
| 168|0x000000008a800000, 0x000000008a900000, 0x000000008a900000|100%| E|CS|TAMS 0x000000008a800000, 0x000000008a800000| Complete 
| 169|0x000000008a900000, 0x000000008aa00000, 0x000000008aa00000|100%| E|CS|TAMS 0x000000008a900000, 0x000000008a900000| Complete 
| 170|0x000000008aa00000, 0x000000008ab00000, 0x000000008ab00000|100%| E|CS|TAMS 0x000000008aa00000, 0x000000008aa00000| Complete 
| 171|0x000000008ab00000, 0x000000008ac00000, 0x000000008ac00000|100%| E|CS|TAMS 0x000000008ab00000, 0x000000008ab00000| Complete 
| 172|0x000000008ac00000, 0x000000008ad00000, 0x000000008ad00000|100%| E|CS|TAMS 0x000000008ac00000, 0x000000008ac00000| Complete 
| 173|0x000000008ad00000, 0x000000008ae00000, 0x000000008ae00000|100%| E|CS|TAMS 0x000000008ad00000, 0x000000008ad00000| Complete 
| 174|0x000000008ae00000, 0x000000008af00000, 0x000000008af00000|100%| E|CS|TAMS 0x000000008ae00000, 0x000000008ae00000| Complete 
| 175|0x000000008af00000, 0x000000008b000000, 0x000000008b000000|100%| E|CS|TAMS 0x000000008af00000, 0x000000008af00000| Complete 
| 176|0x000000008b000000, 0x000000008b100000, 0x000000008b100000|100%| E|CS|TAMS 0x000000008b000000, 0x000000008b000000| Complete 
| 177|0x000000008b100000, 0x000000008b200000, 0x000000008b200000|100%| E|CS|TAMS 0x000000008b100000, 0x000000008b100000| Complete 
| 178|0x000000008b200000, 0x000000008b300000, 0x000000008b300000|100%| E|CS|TAMS 0x000000008b200000, 0x000000008b200000| Complete 
| 179|0x000000008b300000, 0x000000008b400000, 0x000000008b400000|100%| E|CS|TAMS 0x000000008b300000, 0x000000008b300000| Complete 
| 180|0x000000008b400000, 0x000000008b500000, 0x000000008b500000|100%| E|CS|TAMS 0x000000008b400000, 0x000000008b400000| Complete 
| 181|0x000000008b500000, 0x000000008b600000, 0x000000008b600000|100%| E|CS|TAMS 0x000000008b500000, 0x000000008b500000| Complete 
| 182|0x000000008b600000, 0x000000008b700000, 0x000000008b700000|100%| E|CS|TAMS 0x000000008b600000, 0x000000008b600000| Complete 
| 183|0x000000008b700000, 0x000000008b800000, 0x000000008b800000|100%| E|CS|TAMS 0x000000008b700000, 0x000000008b700000| Complete 
| 184|0x000000008b800000, 0x000000008b900000, 0x000000008b900000|100%| E|CS|TAMS 0x000000008b800000, 0x000000008b800000| Complete 

Card table byte_map: [0x000001fec4af0000,0x000001fec4ef0000] _byte_map_base: 0x000001fec46f0000

Marking Bits (Prev, Next): (CMBitMap*) 0x000001feb1c06e50, (CMBitMap*) 0x000001feb1c06e18
 Prev Bits: [0x000001fec72f0000, 0x000001fec92f0000)
 Next Bits: [0x000001fec52f0000, 0x000001fec72f0000)

Polling page: 0x000001feb13a0000

Metaspace:

Usage:
  Non-class:     68.81 MB capacity,    67.57 MB ( 98%) used,     1.02 MB (  1%) free+waste,   223.00 KB ( <1%) overhead. 
      Class:     10.97 MB capacity,    10.21 MB ( 93%) used,   673.05 KB (  6%) free+waste,   104.62 KB ( <1%) overhead. 
       Both:     79.79 MB capacity,    77.79 MB ( 97%) used,     1.68 MB (  2%) free+waste,   327.62 KB ( <1%) overhead. 

Virtual space:
  Non-class space:       70.00 MB reserved,      68.82 MB ( 98%) committed 
      Class space:        1.00 GB reserved,      11.02 MB (  1%) committed 
             Both:        1.07 GB reserved,      79.84 MB (  7%) committed 

Chunk freelists:
   Non-Class:  3.00 KB
       Class:  27.00 KB
        Both:  30.00 KB

MaxMetaspaceSize: 17179869184.00 GB
CompressedClassSpaceSize: 1.00 GB
Initial GC threshold: 20.80 MB
Current GC threshold: 126.82 MB
CDS: off

CodeHeap 'non-profiled nmethods': size=120064Kb used=4712Kb max_used=4712Kb free=115352Kb
 bounds [0x000001febd1b0000, 0x000001febd650000, 0x000001fec46f0000]
CodeHeap 'profiled nmethods': size=120000Kb used=16931Kb max_used=16931Kb free=103068Kb
 bounds [0x000001feb5c80000, 0x000001feb6d10000, 0x000001febd1b0000]
CodeHeap 'non-nmethods': size=5696Kb used=2368Kb max_used=2404Kb free=3327Kb
 bounds [0x000001feb56f0000, 0x000001feb5960000, 0x000001feb5c80000]
 total_blobs=8981 nmethods=8090 adapters=803
 compilation: enabled
              stopped_count=0, restarted_count=0
 full_count=0

Compilation events (20 events):
Event: 19.199 Thread 0x000001fecb813000 nmethod 8129 0x000001feb6d00510 code [0x000001feb6d006c0, 0x000001feb6d007f8]
Event: 19.199 Thread 0x000001fecb813000 8130       2       org.gradle.api.internal.provider.AbstractMinimalProvider::get (37 bytes)
Event: 19.200 Thread 0x000001fecb813000 nmethod 8130 0x000001feb6d00910 code [0x000001feb6d00b00, 0x000001feb6d00d68]
Event: 19.202 Thread 0x000001fecb813000 8131       1       org.gradle.api.internal.provider.TransformBackedProvider::getType (2 bytes)
Event: 19.202 Thread 0x000001fecb813000 nmethod 8131 0x000001febd649410 code [0x000001febd6495c0, 0x000001febd649678]
Event: 19.202 Thread 0x000001fecb813000 8132       2       java.util.TreeSet::iterator (15 bytes)
Event: 19.202 Thread 0x000001fecb813000 nmethod 8132 0x000001feb6d00f10 code [0x000001feb6d010e0, 0x000001feb6d01218]
Event: 19.203 Thread 0x000001fecb813000 8134       2       com.google.common.collect.ImmutableSortedSet$Builder::sortAndDedup (165 bytes)
Event: 19.204 Thread 0x000001fecb813000 nmethod 8134 0x000001feb6d01310 code [0x000001feb6d015a0, 0x000001feb6d01e38]
Event: 19.206 Thread 0x000001fecb813000 8135       1       org.gradle.api.internal.file.FileCollectionStructureVisitor::startVisit (2 bytes)
Event: 19.207 Thread 0x000001fecb813000 nmethod 8135 0x000001febd649710 code [0x000001febd6498c0, 0x000001febd649978]
Event: 19.207 Thread 0x000001fecb813000 8137       2       java.util.ArrayDeque::circularClear (43 bytes)
Event: 19.207 Thread 0x000001fecb813000 nmethod 8137 0x000001feb6d02390 code [0x000001feb6d02540, 0x000001feb6d02758]
Event: 19.207 Thread 0x000001fecb813000 8136       2       java.util.ArrayDeque::clear (26 bytes)
Event: 19.208 Thread 0x000001fecb813000 nmethod 8136 0x000001feb6d02910 code [0x000001feb6d02ac0, 0x000001feb6d02c08]
Event: 19.209 Thread 0x000001fecb813000 8138       1       org.gradle.model.internal.type.ClassTypeWrapper::hashCode (5 bytes)
Event: 19.210 Thread 0x000001fecb813000 nmethod 8138 0x000001febd649a10 code [0x000001febd649bc0, 0x000001febd649c78]
Event: 19.210 Thread 0x000001fecb813000 8139       2       org.gradle.api.internal.tasks.CachingTaskDependencyResolveContext::add (25 bytes)
Event: 19.210 Thread 0x000001fecb813000 nmethod 8139 0x000001feb6d02c90 code [0x000001feb6d02e60, 0x000001feb6d03058]
Event: 19.210 Thread 0x000001fecb813000 8140       2       org.gradle.internal.graph.CachingDirectedGraphWalker$NodeDetails::<init> (64 bytes)

GC Heap History (20 events):
Event: 4.738 GC heap before
{Heap before GC invocations=4 (full 0):
 garbage-first heap   total 131072K, used 45611K [0x0000000080000000, 0x0000000100000000)
  region size 1024K, 36 young (36864K), 6 survivors (6144K)
 Metaspace       used 20808K, capacity 21199K, committed 21296K, reserved 1069056K
  class space    used 2525K, capacity 2685K, committed 2688K, reserved 1048576K
}
Event: 4.747 GC heap after
{Heap after GC invocations=5 (full 0):
 garbage-first heap   total 131072K, used 17747K [0x0000000080000000, 0x0000000100000000)
  region size 1024K, 2 young (2048K), 2 survivors (2048K)
 Metaspace       used 20808K, capacity 21199K, committed 21296K, reserved 1069056K
  class space    used 2525K, capacity 2685K, committed 2688K, reserved 1048576K
}
Event: 5.600 GC heap before
{Heap before GC invocations=6 (full 0):
 garbage-first heap   total 131072K, used 66899K [0x0000000080000000, 0x0000000100000000)
  region size 1024K, 50 young (51200K), 2 survivors (2048K)
 Metaspace       used 25906K, capacity 26477K, committed 26620K, reserved 1073152K
  class space    used 3353K, capacity 3581K, committed 3660K, reserved 1048576K
}
Event: 5.608 GC heap after
{Heap after GC invocations=7 (full 0):
 garbage-first heap   total 157696K, used 19386K [0x0000000080000000, 0x0000000100000000)
  region size 1024K, 3 young (3072K), 3 survivors (3072K)
 Metaspace       used 25906K, capacity 26477K, committed 26620K, reserved 1073152K
  class space    used 3353K, capacity 3581K, committed 3660K, reserved 1048576K
}
Event: 7.300 GC heap before
{Heap before GC invocations=7 (full 0):
 garbage-first heap   total 157696K, used 94138K [0x0000000080000000, 0x0000000100000000)
  region size 1024K, 77 young (78848K), 3 survivors (3072K)
 Metaspace       used 35071K, capacity 35965K, committed 36048K, reserved 1081344K
  class space    used 4567K, capacity 4921K, committed 4940K, reserved 1048576K
}
Event: 7.314 GC heap after
{Heap after GC invocations=8 (full 0):
 garbage-first heap   total 157696K, used 23086K [0x0000000080000000, 0x0000000100000000)
  region size 1024K, 7 young (7168K), 7 survivors (7168K)
 Metaspace       used 35071K, capacity 35965K, committed 36048K, reserved 1081344K
  class space    used 4567K, capacity 4921K, committed 4940K, reserved 1048576K
}
Event: 9.130 GC heap before
{Heap before GC invocations=9 (full 0):
 garbage-first heap   total 157696K, used 107054K [0x0000000080000000, 0x0000000100000000)
  region size 1024K, 86 young (88064K), 7 survivors (7168K)
 Metaspace       used 42099K, capacity 43127K, committed 43292K, reserved 1087488K
  class space    used 5358K, capacity 5744K, committed 5784K, reserved 1048576K
}
Event: 9.151 GC heap after
{Heap after GC invocations=10 (full 0):
 garbage-first heap   total 157696K, used 29253K [0x0000000080000000, 0x0000000100000000)
  region size 1024K, 11 young (11264K), 11 survivors (11264K)
 Metaspace       used 42099K, capacity 43127K, committed 43292K, reserved 1087488K
  class space    used 5358K, capacity 5744K, committed 5784K, reserved 1048576K
}
Event: 10.899 GC heap before
{Heap before GC invocations=11 (full 0):
 garbage-first heap   total 157696K, used 112197K [0x0000000080000000, 0x0000000100000000)
  region size 1024K, 92 young (94208K), 11 survivors (11264K)
 Metaspace       used 48799K, capacity 50095K, committed 50460K, reserved 1093632K
  class space    used 6220K, capacity 6695K, committed 6808K, reserved 1048576K
}
Event: 10.918 GC heap after
{Heap after GC invocations=12 (full 0):
 garbage-first heap   total 157696K, used 33488K [0x0000000080000000, 0x0000000100000000)
  region size 1024K, 10 young (10240K), 10 survivors (10240K)
 Metaspace       used 48799K, capacity 50095K, committed 50460K, reserved 1093632K
  class space    used 6220K, capacity 6695K, committed 6808K, reserved 1048576K
}
Event: 12.838 GC heap before
{Heap before GC invocations=12 (full 0):
 garbage-first heap   total 157696K, used 119504K [0x0000000080000000, 0x0000000100000000)
  region size 1024K, 91 young (93184K), 10 survivors (10240K)
 Metaspace       used 56102K, capacity 57584K, committed 57756K, reserved 1099776K
  class space    used 7064K, capacity 7612K, committed 7704K, reserved 1048576K
}
Event: 12.858 GC heap after
{Heap after GC invocations=13 (full 0):
 garbage-first heap   total 157696K, used 44032K [0x0000000080000000, 0x0000000100000000)
  region size 1024K, 12 young (12288K), 12 survivors (12288K)
 Metaspace       used 56102K, capacity 57584K, committed 57756K, reserved 1099776K
  class space    used 7064K, capacity 7612K, committed 7704K, reserved 1048576K
}
Event: 14.502 GC heap before
{Heap before GC invocations=13 (full 0):
 garbage-first heap   total 157696K, used 125952K [0x0000000080000000, 0x0000000100000000)
  region size 1024K, 85 young (87040K), 12 survivors (12288K)
 Metaspace       used 63194K, capacity 64796K, committed 64924K, reserved 1105920K
  class space    used 7983K, capacity 8624K, committed 8728K, reserved 1048576K
}
Event: 14.522 GC heap after
{Heap after GC invocations=14 (full 0):
 garbage-first heap   total 189440K, used 51477K [0x0000000080000000, 0x0000000100000000)
  region size 1024K, 8 young (8192K), 8 survivors (8192K)
 Metaspace       used 63194K, capacity 64796K, committed 64924K, reserved 1105920K
  class space    used 7983K, capacity 8624K, committed 8728K, reserved 1048576K
}
Event: 15.797 GC heap before
{Heap before GC invocations=14 (full 0):
 garbage-first heap   total 189440K, used 135445K [0x0000000080000000, 0x0000000100000000)
  region size 1024K, 89 young (91136K), 8 survivors (8192K)
 Metaspace       used 66716K, capacity 68419K, committed 68764K, reserved 1110016K
  class space    used 8471K, capacity 9138K, committed 9240K, reserved 1048576K
}
Event: 15.811 GC heap after
{Heap after GC invocations=15 (full 0):
 garbage-first heap   total 189440K, used 56683K [0x0000000080000000, 0x0000000100000000)
  region size 1024K, 6 young (6144K), 6 survivors (6144K)
 Metaspace       used 66716K, capacity 68419K, committed 68764K, reserved 1110016K
  class space    used 8471K, capacity 9138K, committed 9240K, reserved 1048576K
}
Event: 16.778 GC heap before
{Heap before GC invocations=15 (full 0):
 garbage-first heap   total 189440K, used 90475K [0x0000000080000000, 0x0000000100000000)
  region size 1024K, 40 young (40960K), 6 survivors (6144K)
 Metaspace       used 70877K, capacity 72652K, committed 72796K, reserved 1112064K
  class space    used 9201K, capacity 9902K, committed 10008K, reserved 1048576K
}
Event: 16.789 GC heap after
{Heap after GC invocations=16 (full 0):
 garbage-first heap   total 189440K, used 58645K [0x0000000080000000, 0x0000000100000000)
  region size 1024K, 8 young (8192K), 8 survivors (8192K)
 Metaspace       used 70877K, capacity 72652K, committed 72796K, reserved 1112064K
  class space    used 9201K, capacity 9902K, committed 10008K, reserved 1048576K
}
Event: 18.134 GC heap before
{Heap before GC invocations=17 (full 0):
 garbage-first heap   total 189440K, used 141589K [0x0000000080000000, 0x0000000100000000)
  region size 1024K, 89 young (91136K), 8 survivors (8192K)
 Metaspace       used 74995K, capacity 76914K, committed 77020K, reserved 1116160K
  class space    used 9833K, capacity 10556K, committed 10648K, reserved 1048576K
}
Event: 18.163 GC heap after
{Heap after GC invocations=18 (full 0):
 garbage-first heap   total 189440K, used 64393K [0x0000000080000000, 0x0000000100000000)
  region size 1024K, 8 young (8192K), 8 survivors (8192K)
 Metaspace       used 74995K, capacity 76914K, committed 77020K, reserved 1116160K
  class space    used 9833K, capacity 10556K, committed 10648K, reserved 1048576K
}

Deoptimization events (20 events):
Event: 18.437 Thread 0x000001fecd3dc000 Uncommon trap: trap_request=0xfffffff4 fr.pc=0x000001febd54255c relative=0x0000000000001fdc
Event: 18.437 Thread 0x000001fecd3dc000 Uncommon trap: reason=null_check action=make_not_entrant pc=0x000001febd54255c method=java.lang.Class.createAnnotationData(I)Ljava/lang/Class$AnnotationData; @ 14 c2
Event: 18.437 Thread 0x000001fecd3dc000 DEOPT PACKING pc=0x000001febd54255c sp=0x000000912b5f7710
Event: 18.437 Thread 0x000001fecd3dc000 DEOPT UNPACKING pc=0x000001feb573a1af sp=0x000000912b5f76c0 mode 2
Event: 18.797 Thread 0x000001fecd3dc000 Uncommon trap: trap_request=0xffffff4d fr.pc=0x000001febd58563c relative=0x00000000000002dc
Event: 18.797 Thread 0x000001fecd3dc000 Uncommon trap: reason=unstable_if action=reinterpret pc=0x000001febd58563c method=java.lang.CharacterDataLatin1.digit(II)I @ 12 c2
Event: 18.797 Thread 0x000001fecd3dc000 DEOPT PACKING pc=0x000001febd58563c sp=0x000000912b5f8f20
Event: 18.797 Thread 0x000001fecd3dc000 DEOPT UNPACKING pc=0x000001feb573a1af sp=0x000000912b5f8d40 mode 2
Event: 18.953 Thread 0x000001fecd3dc000 Uncommon trap: trap_request=0xffffff4d fr.pc=0x000001febd47ce8c relative=0x000000000000070c
Event: 18.953 Thread 0x000001fecd3dc000 Uncommon trap: reason=unstable_if action=reinterpret pc=0x000001febd47ce8c method=java.util.HashMap.putVal(ILjava/lang/Object;Ljava/lang/Object;ZZ)Ljava/lang/Object; @ 109 c2
Event: 18.953 Thread 0x000001fecd3dc000 DEOPT PACKING pc=0x000001febd47ce8c sp=0x000000912b5f7630
Event: 18.953 Thread 0x000001fecd3dc000 DEOPT UNPACKING pc=0x000001feb573a1af sp=0x000000912b5f7548 mode 2
Event: 18.953 Thread 0x000001fecd3dc000 Uncommon trap: trap_request=0xffffff4d fr.pc=0x000001febd455a0c relative=0x000000000000068c
Event: 18.953 Thread 0x000001fecd3dc000 Uncommon trap: reason=unstable_if action=reinterpret pc=0x000001febd455a0c method=java.util.HashMap.putVal(ILjava/lang/Object;Ljava/lang/Object;ZZ)Ljava/lang/Object; @ 109 c2
Event: 18.953 Thread 0x000001fecd3dc000 DEOPT PACKING pc=0x000001febd455a0c sp=0x000000912b5f7580
Event: 18.953 Thread 0x000001fecd3dc000 DEOPT UNPACKING pc=0x000001feb573a1af sp=0x000000912b5f7538 mode 2
Event: 19.012 Thread 0x000001fecd3dc000 DEOPT PACKING pc=0x000001feb683f0f3 sp=0x000000912b5f7730
Event: 19.012 Thread 0x000001fecd3dc000 DEOPT UNPACKING pc=0x000001feb573a95e sp=0x000000912b5f6cd0 mode 0
Event: 19.121 Thread 0x000001fecd3dc000 DEOPT PACKING pc=0x000001feb683f0f3 sp=0x000000912b5f7780
Event: 19.121 Thread 0x000001fecd3dc000 DEOPT UNPACKING pc=0x000001feb573a95e sp=0x000000912b5f6d20 mode 0

Classes redefined (0 events):
No events

Internal exceptions (20 events):
Event: 17.351 Thread 0x000001fecd3dc000 Exception <a 'java/lang/ClassNotFoundException'{0x000000008870db98}: org/gradle/api/internal/file/AbstractFileCollectionCustomizer> (0x000000008870db98) thrown at [src/hotspot/share/classfile/systemDictionary.cpp, line 230]
Event: 17.353 Thread 0x000001fecd3dc000 Exception <a 'java/lang/ClassNotFoundException'{0x000000008874f028}: org/gradle/api/internal/artifacts/configurations/DefaultConfigurationCustomizer> (0x000000008874f028) thrown at [src/hotspot/share/classfile/systemDictionary.cpp, line 230]
Event: 17.360 Thread 0x000001fecd3dc000 Exception <a 'java/lang/ClassNotFoundException'{0x00000000887e2c00}: org/gradle/api/internal/artifacts/configurations/DefaultConfiguration_DecoratedCustomizer> (0x00000000887e2c00) thrown at [src/hotspot/share/classfile/systemDictionary.cpp, line 230]
Event: 17.378 Thread 0x000001fecd3dc000 Exception <a 'java/lang/ClassNotFoundException'{0x00000000884765b8}: org/codehaus/groovy/runtime/MethodClosureBeanInfo> (0x00000000884765b8) thrown at [src/hotspot/share/classfile/systemDictionary.cpp, line 230]
Event: 17.382 Thread 0x000001fecd3dc000 Exception <a 'java/lang/ClassNotFoundException'{0x0000000088251a68}: org/codehaus/groovy/runtime/MethodClosureCustomizer> (0x0000000088251a68) thrown at [src/hotspot/share/classfile/systemDictionary.cpp, line 230]
Event: 17.386 Thread 0x000001fecd3dc000 Exception <a 'java/lang/ClassNotFoundException'{0x00000000882c2220}: org/gradle/api/internal/artifacts/configurations/DefaultConfiguration$ConfigurationResolvableDependencies_DecoratedBeanInfo> (0x00000000882c2220) thrown at [src/hotspot/share/classfile/systemDictionary.cpp, line 230]
Event: 17.387 Thread 0x000001fecd3dc000 Exception <a 'java/lang/ClassNotFoundException'{0x00000000882fae98}: org/gradle/api/internal/artifacts/configurations/DefaultConfiguration$ConfigurationResolvableDependenciesBeanInfo> (0x00000000882fae98) thrown at [src/hotspot/share/classfile/systemDictionary.cpp, line 230]
Event: 17.388 Thread 0x000001fecd3dc000 Exception <a 'java/lang/ClassNotFoundException'{0x0000000088135240}: org/gradle/api/internal/artifacts/configurations/DefaultConfiguration$ConfigurationResolvableDependenciesCustomizer> (0x0000000088135240) thrown at [src/hotspot/share/classfile/systemDictionary.cpp, line 230]
Event: 17.390 Thread 0x000001fecd3dc000 Exception <a 'java/lang/ClassNotFoundException'{0x000000008817ff40}: org/gradle/api/internal/artifacts/configurations/DefaultConfiguration$ConfigurationResolvableDependencies_DecoratedCustomizer> (0x000000008817ff40) thrown at [src/hotspot/share/classfile/systemDictionary.cpp, line 230]
Event: 17.795 Thread 0x000001fecd3dc000 Exception <a 'java/lang/NoSuchMethodError'{0x00000000870a0818}: 'java.lang.Object java.lang.invoke.DirectMethodHandle$Holder.invokeStatic(java.lang.Object, java.lang.Object, java.lang.Object, java.lang.Object, java.lang.Object, java.lang.Object, int)'> (0x00000000870a0818) thrown at [src/hotspot/share/interpreter/linkResolver.cpp, line 773]
Event: 17.796 Thread 0x000001fecd3dc000 Exception <a 'java/lang/NoSuchMethodError'{0x00000000870b8168}: 'java.lang.Object java.lang.invoke.DirectMethodHandle$Holder.invokeStatic(java.lang.Object, java.lang.Object, java.lang.Object, java.lang.Object, java.lang.Object, java.lang.Object, int, int)'> (0x00000000870b8168) thrown at [src/hotspot/share/interpreter/linkResolver.cpp, line 773]
Event: 17.798 Thread 0x000001fecd3dc000 Exception <a 'java/lang/NoSuchMethodError'{0x00000000870d0720}: 'java.lang.Object java.lang.invoke.DirectMethodHandle$Holder.invokeStatic(java.lang.Object, java.lang.Object, java.lang.Object, java.lang.Object, java.lang.Object, java.lang.Object, int, int, java.lang.Object)'> (0x00000000870d0720) thrown at [src/hotspot/share/interpreter/linkResolver.cpp, line 773]
Event: 18.010 Thread 0x000001fecd3dc000 Exception <a 'sun/nio/fs/WindowsException'{0x000000008659cc78}> (0x000000008659cc78) thrown at [src/hotspot/share/prims/jni.cpp, line 617]
Event: 18.261 Thread 0x000001fecd3dc000 Exception <a 'java/lang/NullPointerException'{0x000000008b34b8f0}> (0x000000008b34b8f0) thrown at [src/hotspot/share/interpreter/linkResolver.cpp, line 1440]
Event: 18.437 Thread 0x000001fecd3dc000 Implicit null exception at 0x000001febd540667 to 0x000001febd542534
Event: 18.806 Thread 0x000001fecd3dc000 Exception <a 'sun/nio/fs/WindowsException'{0x000000008a1c21d0}> (0x000000008a1c21d0) thrown at [src/hotspot/share/prims/jni.cpp, line 617]
Event: 18.807 Thread 0x000001fecd3dc000 Exception <a 'sun/nio/fs/WindowsException'{0x000000008a1c3570}> (0x000000008a1c3570) thrown at [src/hotspot/share/prims/jni.cpp, line 617]
Event: 18.807 Thread 0x000001fecd3dc000 Exception <a 'sun/nio/fs/WindowsException'{0x000000008a1c4948}> (0x000000008a1c4948) thrown at [src/hotspot/share/prims/jni.cpp, line 617]
Event: 18.807 Thread 0x000001fecd3dc000 Exception <a 'sun/nio/fs/WindowsException'{0x000000008a1c5d20}> (0x000000008a1c5d20) thrown at [src/hotspot/share/prims/jni.cpp, line 617]
Event: 18.986 Thread 0x000001fecd3dc000 Exception <a 'java/lang/NoSuchMethodError'{0x00000000899fc038}: 'java.lang.Object java.lang.invoke.Invokers$Holder.linkToTargetMethod(java.lang.Object, int, java.lang.Object)'> (0x00000000899fc038) thrown at [src/hotspot/share/interpreter/linkResolver.cpp, line 773]

Events (20 events):
Event: 19.136 loading class org/gradle/internal/component/external/model/ImmutableCapability
Event: 19.136 loading class org/gradle/internal/component/external/model/ImmutableCapability done
Event: 19.137 loading class org/gradle/api/capabilities/Capability
Event: 19.137 loading class org/gradle/api/capabilities/Capability done
Event: 19.137 loading class com/android/build/gradle/internal/tasks/featuresplit/PackagedDependenciesWriterTask$CreationAction$configure$1$1$1
Event: 19.137 loading class com/android/build/gradle/internal/tasks/featuresplit/PackagedDependenciesWriterTask$CreationAction$configure$1$1$1 done
Event: 19.138 loading class com/android/build/gradle/internal/tasks/featuresplit/PackagedDependenciesWriterTaskKt
Event: 19.138 loading class com/android/build/gradle/internal/tasks/featuresplit/PackagedDependenciesWriterTaskKt done
Event: 19.139 loading class com/android/build/gradle/internal/tasks/featuresplit/PackagedDependenciesWriterTaskKt$aarOrJarType$1
Event: 19.139 loading class com/android/build/gradle/internal/tasks/featuresplit/PackagedDependenciesWriterTaskKt$aarOrJarType$1 done
Event: 19.140 loading class com/android/build/gradle/internal/tasks/featuresplit/PackagedDependenciesWriterTask$CreationAction$configure$1$1$1$1
Event: 19.140 loading class com/android/build/gradle/internal/tasks/featuresplit/PackagedDependenciesWriterTask$CreationAction$configure$1$1$1$1 done
Event: 19.148 loading class com/android/build/gradle/internal/tasks/featuresplit/PackagedDependenciesWriterTask$CreationAction$configure$2
Event: 19.148 loading class com/android/build/gradle/internal/tasks/featuresplit/PackagedDependenciesWriterTask$CreationAction$configure$2 done
Event: 19.200 loading class com/android/build/gradle/internal/BuildToolsExecutableInput$sdkLoader$1
Event: 19.200 loading class com/android/build/gradle/internal/BuildToolsExecutableInput$sdkLoader$1 done
Event: 19.201 loading class com/android/build/gradle/internal/BuildToolsExecutableInput$aidlFrameworkProvider$1
Event: 19.201 loading class com/android/build/gradle/internal/BuildToolsExecutableInput$aidlFrameworkProvider$1 done
Event: 19.206 loading class com/android/build/api/component/impl/DefaultSourcesProviderImpl$getRenderscript$1
Event: 19.206 loading class com/android/build/api/component/impl/DefaultSourcesProviderImpl$getRenderscript$1 done


Dynamic libraries:
0x00007ff755b40000 - 0x00007ff755b4a000 	D:\Program Files\Android Studio\jbr\bin\java.exe
0x00007ffd90af0000 - 0x00007ffd90ce8000 	C:\WINDOWS\SYSTEM32\ntdll.dll
0x00007ffd8ed20000 - 0x00007ffd8eddd000 	C:\WINDOWS\System32\KERNEL32.DLL
0x00007ffd8e5a0000 - 0x00007ffd8e86e000 	C:\WINDOWS\System32\KERNELBASE.dll
0x00007ffd8e3e0000 - 0x00007ffd8e4e0000 	C:\WINDOWS\System32\ucrtbase.dll
0x00007ffd50d00000 - 0x00007ffd50d17000 	D:\Program Files\Android Studio\jbr\bin\jli.dll
0x00007ffd4db70000 - 0x00007ffd4db8b000 	D:\Program Files\Android Studio\jbr\bin\VCRUNTIME140.dll
0x00007ffd90130000 - 0x00007ffd902d0000 	C:\WINDOWS\System32\USER32.dll
0x00007ffd69c40000 - 0x00007ffd69eda000 	C:\WINDOWS\WinSxS\amd64_microsoft.windows.common-controls_6595b64144ccf1df_6.0.19041.1110_none_60b5254171f9507e\COMCTL32.dll
0x00007ffd8e870000 - 0x00007ffd8e892000 	C:\WINDOWS\System32\win32u.dll
0x00007ffd8f760000 - 0x00007ffd8f78a000 	C:\WINDOWS\System32\GDI32.dll
0x00007ffd90970000 - 0x00007ffd90a0e000 	C:\WINDOWS\System32\msvcrt.dll
0x00007ffd8e950000 - 0x00007ffd8ea5b000 	C:\WINDOWS\System32\gdi32full.dll
0x00007ffd8ea60000 - 0x00007ffd8eafd000 	C:\WINDOWS\System32\msvcp_win.dll
0x00007ffd8fa20000 - 0x00007ffd8fa50000 	C:\WINDOWS\System32\IMM32.DLL
0x00007ffd62a90000 - 0x00007ffd62a9c000 	D:\Program Files\Android Studio\jbr\bin\vcruntime140_1.dll
0x00007ffd47a10000 - 0x00007ffd47a9d000 	D:\Program Files\Android Studio\jbr\bin\msvcp140.dll
0x00007ffcf05a0000 - 0x00007ffcf115c000 	D:\Program Files\Android Studio\jbr\bin\server\jvm.dll
0x00007ffd8fb00000 - 0x00007ffd8fbae000 	C:\WINDOWS\System32\ADVAPI32.dll
0x00007ffd8f6c0000 - 0x00007ffd8f75c000 	C:\WINDOWS\System32\sechost.dll
0x00007ffd8ede0000 - 0x00007ffd8ef05000 	C:\WINDOWS\System32\RPCRT4.dll
0x00007ffd90960000 - 0x00007ffd90968000 	C:\WINDOWS\System32\PSAPI.DLL
0x00007ffd84fc0000 - 0x00007ffd84fc9000 	C:\WINDOWS\SYSTEM32\WSOCK32.dll
0x00007ffd8fbb0000 - 0x00007ffd8fc1b000 	C:\WINDOWS\System32\WS2_32.dll
0x00007ffd82dc0000 - 0x00007ffd82dca000 	C:\WINDOWS\SYSTEM32\VERSION.dll
0x00007ffd6f350000 - 0x00007ffd6f377000 	C:\WINDOWS\SYSTEM32\WINMM.dll
0x00007ffd8c0c0000 - 0x00007ffd8c0d2000 	C:\WINDOWS\SYSTEM32\kernel.appcore.dll
0x00007ffd8b9f0000 - 0x00007ffd8ba00000 	D:\Program Files\Android Studio\jbr\bin\verify.dll
0x00007ffd84db0000 - 0x00007ffd84f94000 	C:\WINDOWS\SYSTEM32\DBGHELP.DLL
0x00007ffd6c740000 - 0x00007ffd6c76c000 	C:\WINDOWS\SYSTEM32\dbgcore.DLL
0x00007ffd8e4e0000 - 0x00007ffd8e562000 	C:\WINDOWS\System32\bcryptPrimitives.dll
0x00007ffd563c0000 - 0x00007ffd563e8000 	D:\Program Files\Android Studio\jbr\bin\java.dll
0x00007ffd85030000 - 0x00007ffd8503a000 	D:\Program Files\Android Studio\jbr\bin\jimage.dll
0x00007ffd77760000 - 0x00007ffd77778000 	D:\Program Files\Android Studio\jbr\bin\zip.dll
0x00007ffd8ef10000 - 0x00007ffd8f653000 	C:\WINDOWS\System32\SHELL32.dll
0x00007ffd8c2c0000 - 0x00007ffd8ca55000 	C:\WINDOWS\SYSTEM32\windows.storage.dll
0x00007ffd8fdd0000 - 0x00007ffd90124000 	C:\WINDOWS\System32\combase.dll
0x00007ffd8dac0000 - 0x00007ffd8daf0000 	C:\WINDOWS\SYSTEM32\Wldp.dll
0x00007ffd8fa50000 - 0x00007ffd8fafd000 	C:\WINDOWS\System32\SHCORE.dll
0x00007ffd90900000 - 0x00007ffd90955000 	C:\WINDOWS\System32\shlwapi.dll
0x00007ffd8e150000 - 0x00007ffd8e16f000 	C:\WINDOWS\SYSTEM32\profapi.dll
0x00007ffd62700000 - 0x00007ffd62719000 	D:\Program Files\Android Studio\jbr\bin\net.dll
0x00007ffd7d090000 - 0x00007ffd7d19a000 	C:\WINDOWS\SYSTEM32\WINHTTP.dll
0x00007ffd8d8a0000 - 0x00007ffd8d90a000 	C:\WINDOWS\system32\mswsock.dll
0x00007ffd5e850000 - 0x00007ffd5e863000 	D:\Program Files\Android Studio\jbr\bin\nio.dll
0x00007ffd4e940000 - 0x00007ffd4e967000 	C:\Users\Teodora\.gradle\native\e1d6ef7f7dcc3fd88c89a11ec53ec762bb8ba0a96d01ffa2cd45eb1d1d8dd5c5\windows-amd64\native-platform.dll
0x00007ffd36ca0000 - 0x00007ffd36de4000 	C:\Users\Teodora\.gradle\native\0d407fdbe67a94daf76414ababcb853783967236a71b16ec16e742cd7a986fd3\windows-amd64\native-platform-file-events.dll
0x00007ffd7ba80000 - 0x00007ffd7ba8a000 	D:\Program Files\Android Studio\jbr\bin\management.dll
0x00007ffd7ba00000 - 0x00007ffd7ba0b000 	D:\Program Files\Android Studio\jbr\bin\management_ext.dll
0x00007ffd8de00000 - 0x00007ffd8de18000 	C:\WINDOWS\SYSTEM32\CRYPTSP.dll
0x00007ffd8d240000 - 0x00007ffd8d274000 	C:\WINDOWS\system32\rsaenh.dll
0x00007ffd8e570000 - 0x00007ffd8e597000 	C:\WINDOWS\System32\bcrypt.dll
0x00007ffd8e110000 - 0x00007ffd8e13e000 	C:\WINDOWS\SYSTEM32\USERENV.dll
0x00007ffd8da30000 - 0x00007ffd8da3c000 	C:\WINDOWS\SYSTEM32\CRYPTBASE.dll
0x00007ffd8d5b0000 - 0x00007ffd8d5eb000 	C:\WINDOWS\SYSTEM32\IPHLPAPI.DLL
0x00007ffd90330000 - 0x00007ffd90338000 	C:\WINDOWS\System32\NSI.dll
0x00007ffd7cd30000 - 0x00007ffd7cd47000 	C:\WINDOWS\SYSTEM32\dhcpcsvc6.DLL
0x00007ffd7cd10000 - 0x00007ffd7cd2d000 	C:\WINDOWS\SYSTEM32\dhcpcsvc.DLL
0x00007ffd8d5f0000 - 0x00007ffd8d6ba000 	C:\WINDOWS\SYSTEM32\DNSAPI.dll

dbghelp: loaded successfully - version: 4.0.5 - missing functions: none
symbol engine: initialized successfully - sym options: 0x614 - pdb path: .;D:\Program Files\Android Studio\jbr\bin;C:\WINDOWS\SYSTEM32;C:\WINDOWS\WinSxS\amd64_microsoft.windows.common-controls_6595b64144ccf1df_6.0.19041.1110_none_60b5254171f9507e;D:\Program Files\Android Studio\jbr\bin\server;C:\Users\Teodora\.gradle\native\e1d6ef7f7dcc3fd88c89a11ec53ec762bb8ba0a96d01ffa2cd45eb1d1d8dd5c5\windows-amd64;C:\Users\Teodora\.gradle\native\0d407fdbe67a94daf76414ababcb853783967236a71b16ec16e742cd7a986fd3\windows-amd64

VM Arguments:
jvm_args: --add-opens=java.base/java.util=ALL-UNNAMED --add-opens=java.base/java.lang=ALL-UNNAMED --add-opens=java.base/java.lang.invoke=ALL-UNNAMED --add-opens=java.base/java.util=ALL-UNNAMED --add-opens=java.prefs/java.util.prefs=ALL-UNNAMED --add-opens=java.prefs/java.util.prefs=ALL-UNNAMED --add-opens=java.base/java.nio.charset=ALL-UNNAMED --add-opens=java.base/java.net=ALL-UNNAMED --add-opens=java.base/java.util.concurrent.atomic=ALL-UNNAMED -Xmx2048m -Dfile.encoding=UTF-8 -Duser.country=US -Duser.language=en -Duser.variant 
java_command: org.gradle.launcher.daemon.bootstrap.GradleDaemon 7.5
java_class_path (initial): C:\Users\Teodora\.gradle\wrapper\dists\gradle-7.5-bin\f1w0cc9nuo0eivz97x2xlu9sv\gradle-7.5\lib\gradle-launcher-7.5.jar
Launcher Type: SUN_STANDARD

[Global flags]
     intx CICompilerCount                          = 3                                         {product} {ergonomic}
     uint ConcGCThreads                            = 1                                         {product} {ergonomic}
     uint G1ConcRefinementThreads                  = 4                                         {product} {ergonomic}
   size_t G1HeapRegionSize                         = 1048576                                   {product} {ergonomic}
    uintx GCDrainStackTargetSize                   = 64                                        {product} {ergonomic}
   size_t InitialHeapSize                          = 134217728                                 {product} {ergonomic}
   size_t MarkStackSize                            = 4194304                                   {product} {ergonomic}
   size_t MaxHeapSize                              = 2147483648                                {product} {command line}
   size_t MaxNewSize                               = 1287651328                                {product} {ergonomic}
   size_t MinHeapDeltaBytes                        = 1048576                                   {product} {ergonomic}
    uintx NonNMethodCodeHeapSize                   = 5830732                                {pd product} {ergonomic}
    uintx NonProfiledCodeHeapSize                  = 122913754                              {pd product} {ergonomic}
    uintx ProfiledCodeHeapSize                     = 122913754                              {pd product} {ergonomic}
    uintx ReservedCodeCacheSize                    = 251658240                              {pd product} {ergonomic}
     bool SegmentedCodeCache                       = true                                      {product} {ergonomic}
     bool UseCompressedClassPointers               = true                                 {lp64_product} {ergonomic}
     bool UseCompressedOops                        = true                                 {lp64_product} {ergonomic}
     bool UseG1GC                                  = true                                      {product} {ergonomic}
     bool UseLargePagesIndividualAllocation        = false                                  {pd product} {ergonomic}

Logging:
Log output configuration:
 #0: stdout all=warning uptime,level,tags
 #1: stderr all=off uptime,level,tags

Environment Variables:
PATH=C:\RoboDK\Python37\Scripts\;C:\RoboDK\Python37\;C:\Program Files\Microsoft\jdk-11.0.12.7-hotspot\bin;C:\Program Files\Common Files\Oracle\Java\javapath;C:\Program Files (x86)\Common Files\Oracle\Java\javapath;C:\WINDOWS\system32;C:\WINDOWS;C:\WINDOWS\System32\Wbem;C:\WINDOWS\System32\WindowsPowerShell\v1.0\;C:\WINDOWS\System32\OpenSSH\;C:\Program Files\Microsoft SQL Server\Client SDK\ODBC\110\Tools\Binn\;C:\Program Files (x86)\Microsoft SQL Server\120\Tools\Binn\;C:\Program Files\Microsoft SQL Server\120\Tools\Binn\;C:\Program Files\Microsoft SQL Server\120\DTS\Binn\;C:\Program Files (x86)\Windows Kits\8.1\Windows Performance Toolkit\;C:\Program Files\Microsoft SQL Server\Client SDK\ODBC\170\Tools\Binn\;C:\Program Files (x86)\Microsoft SQL Server\150\Tools\Binn\;C:\Program Files\Microsoft SQL Server\150\Tools\Binn\;C:\Program Files\Microsoft SQL Server\150\DTS\Binn\;C:\Program Files (x86)\Microsoft SQL Server\150\DTS\Binn\;C:\Program Files\dotnet\;C:\Program Files\Microsoft SQL Server\110\Tools\Binn\;C:\Program Files\nodejs\;C:\Program Files\Git\cmd;C:\Users\Teodora\AppData\Local\Microsoft\WindowsApps;C:\Program Files\Azure Data Studio\bin;C:\Users\Teodora\.dotnet\tools;C:\Users\Teodora\AppData\Roaming\npm;C:\Users\Teodora\AppData\Local\GitHubDesktop\bin
USERNAME=Teodora
OS=Windows_NT
PROCESSOR_IDENTIFIER=Intel64 Family 6 Model 142 Stepping 9, GenuineIntel



---------------  S Y S T E M  ---------------

OS: Windows 10 , 64 bit Build 19041 (10.0.19041.1889)
OS uptime: 20 days 18:22 hours
Hyper-V role detected

CPU:total 4 (initial active 4) (2 cores per cpu, 2 threads per core) family 6 model 142 stepping 9 microcode 0xb4, cmov, cx8, fxsr, mmx, sse, sse2, sse3, ssse3, sse4.1, sse4.2, popcnt, avx, avx2, aes, clmul, erms, 3dnowpref, lzcnt, ht, tsc, tscinvbit, bmi1, bmi2, adx, fma

Memory: 4k page, system-wide physical 8069M (328M free)
TotalPageFile size 20156M (AvailPageFile size 5M)
current process WorkingSet (physical memory assigned to process): 409M, peak: 414M
current process commit charge ("private bytes"): 442M, peak: 443M

vm_info: OpenJDK 64-Bit Server VM (11.0.15+0-b2043.56-9505619) for windows-amd64 JRE (11.0.15+0-b2043.56-9505619), built on Jan 19 2023 02:48:00 by "builduser" with unknown MS VC++:1929

END.
