#
# There is insufficient memory for the Java Runtime Environment to continue.
# Native memory allocation (malloc) failed to allocate 1760336 bytes for Chunk::new
# Possible reasons:
#   The system is out of physical RAM or swap space
#   The process is running with CompressedOops enabled, and the Java Heap may be blocking the growth of the native heap
# Possible solutions:
#   Reduce memory load on the system
#   Increase physical memory or swap space
#   Check if swap backing store is full
#   Decrease Java heap size (-Xmx/-Xms)
#   Decrease number of Java threads
#   Decrease Java thread stack sizes (-Xss)
#   Set larger code cache with -XX:ReservedCodeCacheSize=
#   JVM is running with Unscaled Compressed Oops mode in which the Java heap is
#     placed in the first 4GB address space. The Java Heap base address is the
#     maximum limit for the native heap growth. Please use -XX:HeapBaseMinAddress
#     to set the Java Heap base and to place the Java Heap above 4GB virtual address.
# This output file may be truncated or incomplete.
#
#  Out of Memory Error (src/hotspot/share/memory/arena.cpp:197), pid=20436, tid=18364
#
# JRE version: OpenJDK Runtime Environment (11.0.15) (build 11.0.15+0-b2043.56-9505619)
# Java VM: OpenJDK 64-Bit Server VM (11.0.15+0-b2043.56-9505619, mixed mode, tiered, compressed oops, g1 gc, windows-amd64)
# No core dump will be written. Minidumps are not enabled by default on client versions of Windows
#

---------------  S U M M A R Y ------------

Command Line: --add-opens=java.base/java.util=ALL-UNNAMED --add-opens=java.base/java.lang=ALL-UNNAMED --add-opens=java.base/java.lang.invoke=ALL-UNNAMED --add-opens=java.base/java.util=ALL-UNNAMED --add-opens=java.prefs/java.util.prefs=ALL-UNNAMED --add-opens=java.prefs/java.util.prefs=ALL-UNNAMED --add-opens=java.base/java.nio.charset=ALL-UNNAMED --add-opens=java.base/java.net=ALL-UNNAMED --add-opens=java.base/java.util.concurrent.atomic=ALL-UNNAMED -Xmx2048m -Dfile.encoding=UTF-8 -Duser.country=US -Duser.language=en -Duser.variant org.gradle.launcher.daemon.bootstrap.GradleDaemon 7.5

Host: Intel(R) Core(TM) i5-7200U CPU @ 2.50GHz, 4 cores, 7G,  Windows 10 , 64 bit Build 19041 (10.0.19041.1889)
Time: Sun Jun  4 19:31:59 2023 Central European Daylight Time elapsed time: 27.227376 seconds (0d 0h 0m 27s)

---------------  T H R E A D  ---------------

Current thread (0x000001cbb92fe800):  JavaThread "C2 CompilerThread0" daemon [_thread_in_native, id=18364, stack(0x000000472ea00000,0x000000472eb00000)]


Current CompileTask:
C2:  27227 11276       4       com.android.utils.XmlUtils::append (597 bytes)

Stack: [0x000000472ea00000,0x000000472eb00000]
Native frames: (J=compiled Java code, j=interpreted, Vv=VM code, C=native code)
V  [jvm.dll+0x64135a]
V  [jvm.dll+0x7d39f9]
V  [jvm.dll+0x7d51b9]
V  [jvm.dll+0x7d58a3]
V  [jvm.dll+0x2691c5]
V  [jvm.dll+0xc1a5c]
V  [jvm.dll+0xc200c]
V  [jvm.dll+0x3774a7]
V  [jvm.dll+0x1b3914]
V  [jvm.dll+0x22163e]
V  [jvm.dll+0x220498]
V  [jvm.dll+0x19e851]
V  [jvm.dll+0x230479]
V  [jvm.dll+0x22e5ef]
V  [jvm.dll+0x794de1]
V  [jvm.dll+0x78dc24]
V  [jvm.dll+0x6400f6]
C  [ucrtbase.dll+0x21bb2]
C  [KERNEL32.DLL+0x17034]
C  [ntdll.dll+0x526a1]


---------------  P R O C E S S  ---------------

Threads class SMR info:
_java_thread_list=0x000001cbbaf090b0, length=88, elements={
0x000001cb9d795800, 0x000001cbb92da000, 0x000001cbb92e5000, 0x000001cbb92f9800,
0x000001cbb92fa800, 0x000001cbb92fd800, 0x000001cbb92fe800, 0x000001cbb9303000,
0x000001cbb930e800, 0x000001cbb9de3800, 0x000001cbba960800, 0x000001cbbad24000,
0x000001cbbb37b000, 0x000001cbbb727800, 0x000001cbbbb7e000, 0x000001cbbbaeb800,
0x000001cbbbd2c000, 0x000001cbbbf64800, 0x000001cbbba77000, 0x000001cbbbbd2800,
0x000001cbbbabf000, 0x000001cbbbabb800, 0x000001cbbbabd800, 0x000001cbbbaba000,
0x000001cbbbab9800, 0x000001cbbbabe000, 0x000001cbbbac0000, 0x000001cbbbabc800,
0x000001cbbbabb000, 0x000001cbbde1e800, 0x000001cbbde1f000, 0x000001cbbde20000,
0x000001cbbde1a800, 0x000001cbbde1d800, 0x000001cbbde1b000, 0x000001cbbde21000,
0x000001cbbde21800, 0x000001cbbde1c000, 0x000001cbbde25000, 0x000001cbbde23800,
0x000001cbbde27800, 0x000001cbbde25800, 0x000001cbbde26800, 0x000001cbbde28000,
0x000001cbbde22800, 0x000001cbbde29000, 0x000001cbbde24000, 0x000001cbbc2b0800,
0x000001cbbc2b4000, 0x000001cbbc2af000, 0x000001cbbc2b1800, 0x000001cbbc2b2800,
0x000001cbbc2ae800, 0x000001cbbc2b3000, 0x000001cbbc2b5000, 0x000001cbbc2b0000,
0x000001cbbc2b7800, 0x000001cbbc2ba800, 0x000001cbbc2b8000, 0x000001cbbc2bb800,
0x000001cbbc2b9000, 0x000001cbbc2b5800, 0x000001cbbc2b6800, 0x000001cbbc2b9800,
0x000001cbbc2bc000, 0x000001cbbc2bd000, 0x000001cbbe47a800, 0x000001cbbe47b800,
0x000001cbbe47a000, 0x000001cbbe47d000, 0x000001cbbe479000, 0x000001cbbe477800,
0x000001cbbe47e000, 0x000001cbbe47c000, 0x000001cbbe478000, 0x000001cbbe481000,
0x000001cbbe47e800, 0x000001cbbe482000, 0x000001cbbe482800, 0x000001cbbe485000,
0x000001cbbe47f800, 0x000001cbbe484800, 0x000001cbbe480800, 0x000001cbbe483800,
0x000001cbbe486000, 0x000001cbbc5c3800, 0x000001cbbc5ca000, 0x000001cbbc5c9800
}

Java Threads: ( => current thread )
  0x000001cb9d795800 JavaThread "main" [_thread_blocked, id=80, stack(0x000000472de00000,0x000000472df00000)]
  0x000001cbb92da000 JavaThread "Reference Handler" daemon [_thread_blocked, id=8344, stack(0x000000472e500000,0x000000472e600000)]
  0x000001cbb92e5000 JavaThread "Finalizer" daemon [_thread_blocked, id=292, stack(0x000000472e600000,0x000000472e700000)]
  0x000001cbb92f9800 JavaThread "Signal Dispatcher" daemon [_thread_blocked, id=19900, stack(0x000000472e700000,0x000000472e800000)]
  0x000001cbb92fa800 JavaThread "Attach Listener" daemon [_thread_blocked, id=21636, stack(0x000000472e800000,0x000000472e900000)]
  0x000001cbb92fd800 JavaThread "Service Thread" daemon [_thread_blocked, id=13064, stack(0x000000472e900000,0x000000472ea00000)]
=>0x000001cbb92fe800 JavaThread "C2 CompilerThread0" daemon [_thread_in_native, id=18364, stack(0x000000472ea00000,0x000000472eb00000)]
  0x000001cbb9303000 JavaThread "C1 CompilerThread0" daemon [_thread_blocked, id=12956, stack(0x000000472eb00000,0x000000472ec00000)]
  0x000001cbb930e800 JavaThread "Sweeper thread" daemon [_thread_blocked, id=16660, stack(0x000000472ec00000,0x000000472ed00000)]
  0x000001cbb9de3800 JavaThread "Common-Cleaner" daemon [_thread_blocked, id=12940, stack(0x000000472ed00000,0x000000472ee00000)]
  0x000001cbba960800 JavaThread "Daemon health stats" [_thread_blocked, id=2168, stack(0x000000472f100000,0x000000472f200000)]
  0x000001cbbad24000 JavaThread "Incoming local TCP Connector on port 51527" [_thread_in_native, id=16888, stack(0x000000472f200000,0x000000472f300000)]
  0x000001cbbb37b000 JavaThread "Daemon periodic checks" [_thread_blocked, id=2164, stack(0x000000472f300000,0x000000472f400000)]
  0x000001cbbb727800 JavaThread "Daemon" [_thread_blocked, id=2536, stack(0x000000472f400000,0x000000472f500000)]
  0x000001cbbbb7e000 JavaThread "Handler for socket connection from /127.0.0.1:51527 to /127.0.0.1:51528" [_thread_in_native, id=10416, stack(0x000000472f500000,0x000000472f600000)]
  0x000001cbbbaeb800 JavaThread "Cancel handler" [_thread_blocked, id=20060, stack(0x000000472f600000,0x000000472f700000)]
  0x000001cbbbd2c000 JavaThread "Daemon worker" [_thread_blocked, id=5352, stack(0x000000472f700000,0x000000472f800000)]
  0x000001cbbbf64800 JavaThread "Asynchronous log dispatcher for DefaultDaemonConnection: socket connection from /127.0.0.1:51527 to /127.0.0.1:51528" [_thread_blocked, id=6948, stack(0x000000472f800000,0x000000472f900000)]
  0x000001cbbba77000 JavaThread "Stdin handler" [_thread_blocked, id=16508, stack(0x000000472f900000,0x000000472fa00000)]
  0x000001cbbbbd2800 JavaThread "Daemon client event forwarder" [_thread_blocked, id=12672, stack(0x000000472fa00000,0x000000472fb00000)]
  0x000001cbbbabf000 JavaThread "Cache worker for journal cache (C:\Users\Teodora\.gradle\caches\journal-1)" [_thread_blocked, id=8152, stack(0x000000472fb00000,0x000000472fc00000)]
  0x000001cbbbabb800 JavaThread "File lock request listener" [_thread_in_native, id=21032, stack(0x000000472fd00000,0x000000472fe00000)]
  0x000001cbbbabd800 JavaThread "Cache worker for file hash cache (C:\Users\Teodora\.gradle\caches\7.5\fileHashes)" [_thread_blocked, id=15720, stack(0x000000472fe00000,0x000000472ff00000)]
  0x000001cbbbaba000 JavaThread "File watcher server" daemon [_thread_in_native, id=17788, stack(0x000000472ff00000,0x0000004730000000)]
  0x000001cbbbab9800 JavaThread "File watcher consumer" daemon [_thread_blocked, id=21136, stack(0x0000004730000000,0x0000004730100000)]
  0x000001cbbbabe000 JavaThread "Cache worker for checksums cache (C:\Users\Teodora\AndroidStudioProjects\NotesApp\.gradle\7.5\checksums)" [_thread_blocked, id=12816, stack(0x0000004730100000,0x0000004730200000)]
  0x000001cbbbac0000 JavaThread "Cache worker for cache directory md-rule (C:\Users\Teodora\.gradle\caches\7.5\md-rule)" [_thread_blocked, id=11336, stack(0x0000004730200000,0x0000004730300000)]
  0x000001cbbbabc800 JavaThread "Cache worker for file content cache (C:\Users\Teodora\.gradle\caches\7.5\fileContent)" [_thread_blocked, id=232, stack(0x0000004730300000,0x0000004730400000)]
  0x000001cbbbabb000 JavaThread "Cache worker for file hash cache (C:\Users\Teodora\AndroidStudioProjects\NotesApp\.gradle\7.5\fileHashes)" [_thread_blocked, id=9148, stack(0x0000004730400000,0x0000004730500000)]
  0x000001cbbde1e800 JavaThread "Cache worker for cache directory md-supplier (C:\Users\Teodora\.gradle\caches\7.5\md-supplier)" [_thread_blocked, id=1552, stack(0x0000004730500000,0x0000004730600000)]
  0x000001cbbde1f000 JavaThread "Cache worker for execution history cache (C:\Users\Teodora\.gradle\caches\7.5\executionHistory)" [_thread_blocked, id=1936, stack(0x0000004730600000,0x0000004730700000)]
  0x000001cbbde20000 JavaThread "jar transforms" [_thread_blocked, id=11488, stack(0x0000004730700000,0x0000004730800000)]
  0x000001cbbde1a800 JavaThread "jar transforms Thread 2" [_thread_blocked, id=12212, stack(0x0000004730800000,0x0000004730900000)]
  0x000001cbbde1d800 JavaThread "jar transforms Thread 3" [_thread_blocked, id=17548, stack(0x0000004730900000,0x0000004730a00000)]
  0x000001cbbde1b000 JavaThread "jar transforms Thread 4" [_thread_blocked, id=2672, stack(0x0000004730a00000,0x0000004730b00000)]
  0x000001cbbde21000 JavaThread "Cache worker for dependencies-accessors (C:\Users\Teodora\AndroidStudioProjects\NotesApp\.gradle\7.5\dependencies-accessors)" [_thread_blocked, id=12044, stack(0x0000004730b00000,0x0000004730c00000)]
  0x000001cbbde21800 JavaThread "Cache worker for Build Output Cleanup Cache (C:\Users\Teodora\AndroidStudioProjects\NotesApp\.gradle\buildOutputCleanup)" [_thread_blocked, id=14556, stack(0x0000004730c00000,0x0000004730d00000)]
  0x000001cbbde1c000 JavaThread "Unconstrained build operations" [_thread_blocked, id=15676, stack(0x0000004730e00000,0x0000004730f00000)]
  0x000001cbbde25000 JavaThread "Unconstrained build operations Thread 2" [_thread_blocked, id=12564, stack(0x0000004730f00000,0x0000004731000000)]
  0x000001cbbde23800 JavaThread "Unconstrained build operations Thread 3" [_thread_blocked, id=21520, stack(0x0000004731000000,0x0000004731100000)]
  0x000001cbbde27800 JavaThread "Unconstrained build operations Thread 4" [_thread_blocked, id=1012, stack(0x0000004731100000,0x0000004731200000)]
  0x000001cbbde25800 JavaThread "Unconstrained build operations Thread 5" [_thread_blocked, id=8400, stack(0x0000004731200000,0x0000004731300000)]
  0x000001cbbde26800 JavaThread "Unconstrained build operations Thread 6" [_thread_blocked, id=12892, stack(0x0000004731300000,0x0000004731400000)]
  0x000001cbbde28000 JavaThread "Unconstrained build operations Thread 7" [_thread_blocked, id=4128, stack(0x0000004731400000,0x0000004731500000)]
  0x000001cbbde22800 JavaThread "Unconstrained build operations Thread 8" [_thread_blocked, id=21840, stack(0x0000004731500000,0x0000004731600000)]
  0x000001cbbde29000 JavaThread "Unconstrained build operations Thread 9" [_thread_blocked, id=8880, stack(0x0000004731600000,0x0000004731700000)]
  0x000001cbbde24000 JavaThread "Unconstrained build operations Thread 10" [_thread_blocked, id=19508, stack(0x0000004731700000,0x0000004731800000)]
  0x000001cbbc2b0800 JavaThread "Unconstrained build operations Thread 11" [_thread_blocked, id=21668, stack(0x0000004731800000,0x0000004731900000)]
  0x000001cbbc2b4000 JavaThread "Unconstrained build operations Thread 12" [_thread_blocked, id=6344, stack(0x0000004731900000,0x0000004731a00000)]
  0x000001cbbc2af000 JavaThread "Unconstrained build operations Thread 13" [_thread_blocked, id=10912, stack(0x0000004731a00000,0x0000004731b00000)]
  0x000001cbbc2b1800 JavaThread "Unconstrained build operations Thread 14" [_thread_in_Java, id=2304, stack(0x0000004731b00000,0x0000004731c00000)]
  0x000001cbbc2b2800 JavaThread "Unconstrained build operations Thread 15" [_thread_blocked, id=4540, stack(0x0000004731c00000,0x0000004731d00000)]
  0x000001cbbc2ae800 JavaThread "Unconstrained build operations Thread 16" [_thread_blocked, id=19136, stack(0x0000004731d00000,0x0000004731e00000)]
  0x000001cbbc2b3000 JavaThread "Unconstrained build operations Thread 17" [_thread_blocked, id=13256, stack(0x0000004731e00000,0x0000004731f00000)]
  0x000001cbbc2b5000 JavaThread "Unconstrained build operations Thread 18" [_thread_blocked, id=6612, stack(0x0000004731f00000,0x0000004732000000)]
  0x000001cbbc2b0000 JavaThread "Unconstrained build operations Thread 19" [_thread_blocked, id=21608, stack(0x0000004732000000,0x0000004732100000)]
  0x000001cbbc2b7800 JavaThread "Unconstrained build operations Thread 20" [_thread_blocked, id=16836, stack(0x0000004732100000,0x0000004732200000)]
  0x000001cbbc2ba800 JavaThread "Unconstrained build operations Thread 21" [_thread_blocked, id=14980, stack(0x0000004732200000,0x0000004732300000)]
  0x000001cbbc2b8000 JavaThread "Unconstrained build operations Thread 22" [_thread_blocked, id=17808, stack(0x0000004732300000,0x0000004732400000)]
  0x000001cbbc2bb800 JavaThread "Unconstrained build operations Thread 23" [_thread_blocked, id=19676, stack(0x0000004732400000,0x0000004732500000)]
  0x000001cbbc2b9000 JavaThread "Unconstrained build operations Thread 24" [_thread_blocked, id=8980, stack(0x0000004732500000,0x0000004732600000)]
  0x000001cbbc2b5800 JavaThread "Unconstrained build operations Thread 25" [_thread_blocked, id=20612, stack(0x0000004732600000,0x0000004732700000)]
  0x000001cbbc2b6800 JavaThread "Unconstrained build operations Thread 26" [_thread_blocked, id=3540, stack(0x0000004732700000,0x0000004732800000)]
  0x000001cbbc2b9800 JavaThread "Unconstrained build operations Thread 27" [_thread_blocked, id=9440, stack(0x0000004732800000,0x0000004732900000)]
  0x000001cbbc2bc000 JavaThread "Unconstrained build operations Thread 28" [_thread_blocked, id=16632, stack(0x0000004732900000,0x0000004732a00000)]
  0x000001cbbc2bd000 JavaThread "Unconstrained build operations Thread 29" [_thread_blocked, id=12532, stack(0x0000004732a00000,0x0000004732b00000)]
  0x000001cbbe47a800 JavaThread "Unconstrained build operations Thread 30" [_thread_blocked, id=8048, stack(0x0000004732b00000,0x0000004732c00000)]
  0x000001cbbe47b800 JavaThread "Unconstrained build operations Thread 31" [_thread_blocked, id=13652, stack(0x0000004732c00000,0x0000004732d00000)]
  0x000001cbbe47a000 JavaThread "Unconstrained build operations Thread 32" [_thread_blocked, id=10112, stack(0x0000004732d00000,0x0000004732e00000)]
  0x000001cbbe47d000 JavaThread "Unconstrained build operations Thread 33" [_thread_blocked, id=11052, stack(0x0000004732e00000,0x0000004732f00000)]
  0x000001cbbe479000 JavaThread "Unconstrained build operations Thread 34" [_thread_blocked, id=12600, stack(0x0000004732f00000,0x0000004733000000)]
  0x000001cbbe477800 JavaThread "Unconstrained build operations Thread 35" [_thread_in_native, id=8996, stack(0x0000004733000000,0x0000004733100000)]
  0x000001cbbe47e000 JavaThread "Unconstrained build operations Thread 36" [_thread_blocked, id=10052, stack(0x0000004733100000,0x0000004733200000)]
  0x000001cbbe47c000 JavaThread "Unconstrained build operations Thread 37" [_thread_blocked, id=12952, stack(0x0000004733200000,0x0000004733300000)]
  0x000001cbbe478000 JavaThread "Unconstrained build operations Thread 38" [_thread_blocked, id=14628, stack(0x0000004733300000,0x0000004733400000)]
  0x000001cbbe481000 JavaThread "Unconstrained build operations Thread 39" [_thread_blocked, id=9604, stack(0x0000004733400000,0x0000004733500000)]
  0x000001cbbe47e800 JavaThread "Unconstrained build operations Thread 40" [_thread_blocked, id=2748, stack(0x0000004733500000,0x0000004733600000)]
  0x000001cbbe482000 JavaThread "build event listener" [_thread_blocked, id=16448, stack(0x0000004733600000,0x0000004733700000)]
  0x000001cbbe482800 JavaThread "Memory manager" [_thread_blocked, id=16828, stack(0x0000004733700000,0x0000004733800000)]
  0x000001cbbe485000 JavaThread "included builds" [_thread_blocked, id=10268, stack(0x0000004733800000,0x0000004733900000)]
  0x000001cbbe47f800 JavaThread "Execution worker" [_thread_blocked, id=4448, stack(0x0000004733900000,0x0000004733a00000)]
  0x000001cbbe484800 JavaThread "Execution worker Thread 2" [_thread_blocked, id=11992, stack(0x0000004733a00000,0x0000004733b00000)]
  0x000001cbbe480800 JavaThread "Execution worker Thread 3" [_thread_in_native, id=8124, stack(0x0000004733b00000,0x0000004733c00000)]
  0x000001cbbe483800 JavaThread "Cache worker for execution history cache (C:\Users\Teodora\AndroidStudioProjects\NotesApp\.gradle\7.5\executionHistory)" [_thread_blocked, id=14172, stack(0x0000004733c00000,0x0000004733d00000)]
  0x000001cbbe486000 JavaThread "WorkerExecutor Queue" [_thread_blocked, id=5204, stack(0x0000004733f00000,0x0000004734000000)]
  0x000001cbbc5c3800 JavaThread "WorkerExecutor Queue Thread 2" [_thread_blocked, id=8240, stack(0x0000004734000000,0x0000004734100000)]
  0x000001cbbc5ca000 JavaThread "WorkerExecutor Queue Thread 3" [_thread_blocked, id=20624, stack(0x0000004734100000,0x0000004734200000)]
  0x000001cbbc5c9800 JavaThread "WorkerExecutor Queue Thread 4" [_thread_in_native, id=16168, stack(0x0000004734200000,0x0000004734300000)]

Other Threads:
  0x000001cbb92d8000 VMThread "VM Thread" [stack: 0x000000472e400000,0x000000472e500000] [id=11612]
  0x000001cbb9dea800 WatcherThread [stack: 0x000000472ee00000,0x000000472ef00000] [id=11920]
  0x000001cb9d7ad000 GCTaskThread "GC Thread#0" [stack: 0x000000472df00000,0x000000472e000000] [id=18612]
  0x000001cbba1d4800 GCTaskThread "GC Thread#1" [stack: 0x000000472ef00000,0x000000472f000000] [id=11832]
  0x000001cbba2d4800 GCTaskThread "GC Thread#2" [stack: 0x000000472f000000,0x000000472f100000] [id=5492]
  0x000001cbbba76000 GCTaskThread "GC Thread#3" [stack: 0x000000472fc00000,0x000000472fd00000] [id=19156]
  0x000001cb9d7df800 ConcurrentGCThread "G1 Main Marker" [stack: 0x000000472e000000,0x000000472e100000] [id=10576]
  0x000001cb9d7e0800 ConcurrentGCThread "G1 Conc#0" [stack: 0x000000472e100000,0x000000472e200000] [id=13800]
  0x000001cbb9120800 ConcurrentGCThread "G1 Refine#0" [stack: 0x000000472e200000,0x000000472e300000] [id=19884]
  0x000001cbc26f5800 ConcurrentGCThread "G1 Refine#1" [stack: 0x0000004733d00000,0x0000004733e00000] [id=15908]
  0x000001cbbaeb7800 ConcurrentGCThread "G1 Refine#2" [stack: 0x0000004733e00000,0x0000004733f00000] [id=8884]
  0x000001cbb9121000 ConcurrentGCThread "G1 Young RemSet Sampling" [stack: 0x000000472e300000,0x000000472e400000] [id=14408]

Threads with active compile tasks:
C2 CompilerThread0    27298 11276       4       com.android.utils.XmlUtils::append (597 bytes)

VM state:not at safepoint (normal execution)

VM Mutex/Monitor currently owned by a thread: None

Heap address: 0x0000000080000000, size: 2048 MB, Compressed Oops mode: 32-bit
Narrow klass base: 0x0000000000000000, Narrow klass shift: 3
Compressed class space size: 1073741824 Address: 0x0000000100000000

Heap:
 garbage-first heap   total 189440K, used 174805K [0x0000000080000000, 0x0000000100000000)
  region size 1024K, 42 young (43008K), 9 survivors (9216K)
 Metaspace       used 96636K, capacity 99391K, committed 99632K, reserved 1134592K
  class space    used 12512K, capacity 13579K, committed 13696K, reserved 1048576K
Heap Regions: E=young(eden), S=young(survivor), O=old, HS=humongous(starts), HC=humongous(continues), CS=collection set, F=free, A=archive, TAMS=top-at-mark-start (previous, next)
|   0|0x0000000080000000, 0x0000000080100000, 0x0000000080100000|100%|HS|  |TAMS 0x0000000080100000, 0x0000000080000000| Complete 
|   1|0x0000000080100000, 0x0000000080200000, 0x0000000080200000|100%|HC|  |TAMS 0x0000000080200000, 0x0000000080100000| Complete 
|   2|0x0000000080200000, 0x0000000080300000, 0x0000000080300000|100%|HC|  |TAMS 0x0000000080300000, 0x0000000080200000| Complete 
|   3|0x0000000080300000, 0x0000000080400000, 0x0000000080400000|100%| O|  |TAMS 0x0000000080400000, 0x0000000080300000| Untracked 
|   4|0x0000000080400000, 0x0000000080500000, 0x0000000080500000|100%| O|  |TAMS 0x0000000080500000, 0x0000000080400000| Untracked 
|   5|0x0000000080500000, 0x0000000080600000, 0x0000000080600000|100%| O|  |TAMS 0x0000000080600000, 0x0000000080500000| Untracked 
|   6|0x0000000080600000, 0x0000000080700000, 0x0000000080700000|100%| O|  |TAMS 0x0000000080700000, 0x0000000080600000| Untracked 
|   7|0x0000000080700000, 0x0000000080800000, 0x0000000080800000|100%| O|  |TAMS 0x0000000080800000, 0x0000000080700000| Untracked 
|   8|0x0000000080800000, 0x0000000080900000, 0x0000000080900000|100%| O|  |TAMS 0x0000000080900000, 0x0000000080800000| Untracked 
|   9|0x0000000080900000, 0x0000000080a00000, 0x0000000080a00000|100%| O|  |TAMS 0x0000000080a00000, 0x0000000080900000| Untracked 
|  10|0x0000000080a00000, 0x0000000080b00000, 0x0000000080b00000|100%| O|  |TAMS 0x0000000080b00000, 0x0000000080a00000| Untracked 
|  11|0x0000000080b00000, 0x0000000080c00000, 0x0000000080c00000|100%| O|  |TAMS 0x0000000080c00000, 0x0000000080b00000| Untracked 
|  12|0x0000000080c00000, 0x0000000080d00000, 0x0000000080d00000|100%| O|  |TAMS 0x0000000080d00000, 0x0000000080c00000| Untracked 
|  13|0x0000000080d00000, 0x0000000080e00000, 0x0000000080e00000|100%| O|  |TAMS 0x0000000080e00000, 0x0000000080d00000| Untracked 
|  14|0x0000000080e00000, 0x0000000080f00000, 0x0000000080f00000|100%| O|  |TAMS 0x0000000080f00000, 0x0000000080e00000| Untracked 
|  15|0x0000000080f00000, 0x0000000081000000, 0x0000000081000000|100%| O|  |TAMS 0x0000000081000000, 0x0000000080f00000| Untracked 
|  16|0x0000000081000000, 0x0000000081100000, 0x0000000081100000|100%|HS|  |TAMS 0x0000000081100000, 0x0000000081000000| Complete 
|  17|0x0000000081100000, 0x0000000081200000, 0x0000000081200000|100%| O|  |TAMS 0x0000000081200000, 0x0000000081100000| Untracked 
|  18|0x0000000081200000, 0x0000000081300000, 0x0000000081300000|100%| O|  |TAMS 0x0000000081300000, 0x0000000081200000| Untracked 
|  19|0x0000000081300000, 0x0000000081400000, 0x0000000081400000|100%| O|  |TAMS 0x0000000081400000, 0x0000000081300000| Untracked 
|  20|0x0000000081400000, 0x0000000081500000, 0x0000000081500000|100%| O|  |TAMS 0x0000000081500000, 0x0000000081400000| Untracked 
|  21|0x0000000081500000, 0x0000000081600000, 0x0000000081600000|100%| O|  |TAMS 0x0000000081600000, 0x0000000081500000| Untracked 
|  22|0x0000000081600000, 0x0000000081700000, 0x0000000081700000|100%| O|  |TAMS 0x0000000081700000, 0x0000000081600000| Untracked 
|  23|0x0000000081700000, 0x0000000081800000, 0x0000000081800000|100%| O|  |TAMS 0x0000000081800000, 0x0000000081700000| Untracked 
|  24|0x0000000081800000, 0x0000000081900000, 0x0000000081900000|100%| O|  |TAMS 0x0000000081900000, 0x0000000081800000| Untracked 
|  25|0x0000000081900000, 0x0000000081a00000, 0x0000000081a00000|100%| O|  |TAMS 0x0000000081a00000, 0x0000000081900000| Untracked 
|  26|0x0000000081a00000, 0x0000000081b00000, 0x0000000081b00000|100%| O|  |TAMS 0x0000000081b00000, 0x0000000081a00000| Untracked 
|  27|0x0000000081b00000, 0x0000000081c00000, 0x0000000081c00000|100%| O|  |TAMS 0x0000000081c00000, 0x0000000081b00000| Untracked 
|  28|0x0000000081c00000, 0x0000000081d00000, 0x0000000081d00000|100%| O|  |TAMS 0x0000000081d00000, 0x0000000081c00000| Untracked 
|  29|0x0000000081d00000, 0x0000000081e00000, 0x0000000081e00000|100%|HS|  |TAMS 0x0000000081e00000, 0x0000000081d00000| Complete 
|  30|0x0000000081e00000, 0x0000000081f00000, 0x0000000081f00000|100%| O|  |TAMS 0x0000000081f00000, 0x0000000081e00000| Untracked 
|  31|0x0000000081f00000, 0x0000000082000000, 0x0000000082000000|100%| O|  |TAMS 0x0000000082000000, 0x0000000081f00000| Untracked 
|  32|0x0000000082000000, 0x0000000082100000, 0x0000000082100000|100%| O|  |TAMS 0x0000000082100000, 0x0000000082000000| Untracked 
|  33|0x0000000082100000, 0x0000000082200000, 0x0000000082200000|100%| O|  |TAMS 0x0000000082200000, 0x0000000082100000| Untracked 
|  34|0x0000000082200000, 0x0000000082300000, 0x0000000082300000|100%| O|  |TAMS 0x0000000082300000, 0x0000000082200000| Untracked 
|  35|0x0000000082300000, 0x0000000082400000, 0x0000000082400000|100%| O|  |TAMS 0x0000000082400000, 0x0000000082300000| Untracked 
|  36|0x0000000082400000, 0x0000000082500000, 0x0000000082500000|100%| O|  |TAMS 0x0000000082500000, 0x0000000082400000| Untracked 
|  37|0x0000000082500000, 0x0000000082600000, 0x0000000082600000|100%| O|  |TAMS 0x0000000082600000, 0x0000000082500000| Untracked 
|  38|0x0000000082600000, 0x0000000082700000, 0x0000000082700000|100%| O|  |TAMS 0x0000000082700000, 0x0000000082600000| Untracked 
|  39|0x0000000082700000, 0x0000000082800000, 0x0000000082800000|100%| O|  |TAMS 0x0000000082800000, 0x0000000082700000| Untracked 
|  40|0x0000000082800000, 0x0000000082900000, 0x0000000082900000|100%| O|  |TAMS 0x0000000082900000, 0x0000000082800000| Untracked 
|  41|0x0000000082900000, 0x0000000082a00000, 0x0000000082a00000|100%| O|  |TAMS 0x0000000082a00000, 0x0000000082900000| Untracked 
|  42|0x0000000082a00000, 0x0000000082b00000, 0x0000000082b00000|100%| O|  |TAMS 0x0000000082b00000, 0x0000000082a00000| Untracked 
|  43|0x0000000082b00000, 0x0000000082c00000, 0x0000000082c00000|100%| O|  |TAMS 0x0000000082c00000, 0x0000000082b00000| Untracked 
|  44|0x0000000082c00000, 0x0000000082d00000, 0x0000000082d00000|100%| O|  |TAMS 0x0000000082d00000, 0x0000000082c00000| Untracked 
|  45|0x0000000082d00000, 0x0000000082e00000, 0x0000000082e00000|100%| O|  |TAMS 0x0000000082e00000, 0x0000000082d00000| Untracked 
|  46|0x0000000082e00000, 0x0000000082f00000, 0x0000000082f00000|100%| O|  |TAMS 0x0000000082f00000, 0x0000000082e00000| Untracked 
|  47|0x0000000082f00000, 0x0000000083000000, 0x0000000083000000|100%| O|  |TAMS 0x0000000083000000, 0x0000000082f00000| Untracked 
|  48|0x0000000083000000, 0x0000000083100000, 0x0000000083100000|100%| O|  |TAMS 0x0000000083100000, 0x0000000083000000| Untracked 
|  49|0x0000000083100000, 0x0000000083200000, 0x0000000083200000|100%| O|  |TAMS 0x0000000083200000, 0x0000000083100000| Untracked 
|  50|0x0000000083200000, 0x0000000083300000, 0x0000000083300000|100%| O|  |TAMS 0x0000000083300000, 0x0000000083200000| Untracked 
|  51|0x0000000083300000, 0x0000000083400000, 0x0000000083400000|100%| O|  |TAMS 0x0000000083400000, 0x0000000083300000| Untracked 
|  52|0x0000000083400000, 0x0000000083500000, 0x0000000083500000|100%| O|  |TAMS 0x0000000083500000, 0x0000000083400000| Untracked 
|  53|0x0000000083500000, 0x0000000083600000, 0x0000000083600000|100%| O|  |TAMS 0x0000000083600000, 0x0000000083500000| Untracked 
|  54|0x0000000083600000, 0x0000000083700000, 0x0000000083700000|100%| O|  |TAMS 0x0000000083700000, 0x0000000083600000| Untracked 
|  55|0x0000000083700000, 0x0000000083800000, 0x0000000083800000|100%| O|  |TAMS 0x0000000083800000, 0x0000000083700000| Untracked 
|  56|0x0000000083800000, 0x0000000083900000, 0x0000000083900000|100%| O|  |TAMS 0x0000000083900000, 0x0000000083800000| Untracked 
|  57|0x0000000083900000, 0x0000000083a00000, 0x0000000083a00000|100%| O|  |TAMS 0x0000000083a00000, 0x0000000083900000| Untracked 
|  58|0x0000000083a00000, 0x0000000083b00000, 0x0000000083b00000|100%| O|  |TAMS 0x0000000083b00000, 0x0000000083a00000| Untracked 
|  59|0x0000000083b00000, 0x0000000083c00000, 0x0000000083c00000|100%| O|  |TAMS 0x0000000083c00000, 0x0000000083b00000| Untracked 
|  60|0x0000000083c00000, 0x0000000083d00000, 0x0000000083d00000|100%| O|  |TAMS 0x0000000083d00000, 0x0000000083c00000| Untracked 
|  61|0x0000000083d00000, 0x0000000083e00000, 0x0000000083e00000|100%| O|  |TAMS 0x0000000083e00000, 0x0000000083d00000| Untracked 
|  62|0x0000000083e00000, 0x0000000083f00000, 0x0000000083f00000|100%| O|  |TAMS 0x0000000083f00000, 0x0000000083e00000| Untracked 
|  63|0x0000000083f00000, 0x0000000084000000, 0x0000000084000000|100%| O|  |TAMS 0x0000000084000000, 0x0000000083f00000| Untracked 
|  64|0x0000000084000000, 0x0000000084100000, 0x0000000084100000|100%| O|  |TAMS 0x0000000084100000, 0x0000000084000000| Untracked 
|  65|0x0000000084100000, 0x0000000084200000, 0x0000000084200000|100%| O|  |TAMS 0x0000000084200000, 0x0000000084100000| Untracked 
|  66|0x0000000084200000, 0x0000000084300000, 0x0000000084300000|100%| O|  |TAMS 0x0000000084300000, 0x0000000084200000| Untracked 
|  67|0x0000000084300000, 0x0000000084400000, 0x0000000084400000|100%| O|  |TAMS 0x0000000084400000, 0x0000000084300000| Untracked 
|  68|0x0000000084400000, 0x0000000084500000, 0x0000000084500000|100%| O|  |TAMS 0x0000000084500000, 0x0000000084400000| Untracked 
|  69|0x0000000084500000, 0x0000000084600000, 0x0000000084600000|100%| O|  |TAMS 0x0000000084600000, 0x0000000084500000| Untracked 
|  70|0x0000000084600000, 0x0000000084700000, 0x0000000084700000|100%| O|  |TAMS 0x0000000084700000, 0x0000000084600000| Untracked 
|  71|0x0000000084700000, 0x0000000084800000, 0x0000000084800000|100%| O|  |TAMS 0x0000000084800000, 0x0000000084700000| Untracked 
|  72|0x0000000084800000, 0x0000000084900000, 0x0000000084900000|100%| O|  |TAMS 0x0000000084900000, 0x0000000084800000| Untracked 
|  73|0x0000000084900000, 0x0000000084a00000, 0x0000000084a00000|100%| O|  |TAMS 0x0000000084a00000, 0x0000000084900000| Untracked 
|  74|0x0000000084a00000, 0x0000000084b00000, 0x0000000084b00000|100%| O|  |TAMS 0x0000000084b00000, 0x0000000084a00000| Untracked 
|  75|0x0000000084b00000, 0x0000000084c00000, 0x0000000084c00000|100%| O|  |TAMS 0x0000000084c00000, 0x0000000084b00000| Untracked 
|  76|0x0000000084c00000, 0x0000000084d00000, 0x0000000084d00000|100%| O|  |TAMS 0x0000000084d00000, 0x0000000084c00000| Untracked 
|  77|0x0000000084d00000, 0x0000000084e00000, 0x0000000084e00000|100%| O|  |TAMS 0x0000000084e00000, 0x0000000084d00000| Untracked 
|  78|0x0000000084e00000, 0x0000000084f00000, 0x0000000084f00000|100%| O|  |TAMS 0x0000000084f00000, 0x0000000084e00000| Untracked 
|  79|0x0000000084f00000, 0x0000000085000000, 0x0000000085000000|100%|HS|  |TAMS 0x0000000084f00000, 0x0000000084f00000| Complete 
|  80|0x0000000085000000, 0x0000000085100000, 0x0000000085100000|100%|HC|  |TAMS 0x0000000085000000, 0x0000000085000000| Complete 
|  81|0x0000000085100000, 0x0000000085100000, 0x0000000085200000|  0%| F|  |TAMS 0x0000000085100000, 0x0000000085100000| Untracked 
|  82|0x0000000085200000, 0x0000000085300000, 0x0000000085300000|100%|HS|  |TAMS 0x0000000085300000, 0x0000000085200000| Complete 
|  83|0x0000000085300000, 0x0000000085400000, 0x0000000085400000|100%| O|  |TAMS 0x0000000085400000, 0x0000000085300000| Untracked 
|  84|0x0000000085400000, 0x0000000085500000, 0x0000000085500000|100%| O|  |TAMS 0x0000000085500000, 0x0000000085400000| Untracked 
|  85|0x0000000085500000, 0x0000000085600000, 0x0000000085600000|100%| O|  |TAMS 0x0000000085600000, 0x0000000085500000| Untracked 
|  86|0x0000000085600000, 0x0000000085700000, 0x0000000085700000|100%| O|  |TAMS 0x0000000085700000, 0x0000000085600000| Untracked 
|  87|0x0000000085700000, 0x0000000085800000, 0x0000000085800000|100%| O|  |TAMS 0x0000000085800000, 0x0000000085700000| Untracked 
|  88|0x0000000085800000, 0x0000000085900000, 0x0000000085900000|100%| O|  |TAMS 0x0000000085900000, 0x0000000085800000| Untracked 
|  89|0x0000000085900000, 0x0000000085a00000, 0x0000000085a00000|100%| O|  |TAMS 0x0000000085a00000, 0x0000000085900000| Untracked 
|  90|0x0000000085a00000, 0x0000000085b00000, 0x0000000085b00000|100%| O|  |TAMS 0x0000000085b00000, 0x0000000085a00000| Untracked 
|  91|0x0000000085b00000, 0x0000000085c00000, 0x0000000085c00000|100%| O|  |TAMS 0x0000000085c00000, 0x0000000085b00000| Untracked 
|  92|0x0000000085c00000, 0x0000000085d00000, 0x0000000085d00000|100%| O|  |TAMS 0x0000000085d00000, 0x0000000085c00000| Untracked 
|  93|0x0000000085d00000, 0x0000000085e00000, 0x0000000085e00000|100%| O|  |TAMS 0x0000000085e00000, 0x0000000085d00000| Untracked 
|  94|0x0000000085e00000, 0x0000000085f00000, 0x0000000085f00000|100%| O|  |TAMS 0x0000000085f00000, 0x0000000085e00000| Untracked 
|  95|0x0000000085f00000, 0x0000000086000000, 0x0000000086000000|100%| O|  |TAMS 0x0000000086000000, 0x0000000085f00000| Untracked 
|  96|0x0000000086000000, 0x0000000086100000, 0x0000000086100000|100%| O|  |TAMS 0x0000000086100000, 0x0000000086000000| Untracked 
|  97|0x0000000086100000, 0x0000000086200000, 0x0000000086200000|100%| O|  |TAMS 0x0000000086200000, 0x0000000086100000| Untracked 
|  98|0x0000000086200000, 0x0000000086300000, 0x0000000086300000|100%| O|  |TAMS 0x0000000086300000, 0x0000000086200000| Untracked 
|  99|0x0000000086300000, 0x0000000086400000, 0x0000000086400000|100%| O|  |TAMS 0x0000000086400000, 0x0000000086300000| Untracked 
| 100|0x0000000086400000, 0x0000000086500000, 0x0000000086500000|100%| O|  |TAMS 0x0000000086500000, 0x0000000086400000| Untracked 
| 101|0x0000000086500000, 0x0000000086600000, 0x0000000086600000|100%| O|  |TAMS 0x0000000086600000, 0x0000000086500000| Untracked 
| 102|0x0000000086600000, 0x0000000086700000, 0x0000000086700000|100%| O|  |TAMS 0x0000000086700000, 0x0000000086600000| Untracked 
| 103|0x0000000086700000, 0x0000000086800000, 0x0000000086800000|100%| O|  |TAMS 0x0000000086800000, 0x0000000086700000| Untracked 
| 104|0x0000000086800000, 0x0000000086900000, 0x0000000086900000|100%| O|  |TAMS 0x0000000086900000, 0x0000000086800000| Untracked 
| 105|0x0000000086900000, 0x0000000086a00000, 0x0000000086a00000|100%| O|  |TAMS 0x0000000086a00000, 0x0000000086900000| Untracked 
| 106|0x0000000086a00000, 0x0000000086ab5400, 0x0000000086b00000| 70%| O|  |TAMS 0x0000000086ab5400, 0x0000000086a00000| Untracked 
| 107|0x0000000086b00000, 0x0000000086c00000, 0x0000000086c00000|100%|HS|  |TAMS 0x0000000086b00000, 0x0000000086b00000| Complete 
| 108|0x0000000086c00000, 0x0000000086d00000, 0x0000000086d00000|100%|HC|  |TAMS 0x0000000086c00000, 0x0000000086c00000| Complete 
| 109|0x0000000086d00000, 0x0000000086e00000, 0x0000000086e00000|100%|HC|  |TAMS 0x0000000086d00000, 0x0000000086d00000| Complete 
| 110|0x0000000086e00000, 0x0000000086f00000, 0x0000000086f00000|100%|HC|  |TAMS 0x0000000086e00000, 0x0000000086e00000| Complete 
| 111|0x0000000086f00000, 0x0000000087000000, 0x0000000087000000|100%|HS|  |TAMS 0x0000000086f00000, 0x0000000086f00000| Complete 
| 112|0x0000000087000000, 0x0000000087100000, 0x0000000087100000|100%|HC|  |TAMS 0x0000000087000000, 0x0000000087000000| Complete 
| 113|0x0000000087100000, 0x0000000087200000, 0x0000000087200000|100%|HC|  |TAMS 0x0000000087100000, 0x0000000087100000| Complete 
| 114|0x0000000087200000, 0x0000000087300000, 0x0000000087300000|100%|HC|  |TAMS 0x0000000087200000, 0x0000000087200000| Complete 
| 115|0x0000000087300000, 0x0000000087400000, 0x0000000087400000|100%|HC|  |TAMS 0x0000000087300000, 0x0000000087300000| Complete 
| 116|0x0000000087400000, 0x0000000087500000, 0x0000000087500000|100%|HC|  |TAMS 0x0000000087400000, 0x0000000087400000| Complete 
| 117|0x0000000087500000, 0x0000000087600000, 0x0000000087600000|100%|HC|  |TAMS 0x0000000087500000, 0x0000000087500000| Complete 
| 118|0x0000000087600000, 0x0000000087700000, 0x0000000087700000|100%|HC|  |TAMS 0x0000000087600000, 0x0000000087600000| Complete 
| 119|0x0000000087700000, 0x0000000087800000, 0x0000000087800000|100%|HS|  |TAMS 0x0000000087700000, 0x0000000087700000| Complete 
| 120|0x0000000087800000, 0x0000000087900000, 0x0000000087900000|100%|HC|  |TAMS 0x0000000087800000, 0x0000000087800000| Complete 
| 121|0x0000000087900000, 0x0000000087a00000, 0x0000000087a00000|100%|HC|  |TAMS 0x0000000087900000, 0x0000000087900000| Complete 
| 122|0x0000000087a00000, 0x0000000087a00000, 0x0000000087b00000|  0%| F|  |TAMS 0x0000000087a00000, 0x0000000087a00000| Untracked 
| 123|0x0000000087b00000, 0x0000000087b00000, 0x0000000087c00000|  0%| F|  |TAMS 0x0000000087b00000, 0x0000000087b00000| Untracked 
| 124|0x0000000087c00000, 0x0000000087c00000, 0x0000000087d00000|  0%| F|  |TAMS 0x0000000087c00000, 0x0000000087c00000| Untracked 
| 125|0x0000000087d00000, 0x0000000087e00000, 0x0000000087e00000|100%| S|CS|TAMS 0x0000000087d00000, 0x0000000087d00000| Complete 
| 126|0x0000000087e00000, 0x0000000087f00000, 0x0000000087f00000|100%| S|CS|TAMS 0x0000000087e00000, 0x0000000087e00000| Complete 
| 127|0x0000000087f00000, 0x0000000088000000, 0x0000000088000000|100%| S|CS|TAMS 0x0000000087f00000, 0x0000000087f00000| Complete 
| 128|0x0000000088000000, 0x0000000088100000, 0x0000000088100000|100%| S|CS|TAMS 0x0000000088000000, 0x0000000088000000| Complete 
| 129|0x0000000088100000, 0x0000000088200000, 0x0000000088200000|100%| S|CS|TAMS 0x0000000088100000, 0x0000000088100000| Complete 
| 130|0x0000000088200000, 0x0000000088300000, 0x0000000088300000|100%| S|CS|TAMS 0x0000000088200000, 0x0000000088200000| Complete 
| 131|0x0000000088300000, 0x0000000088400000, 0x0000000088400000|100%| S|CS|TAMS 0x0000000088300000, 0x0000000088300000| Complete 
| 132|0x0000000088400000, 0x0000000088500000, 0x0000000088500000|100%| S|CS|TAMS 0x0000000088400000, 0x0000000088400000| Complete 
| 133|0x0000000088500000, 0x0000000088600000, 0x0000000088600000|100%| S|CS|TAMS 0x0000000088500000, 0x0000000088500000| Complete 
| 134|0x0000000088600000, 0x0000000088700000, 0x0000000088700000|100%|HS|  |TAMS 0x0000000088600000, 0x0000000088600000| Complete 
| 135|0x0000000088700000, 0x0000000088800000, 0x0000000088800000|100%|HC|  |TAMS 0x0000000088700000, 0x0000000088700000| Complete 
| 136|0x0000000088800000, 0x0000000088900000, 0x0000000088900000|100%|HC|  |TAMS 0x0000000088800000, 0x0000000088800000| Complete 
| 137|0x0000000088900000, 0x0000000088a00000, 0x0000000088a00000|100%|HC|  |TAMS 0x0000000088900000, 0x0000000088900000| Complete 
| 138|0x0000000088a00000, 0x0000000088b00000, 0x0000000088b00000|100%|HC|  |TAMS 0x0000000088a00000, 0x0000000088a00000| Complete 
| 139|0x0000000088b00000, 0x0000000088c00000, 0x0000000088c00000|100%|HS|  |TAMS 0x0000000088b00000, 0x0000000088b00000| Complete 
| 140|0x0000000088c00000, 0x0000000088d00000, 0x0000000088d00000|100%|HC|  |TAMS 0x0000000088c00000, 0x0000000088c00000| Complete 
| 141|0x0000000088d00000, 0x0000000088e00000, 0x0000000088e00000|100%|HC|  |TAMS 0x0000000088d00000, 0x0000000088d00000| Complete 
| 142|0x0000000088e00000, 0x0000000088f00000, 0x0000000088f00000|100%|HC|  |TAMS 0x0000000088e00000, 0x0000000088e00000| Complete 
| 143|0x0000000088f00000, 0x0000000089000000, 0x0000000089000000|100%|HC|  |TAMS 0x0000000088f00000, 0x0000000088f00000| Complete 
| 144|0x0000000089000000, 0x0000000089000000, 0x0000000089100000|  0%| F|  |TAMS 0x0000000089000000, 0x0000000089000000| Untracked 
| 145|0x0000000089100000, 0x0000000089100000, 0x0000000089200000|  0%| F|  |TAMS 0x0000000089100000, 0x0000000089100000| Untracked 
| 146|0x0000000089200000, 0x0000000089200000, 0x0000000089300000|  0%| F|  |TAMS 0x0000000089200000, 0x0000000089200000| Untracked 
| 147|0x0000000089300000, 0x0000000089300000, 0x0000000089400000|  0%| F|  |TAMS 0x0000000089300000, 0x0000000089300000| Untracked 
| 148|0x0000000089400000, 0x0000000089400000, 0x0000000089500000|  0%| F|  |TAMS 0x0000000089400000, 0x0000000089400000| Untracked 
| 149|0x0000000089500000, 0x0000000089500000, 0x0000000089600000|  0%| F|  |TAMS 0x0000000089500000, 0x0000000089500000| Untracked 
| 150|0x0000000089600000, 0x0000000089600000, 0x0000000089700000|  0%| F|  |TAMS 0x0000000089600000, 0x0000000089600000| Untracked 
| 151|0x0000000089700000, 0x0000000089700000, 0x0000000089800000|  0%| F|  |TAMS 0x0000000089700000, 0x0000000089700000| Untracked 
| 152|0x0000000089800000, 0x00000000898d89c0, 0x0000000089900000| 84%| E|  |TAMS 0x0000000089800000, 0x0000000089800000| Complete 
| 153|0x0000000089900000, 0x0000000089a00000, 0x0000000089a00000|100%| E|CS|TAMS 0x0000000089900000, 0x0000000089900000| Complete 
| 154|0x0000000089a00000, 0x0000000089b00000, 0x0000000089b00000|100%| E|CS|TAMS 0x0000000089a00000, 0x0000000089a00000| Complete 
| 155|0x0000000089b00000, 0x0000000089c00000, 0x0000000089c00000|100%| E|CS|TAMS 0x0000000089b00000, 0x0000000089b00000| Complete 
| 156|0x0000000089c00000, 0x0000000089d00000, 0x0000000089d00000|100%| E|CS|TAMS 0x0000000089c00000, 0x0000000089c00000| Complete 
| 157|0x0000000089d00000, 0x0000000089e00000, 0x0000000089e00000|100%| E|CS|TAMS 0x0000000089d00000, 0x0000000089d00000| Complete 
| 158|0x0000000089e00000, 0x0000000089f00000, 0x0000000089f00000|100%| E|CS|TAMS 0x0000000089e00000, 0x0000000089e00000| Complete 
| 159|0x0000000089f00000, 0x000000008a000000, 0x000000008a000000|100%| E|CS|TAMS 0x0000000089f00000, 0x0000000089f00000| Complete 
| 160|0x000000008a000000, 0x000000008a100000, 0x000000008a100000|100%| E|  |TAMS 0x000000008a000000, 0x000000008a000000| Complete 
| 161|0x000000008a100000, 0x000000008a200000, 0x000000008a200000|100%| E|CS|TAMS 0x000000008a100000, 0x000000008a100000| Complete 
| 162|0x000000008a200000, 0x000000008a300000, 0x000000008a300000|100%| E|CS|TAMS 0x000000008a200000, 0x000000008a200000| Complete 
| 163|0x000000008a300000, 0x000000008a400000, 0x000000008a400000|100%| E|CS|TAMS 0x000000008a300000, 0x000000008a300000| Complete 
| 164|0x000000008a400000, 0x000000008a500000, 0x000000008a500000|100%| E|CS|TAMS 0x000000008a400000, 0x000000008a400000| Complete 
| 165|0x000000008a500000, 0x000000008a600000, 0x000000008a600000|100%| E|CS|TAMS 0x000000008a500000, 0x000000008a500000| Complete 
| 166|0x000000008a600000, 0x000000008a700000, 0x000000008a700000|100%| E|CS|TAMS 0x000000008a600000, 0x000000008a600000| Complete 
| 167|0x000000008a700000, 0x000000008a800000, 0x000000008a800000|100%| E|CS|TAMS 0x000000008a700000, 0x000000008a700000| Complete 
| 168|0x000000008a800000, 0x000000008a900000, 0x000000008a900000|100%| E|CS|TAMS 0x000000008a800000, 0x000000008a800000| Complete 
| 169|0x000000008a900000, 0x000000008aa00000, 0x000000008aa00000|100%| E|CS|TAMS 0x000000008a900000, 0x000000008a900000| Complete 
| 170|0x000000008aa00000, 0x000000008ab00000, 0x000000008ab00000|100%| E|CS|TAMS 0x000000008aa00000, 0x000000008aa00000| Complete 
| 171|0x000000008ab00000, 0x000000008ac00000, 0x000000008ac00000|100%| E|CS|TAMS 0x000000008ab00000, 0x000000008ab00000| Complete 
| 172|0x000000008ac00000, 0x000000008ad00000, 0x000000008ad00000|100%| E|CS|TAMS 0x000000008ac00000, 0x000000008ac00000| Complete 
| 173|0x000000008ad00000, 0x000000008ae00000, 0x000000008ae00000|100%| E|CS|TAMS 0x000000008ad00000, 0x000000008ad00000| Complete 
| 174|0x000000008ae00000, 0x000000008af00000, 0x000000008af00000|100%| E|CS|TAMS 0x000000008ae00000, 0x000000008ae00000| Complete 
| 175|0x000000008af00000, 0x000000008b000000, 0x000000008b000000|100%| E|CS|TAMS 0x000000008af00000, 0x000000008af00000| Complete 
| 176|0x000000008b000000, 0x000000008b100000, 0x000000008b100000|100%| E|CS|TAMS 0x000000008b000000, 0x000000008b000000| Complete 
| 177|0x000000008b100000, 0x000000008b200000, 0x000000008b200000|100%| E|CS|TAMS 0x000000008b100000, 0x000000008b100000| Complete 
| 178|0x000000008b200000, 0x000000008b300000, 0x000000008b300000|100%| E|CS|TAMS 0x000000008b200000, 0x000000008b200000| Complete 
| 179|0x000000008b300000, 0x000000008b400000, 0x000000008b400000|100%| E|CS|TAMS 0x000000008b300000, 0x000000008b300000| Complete 
| 180|0x000000008b400000, 0x000000008b500000, 0x000000008b500000|100%| E|CS|TAMS 0x000000008b400000, 0x000000008b400000| Complete 
| 181|0x000000008b500000, 0x000000008b600000, 0x000000008b600000|100%| E|CS|TAMS 0x000000008b500000, 0x000000008b500000| Complete 
| 182|0x000000008b600000, 0x000000008b700000, 0x000000008b700000|100%| E|CS|TAMS 0x000000008b600000, 0x000000008b600000| Complete 
| 183|0x000000008b700000, 0x000000008b800000, 0x000000008b800000|100%| E|CS|TAMS 0x000000008b700000, 0x000000008b700000| Complete 
| 184|0x000000008b800000, 0x000000008b900000, 0x000000008b900000|100%| E|CS|TAMS 0x000000008b800000, 0x000000008b800000| Complete 

Card table byte_map: [0x000001cbb24e0000,0x000001cbb28e0000] _byte_map_base: 0x000001cbb20e0000

Marking Bits (Prev, Next): (CMBitMap*) 0x000001cb9d7d6e30, (CMBitMap*) 0x000001cb9d7d6df8
 Prev Bits: [0x000001cbb4ce0000, 0x000001cbb6ce0000)
 Next Bits: [0x000001cbb2ce0000, 0x000001cbb4ce0000)

Polling page: 0x000001cb9d570000

Metaspace:

Usage:
  Non-class:     83.80 MB capacity,    82.16 MB ( 98%) used,     1.33 MB (  2%) free+waste,   316.31 KB ( <1%) overhead. 
      Class:     13.26 MB capacity,    12.22 MB ( 92%) used,   922.09 KB (  7%) free+waste,   144.25 KB (  1%) overhead. 
       Both:     97.06 MB capacity,    94.38 MB ( 97%) used,     2.23 MB (  2%) free+waste,   460.56 KB ( <1%) overhead. 

Virtual space:
  Non-class space:       84.00 MB reserved,      83.92 MB (>99%) committed 
      Class space:        1.00 GB reserved,      13.38 MB (  1%) committed 
             Both:        1.08 GB reserved,      97.30 MB (  9%) committed 

Chunk freelists:
   Non-Class:  60.00 KB
       Class:  21.00 KB
        Both:  81.00 KB

MaxMetaspaceSize: 17179869184.00 GB
CompressedClassSpaceSize: 1.00 GB
Initial GC threshold: 20.80 MB
Current GC threshold: 159.25 MB
CDS: off

CodeHeap 'non-profiled nmethods': size=120064Kb used=4948Kb max_used=4948Kb free=115115Kb
 bounds [0x000001cbaa580000, 0x000001cbaaa60000, 0x000001cbb1ac0000]
CodeHeap 'profiled nmethods': size=120000Kb used=22642Kb max_used=22642Kb free=97357Kb
 bounds [0x000001cba3050000, 0x000001cba4670000, 0x000001cbaa580000]
CodeHeap 'non-nmethods': size=5696Kb used=2420Kb max_used=2438Kb free=3275Kb
 bounds [0x000001cba2ac0000, 0x000001cba2d30000, 0x000001cba3050000]
 total_blobs=12299 nmethods=11342 adapters=868
 compilation: enabled
              stopped_count=0, restarted_count=0
 full_count=0

Compilation events (20 events):
Event: 27.219 Thread 0x000001cbb9303000 nmethod 11573 0x000001cba464e890 code [0x000001cba464ea40, 0x000001cba464eb68]
Event: 27.219 Thread 0x000001cbb9303000 11574       2       com.google.common.base.Equivalence$Equals::doHash (5 bytes)
Event: 27.219 Thread 0x000001cbb9303000 nmethod 11574 0x000001cba464ec10 code [0x000001cba464edc0, 0x000001cba464eee8]
Event: 27.219 Thread 0x000001cbb9303000 11575       2       com.google.common.collect.MapMakerInternalMap$StrongKeyDummyValueSegment::self (5 bytes)
Event: 27.219 Thread 0x000001cbb9303000 nmethod 11575 0x000001cba464ef90 code [0x000001cba464f140, 0x000001cba464f238]
Event: 27.219 Thread 0x000001cbb9303000 11576       2       com.google.common.collect.MapMakerInternalMap$StrongKeyDummyValueSegment::self (2 bytes)
Event: 27.219 Thread 0x000001cbb9303000 nmethod 11576 0x000001cba464f310 code [0x000001cba464f4c0, 0x000001cba464f5b8]
Event: 27.219 Thread 0x000001cbb9303000 11578       2       com.google.common.collect.MapMakerInternalMap::hash (14 bytes)
Event: 27.219 Thread 0x000001cbb9303000 nmethod 11578 0x000001cba464f690 code [0x000001cba464f860, 0x000001cba464f9b8]
Event: 27.219 Thread 0x000001cbb9303000 11579       2       com.android.ide.common.symbols.Symbol$AttributeSymbolImpl::hashCode (65 bytes)
Event: 27.220 Thread 0x000001cbb9303000 nmethod 11579 0x000001cba464fa90 code [0x000001cba464fc60, 0x000001cba464fe28]
Event: 27.220 Thread 0x000001cbb9303000 11580       2       com.google.common.collect.MapMakerInternalMap::rehash (49 bytes)
Event: 27.221 Thread 0x000001cbb9303000 nmethod 11580 0x000001cba464ff90 code [0x000001cba4650140, 0x000001cba4650258]
Event: 27.221 Thread 0x000001cbb9303000 11581       2       com.google.common.collect.MapMakerInternalMap::segmentFor (17 bytes)
Event: 27.221 Thread 0x000001cbb9303000 nmethod 11581 0x000001cba4650310 code [0x000001cba46504c0, 0x000001cba46505f8]
Event: 27.221 Thread 0x000001cbb9303000 11582       2       java.nio.file.Files::newBufferedReader (31 bytes)
Event: 27.222 Thread 0x000001cbb9303000 nmethod 11582 0x000001cba4650710 code [0x000001cba4650940, 0x000001cba4650f98]
Event: 27.222 Thread 0x000001cbb9303000 11583       2       com.android.resources.ResourceType::fromClassName (11 bytes)
Event: 27.222 Thread 0x000001cbb9303000 nmethod 11583 0x000001cba4651290 code [0x000001cba4651440, 0x000001cba4651588]
Event: 27.222 Thread 0x000001cbb9303000 11584       1       com.google.common.collect.MapMakerInternalMap$AbstractStrongKeyEntry::getKey (5 bytes)

GC Heap History (20 events):
Event: 16.595 GC heap before
{Heap before GC invocations=16 (full 0):
 garbage-first heap   total 157696K, used 108020K [0x0000000080000000, 0x0000000100000000)
  region size 1024K, 55 young (56320K), 4 survivors (4096K)
 Metaspace       used 68169K, capacity 69815K, committed 69936K, reserved 1110016K
  class space    used 8629K, capacity 9283K, committed 9344K, reserved 1048576K
}
Event: 16.609 GC heap after
{Heap after GC invocations=17 (full 0):
 garbage-first heap   total 157696K, used 53026K [0x0000000080000000, 0x0000000100000000)
  region size 1024K, 7 young (7168K), 7 survivors (7168K)
 Metaspace       used 68169K, capacity 69815K, committed 69936K, reserved 1110016K
  class space    used 8629K, capacity 9283K, committed 9344K, reserved 1048576K
}
Event: 17.397 GC heap before
{Heap before GC invocations=17 (full 0):
 garbage-first heap   total 157696K, used 108322K [0x0000000080000000, 0x0000000100000000)
  region size 1024K, 60 young (61440K), 7 survivors (7168K)
 Metaspace       used 70388K, capacity 72179K, committed 72368K, reserved 1112064K
  class space    used 8955K, capacity 9633K, committed 9728K, reserved 1048576K
}
Event: 17.410 GC heap after
{Heap after GC invocations=18 (full 0):
 garbage-first heap   total 157696K, used 56654K [0x0000000080000000, 0x0000000100000000)
  region size 1024K, 4 young (4096K), 4 survivors (4096K)
 Metaspace       used 70388K, capacity 72179K, committed 72368K, reserved 1112064K
  class space    used 8955K, capacity 9633K, committed 9728K, reserved 1048576K
}
Event: 18.480 GC heap before
{Heap before GC invocations=18 (full 0):
 garbage-first heap   total 157696K, used 110926K [0x0000000080000000, 0x0000000100000000)
  region size 1024K, 57 young (58368K), 4 survivors (4096K)
 Metaspace       used 74853K, capacity 76722K, committed 76976K, reserved 1116160K
  class space    used 9701K, capacity 10396K, committed 10496K, reserved 1048576K
}
Event: 18.489 GC heap after
{Heap after GC invocations=19 (full 0):
 garbage-first heap   total 157696K, used 59534K [0x0000000080000000, 0x0000000100000000)
  region size 1024K, 7 young (7168K), 7 survivors (7168K)
 Metaspace       used 74853K, capacity 76722K, committed 76976K, reserved 1116160K
  class space    used 9701K, capacity 10396K, committed 10496K, reserved 1048576K
}
Event: 19.112 GC heap before
{Heap before GC invocations=19 (full 0):
 garbage-first heap   total 157696K, used 114830K [0x0000000080000000, 0x0000000100000000)
  region size 1024K, 61 young (62464K), 7 survivors (7168K)
 Metaspace       used 77093K, capacity 78983K, committed 79024K, reserved 1118208K
  class space    used 10037K, capacity 10734K, committed 10752K, reserved 1048576K
}
Event: 19.129 GC heap after
{Heap after GC invocations=20 (full 0):
 garbage-first heap   total 157696K, used 63754K [0x0000000080000000, 0x0000000100000000)
  region size 1024K, 7 young (7168K), 7 survivors (7168K)
 Metaspace       used 77093K, capacity 78983K, committed 79024K, reserved 1118208K
  class space    used 10037K, capacity 10734K, committed 10752K, reserved 1048576K
}
Event: 20.167 GC heap before
{Heap before GC invocations=20 (full 0):
 garbage-first heap   total 157696K, used 118026K [0x0000000080000000, 0x0000000100000000)
  region size 1024K, 60 young (61440K), 7 survivors (7168K)
 Metaspace       used 81504K, capacity 83524K, committed 83632K, reserved 1122304K
  class space    used 10712K, capacity 11459K, committed 11520K, reserved 1048576K
}
Event: 20.182 GC heap after
{Heap after GC invocations=21 (full 0):
 garbage-first heap   total 189440K, used 66809K [0x0000000080000000, 0x0000000100000000)
  region size 1024K, 7 young (7168K), 7 survivors (7168K)
 Metaspace       used 81504K, capacity 83524K, committed 83632K, reserved 1122304K
  class space    used 10712K, capacity 11459K, committed 11520K, reserved 1048576K
}
Event: 21.294 GC heap before
{Heap before GC invocations=21 (full 0):
 garbage-first heap   total 189440K, used 133369K [0x0000000080000000, 0x0000000100000000)
  region size 1024K, 72 young (73728K), 7 survivors (7168K)
 Metaspace       used 85761K, capacity 87966K, committed 88112K, reserved 1126400K
  class space    used 11218K, capacity 12052K, committed 12160K, reserved 1048576K
}
Event: 21.309 GC heap after
{Heap after GC invocations=22 (full 0):
 garbage-first heap   total 189440K, used 72620K [0x0000000080000000, 0x0000000100000000)
  region size 1024K, 9 young (9216K), 9 survivors (9216K)
 Metaspace       used 85761K, capacity 87966K, committed 88112K, reserved 1126400K
  class space    used 11218K, capacity 12052K, committed 12160K, reserved 1048576K
}
Event: 22.898 GC heap before
{Heap before GC invocations=22 (full 0):
 garbage-first heap   total 189440K, used 138156K [0x0000000080000000, 0x0000000100000000)
  region size 1024K, 73 young (74752K), 9 survivors (9216K)
 Metaspace       used 88249K, capacity 90647K, committed 90800K, reserved 1128448K
  class space    used 11611K, capacity 12497K, committed 12544K, reserved 1048576K
}
Event: 22.918 GC heap after
{Heap after GC invocations=23 (full 0):
 garbage-first heap   total 189440K, used 81587K [0x0000000080000000, 0x0000000100000000)
  region size 1024K, 9 young (9216K), 9 survivors (9216K)
 Metaspace       used 88249K, capacity 90647K, committed 90800K, reserved 1128448K
  class space    used 11611K, capacity 12497K, committed 12544K, reserved 1048576K
}
Event: 24.276 GC heap before
{Heap before GC invocations=23 (full 0):
 garbage-first heap   total 189440K, used 143027K [0x0000000080000000, 0x0000000100000000)
  region size 1024K, 70 young (71680K), 9 survivors (9216K)
 Metaspace       used 89264K, capacity 91761K, committed 91952K, reserved 1128448K
  class space    used 11702K, capacity 12634K, committed 12672K, reserved 1048576K
}
Event: 24.291 GC heap after
{Heap after GC invocations=24 (full 0):
 garbage-first heap   total 189440K, used 85720K [0x0000000080000000, 0x0000000100000000)
  region size 1024K, 5 young (5120K), 5 survivors (5120K)
 Metaspace       used 89264K, capacity 91761K, committed 91952K, reserved 1128448K
  class space    used 11702K, capacity 12634K, committed 12672K, reserved 1048576K
}
Event: 25.603 GC heap before
{Heap before GC invocations=24 (full 0):
 garbage-first heap   total 189440K, used 149208K [0x0000000080000000, 0x0000000100000000)
  region size 1024K, 65 young (66560K), 5 survivors (5120K)
 Metaspace       used 92450K, capacity 95050K, committed 95152K, reserved 1132544K
  class space    used 12066K, capacity 13032K, committed 13056K, reserved 1048576K
}
Event: 25.617 GC heap after
{Heap after GC invocations=25 (full 0):
 garbage-first heap   total 189440K, used 91864K [0x0000000080000000, 0x0000000100000000)
  region size 1024K, 8 young (8192K), 8 survivors (8192K)
 Metaspace       used 92450K, capacity 95050K, committed 95152K, reserved 1132544K
  class space    used 12066K, capacity 13032K, committed 13056K, reserved 1048576K
}
Event: 26.483 GC heap before
{Heap before GC invocations=25 (full 0):
 garbage-first heap   total 189440K, used 143064K [0x0000000080000000, 0x0000000100000000)
  region size 1024K, 59 young (60416K), 8 survivors (8192K)
 Metaspace       used 93870K, capacity 96495K, committed 96688K, reserved 1132544K
  class space    used 12211K, capacity 13193K, committed 13312K, reserved 1048576K
}
Event: 26.583 GC heap after
{Heap after GC invocations=26 (full 0):
 garbage-first heap   total 189440K, used 115413K [0x0000000080000000, 0x0000000100000000)
  region size 1024K, 9 young (9216K), 9 survivors (9216K)
 Metaspace       used 93870K, capacity 96495K, committed 96688K, reserved 1132544K
  class space    used 12211K, capacity 13193K, committed 13312K, reserved 1048576K
}

Deoptimization events (20 events):
Event: 27.080 Thread 0x000001cbbe486000 Uncommon trap: trap_request=0xffffffde fr.pc=0x000001cbaa9e9a98 relative=0x00000000000006d8
Event: 27.080 Thread 0x000001cbbe486000 Uncommon trap: reason=class_check action=maybe_recompile pc=0x000001cbaa9e9a98 method=org.gradle.tooling.internal.provider.runner.ClientBuildEventGenerator.finished(Lorg/gradle/internal/operations/BuildOperationDescriptor;Lorg/gradle/internal/operations/O
Event: 27.080 Thread 0x000001cbbe486000 DEOPT PACKING pc=0x000001cbaa9e9a98 sp=0x0000004733ffe2b0
Event: 27.080 Thread 0x000001cbbe486000 DEOPT UNPACKING pc=0x000001cba2b0a1af sp=0x0000004733ffe270 mode 2
Event: 27.080 Thread 0x000001cbbe486000 Uncommon trap: trap_request=0xffffffde fr.pc=0x000001cbaa9e9a98 relative=0x00000000000006d8
Event: 27.080 Thread 0x000001cbbe486000 Uncommon trap: reason=class_check action=maybe_recompile pc=0x000001cbaa9e9a98 method=org.gradle.tooling.internal.provider.runner.ClientBuildEventGenerator.finished(Lorg/gradle/internal/operations/BuildOperationDescriptor;Lorg/gradle/internal/operations/O
Event: 27.080 Thread 0x000001cbbe486000 DEOPT PACKING pc=0x000001cbaa9e9a98 sp=0x0000004733ffe2b0
Event: 27.080 Thread 0x000001cbbe486000 DEOPT UNPACKING pc=0x000001cba2b0a1af sp=0x0000004733ffe270 mode 2
Event: 27.088 Thread 0x000001cbbe484800 DEOPT PACKING pc=0x000001cba3e836a5 sp=0x0000004733afb820
Event: 27.088 Thread 0x000001cbbe484800 DEOPT UNPACKING pc=0x000001cba2b0a95e sp=0x0000004733afad78 mode 0
Event: 27.146 Thread 0x000001cbbe480800 DEOPT PACKING pc=0x000001cba3e836a5 sp=0x0000004733bfd6d0
Event: 27.146 Thread 0x000001cbbe480800 DEOPT UNPACKING pc=0x000001cba2b0a95e sp=0x0000004733bfcc28 mode 0
Event: 27.175 Thread 0x000001cbbe480800 DEOPT PACKING pc=0x000001cba447c549 sp=0x0000004733bf9ed0
Event: 27.175 Thread 0x000001cbbe480800 DEOPT UNPACKING pc=0x000001cba2b0a95e sp=0x0000004733bf9410 mode 0
Event: 27.179 Thread 0x000001cbbe480800 DEOPT PACKING pc=0x000001cba447c549 sp=0x0000004733bf9ed0
Event: 27.179 Thread 0x000001cbbe480800 DEOPT UNPACKING pc=0x000001cba2b0a95e sp=0x0000004733bf9410 mode 0
Event: 27.203 Thread 0x000001cbbe477800 Uncommon trap: trap_request=0xffffff4d fr.pc=0x000001cbaa9962b8 relative=0x0000000000001b78
Event: 27.203 Thread 0x000001cbbe477800 Uncommon trap: reason=unstable_if action=reinterpret pc=0x000001cbaa9962b8 method=java.util.concurrent.ConcurrentHashMap.transfer([Ljava/util/concurrent/ConcurrentHashMap$Node;[Ljava/util/concurrent/ConcurrentHashMap$Node;)V @ 347 c2
Event: 27.203 Thread 0x000001cbbe477800 DEOPT PACKING pc=0x000001cbaa9962b8 sp=0x00000047330fdfb0
Event: 27.203 Thread 0x000001cbbe477800 DEOPT UNPACKING pc=0x000001cba2b0a1af sp=0x00000047330fdf90 mode 2

Classes redefined (0 events):
No events

Internal exceptions (20 events):
Event: 23.040 Thread 0x000001cbbe484800 Exception <a 'java/lang/NoSuchMethodError'{0x000000008b30e6d0}: 'void java.lang.invoke.DirectMethodHandle$Holder.invokeStatic(java.lang.Object, java.lang.Object, java.lang.Object, java.lang.Object, int, java.lang.Object, java.lang.Object)'> (0x000000008b30e6d0) thrown at [src/hotspot/share/interpreter/linkResolver.cpp, line 773]
Event: 23.087 Thread 0x000001cbbde1c000 Exception <a 'java/lang/NoSuchMethodError'{0x000000008aff35d8}: 'java.lang.Object java.lang.invoke.DirectMethodHandle$Holder.invokeSpecialIFC(java.lang.Object, java.lang.Object, java.lang.Object)'> (0x000000008aff35d8) thrown at [src/hotspot/share/interpreter/linkResolver.cpp, line 773]
Event: 23.087 Thread 0x000001cbbde25800 Exception <a 'java/lang/NoSuchMethodError'{0x000000008afea8d0}: 'java.lang.Object java.lang.invoke.DirectMethodHandle$Holder.invokeSpecialIFC(java.lang.Object, java.lang.Object, java.lang.Object)'> (0x000000008afea8d0) thrown at [src/hotspot/share/interpreter/linkResolver.cpp, line 773]
Event: 23.087 Thread 0x000001cbbe484800 Exception <a 'java/lang/NoSuchMethodError'{0x000000008b245c88}: 'java.lang.Object java.lang.invoke.DirectMethodHandle$Holder.invokeSpecialIFC(java.lang.Object, java.lang.Object, java.lang.Object)'> (0x000000008b245c88) thrown at [src/hotspot/share/interpreter/linkResolver.cpp, line 773]
Event: 23.087 Thread 0x000001cbbde26800 Exception <a 'java/lang/NoSuchMethodError'{0x000000008afb82b0}: 'java.lang.Object java.lang.invoke.DirectMethodHandle$Holder.invokeSpecialIFC(java.lang.Object, java.lang.Object, java.lang.Object)'> (0x000000008afb82b0) thrown at [src/hotspot/share/interpreter/linkResolver.cpp, line 773]
Event: 23.285 Thread 0x000001cbbde1c000 Exception <a 'java/lang/NoSuchMethodError'{0x000000008a7545c0}: 'void java.lang.invoke.DirectMethodHandle$Holder.invokeVirtual(java.lang.Object, java.lang.Object)'> (0x000000008a7545c0) thrown at [src/hotspot/share/interpreter/linkResolver.cpp, line 773]
Event: 23.734 Thread 0x000001cbbde27800 Implicit null exception at 0x000001cbaa9ca5db to 0x000001cbaa9ca66c
Event: 23.734 Thread 0x000001cbbe484800 Implicit null exception at 0x000001cbaa9ca5db to 0x000001cbaa9ca66c
Event: 24.738 Thread 0x000001cbbde1f000 Implicit null exception at 0x000001cbaa9f344f to 0x000001cbaa9f5a54
Event: 25.135 Thread 0x000001cbbe484800 Exception <a 'java/lang/NoSuchMethodError'{0x00000000891a5048}: 'java.lang.Object java.lang.invoke.DirectMethodHandle$Holder.invokeSpecial(java.lang.Object, java.lang.Object, int, int, int, java.lang.Object, java.lang.Object, java.lang.Object, int)'> (0x00000000891a5048) thrown at [src/hotspot/share/interpreter/linkResolver.cpp, line 773]
Event: 25.136 Thread 0x000001cbbe484800 Exception <a 'java/lang/NoSuchMethodError'{0x00000000891a8ef8}: 'java.lang.Object java.lang.invoke.DelegatingMethodHandle$Holder.reinvoke_L(java.lang.Object, int, int, int, java.lang.Object, java.lang.Object, java.lang.Object, int)'> (0x00000000891a8ef8) thrown at [src/hotspot/share/interpreter/linkResolver.cpp, line 773]
Event: 25.138 Thread 0x000001cbbe484800 Exception <a 'java/lang/NoSuchMethodError'{0x00000000891cb0d0}: 'java.lang.Object java.lang.invoke.DirectMethodHandle$Holder.invokeStatic(java.lang.Object, java.lang.Object, java.lang.Object, java.lang.Object, java.lang.Object, java.lang.Object, java.lang.Object, int)'> (0x00000000891cb0d0) thrown at [src/hotspot/share/interpreter/linkResolver.cpp, line 773]
Event: 25.179 Thread 0x000001cbbe484800 Exception <a 'java/lang/NoSuchMethodError'{0x0000000088f20e78}: 'java.lang.Object java.lang.invoke.DirectMethodHandle$Holder.newInvokeSpecial(java.lang.Object, java.lang.Object, java.lang.Object, java.lang.Object)'> (0x0000000088f20e78) thrown at [src/hotspot/share/interpreter/linkResolver.cpp, line 773]
Event: 25.200 Thread 0x000001cbbbbd2800 Exception <a 'java/lang/NoSuchMethodError'{0x0000000088dbc810}: <clinit>> (0x0000000088dbc810) thrown at [src/hotspot/share/prims/jni.cpp, line 1367]
Event: 25.269 Thread 0x000001cbbe484800 Exception <a 'java/lang/NoSuchMethodError'{0x00000000888598f0}: 'void java.lang.invoke.DirectMethodHandle$Holder.invokeInterface(java.lang.Object, java.lang.Object, java.lang.Object, java.lang.Object)'> (0x00000000888598f0) thrown at [src/hotspot/share/interpreter/linkResolver.cpp, line 773]
Event: 26.728 Thread 0x000001cbbe484800 Exception <a 'java/lang/NoSuchMethodError'{0x000000008b57be68}: 'java.lang.Object java.lang.invoke.DirectMethodHandle$Holder.invokeStatic(java.lang.Object, java.lang.Object, java.lang.Object, java.lang.Object, java.lang.Object, java.lang.Object, java.lang.Object, java.lang.Object, java.lang.Object, java.lang.Object, java.lang.Object, java.lang.Object, java.lang.Object, java.lang.Object, java.lang.Object, int)'> (0x000000008b57be68) thrown at [src/hotspot/share/interpreter/linkResolver.cpp, line 773]
Event: 26.739 Thread 0x000001cbbe484800 Exception <a 'java/lang/NoSuchMethodError'{0x000000008b418cd8}: <clinit>> (0x000000008b418cd8) thrown at [src/hotspot/share/prims/jni.cpp, line 1367]
Event: 26.759 Thread 0x000001cbbe484800 Exception <a 'java/lang/NoSuchMethodError'{0x000000008b4c2928}: <clinit>> (0x000000008b4c2928) thrown at [src/hotspot/share/prims/jni.cpp, line 1367]
Event: 26.863 Thread 0x000001cbbe485000 Exception <a 'sun/nio/fs/WindowsException'{0x000000008af16490}> (0x000000008af16490) thrown at [src/hotspot/share/prims/jni.cpp, line 617]
Event: 26.926 Thread 0x000001cbbe485000 Exception <a 'sun/nio/fs/WindowsException'{0x000000008af177c8}> (0x000000008af177c8) thrown at [src/hotspot/share/prims/jni.cpp, line 617]

Events (20 events):
Event: 27.208 loading class com/google/common/collect/MapMaker$Dummy
Event: 27.208 loading class com/google/common/collect/MapMaker$Dummy done
Event: 27.208 loading class com/google/common/collect/MapMakerInternalMap$StrongKeyDummyValueEntry
Event: 27.208 loading class com/google/common/collect/MapMakerInternalMap$StrongKeyDummyValueEntry done
Event: 27.209 loading class com/google/common/collect/MapMakerInternalMap$StrongValueEntry
Event: 27.209 loading class com/google/common/collect/MapMakerInternalMap$StrongValueEntry done
Event: 27.209 loading class com/google/common/collect/MapMakerInternalMap$AbstractStrongKeyEntry
Event: 27.209 loading class com/google/common/collect/MapMakerInternalMap$AbstractStrongKeyEntry done
Event: 27.210 loading class com/google/common/collect/Tables
Event: 27.210 loading class com/google/common/collect/Tables done
Event: 27.211 loading class com/google/common/collect/RowSortedTable
Event: 27.211 loading class com/google/common/collect/RowSortedTable done
Event: 27.212 loading class com/google/common/collect/Table$Cell
Event: 27.212 loading class com/google/common/collect/Table$Cell done
Event: 27.212 loading class com/google/common/collect/Tables$1
Event: 27.212 loading class com/google/common/collect/Tables$1 done
Event: 27.213 loading class com/google/common/collect/Tables$ImmutableCell
Event: 27.213 loading class com/google/common/collect/Tables$ImmutableCell done
Event: 27.213 loading class com/google/common/collect/Tables$AbstractCell
Event: 27.213 loading class com/google/common/collect/Tables$AbstractCell done


Dynamic libraries:
0x00007ff755b40000 - 0x00007ff755b4a000 	D:\Program Files\Android Studio\jbr\bin\java.exe
0x00007ffd90af0000 - 0x00007ffd90ce8000 	C:\WINDOWS\SYSTEM32\ntdll.dll
0x00007ffd8ed20000 - 0x00007ffd8eddd000 	C:\WINDOWS\System32\KERNEL32.DLL
0x00007ffd8e5a0000 - 0x00007ffd8e86e000 	C:\WINDOWS\System32\KERNELBASE.dll
0x00007ffd8e3e0000 - 0x00007ffd8e4e0000 	C:\WINDOWS\System32\ucrtbase.dll
0x00007ffd4d440000 - 0x00007ffd4d457000 	D:\Program Files\Android Studio\jbr\bin\jli.dll
0x00007ffd90130000 - 0x00007ffd902d0000 	C:\WINDOWS\System32\USER32.dll
0x00007ffd8e870000 - 0x00007ffd8e892000 	C:\WINDOWS\System32\win32u.dll
0x00007ffd8f760000 - 0x00007ffd8f78a000 	C:\WINDOWS\System32\GDI32.dll
0x00007ffd8e950000 - 0x00007ffd8ea5b000 	C:\WINDOWS\System32\gdi32full.dll
0x00007ffd8ea60000 - 0x00007ffd8eafd000 	C:\WINDOWS\System32\msvcp_win.dll
0x00007ffd69c40000 - 0x00007ffd69eda000 	C:\WINDOWS\WinSxS\amd64_microsoft.windows.common-controls_6595b64144ccf1df_6.0.19041.1110_none_60b5254171f9507e\COMCTL32.dll
0x00007ffd90970000 - 0x00007ffd90a0e000 	C:\WINDOWS\System32\msvcrt.dll
0x00007ffd4ca50000 - 0x00007ffd4ca6b000 	D:\Program Files\Android Studio\jbr\bin\VCRUNTIME140.dll
0x00007ffd8fa20000 - 0x00007ffd8fa50000 	C:\WINDOWS\System32\IMM32.DLL
0x00007ffd62a90000 - 0x00007ffd62a9c000 	D:\Program Files\Android Studio\jbr\bin\vcruntime140_1.dll
0x00007ffd45b20000 - 0x00007ffd45bad000 	D:\Program Files\Android Studio\jbr\bin\msvcp140.dll
0x00007ffcf05a0000 - 0x00007ffcf115c000 	D:\Program Files\Android Studio\jbr\bin\server\jvm.dll
0x00007ffd8fb00000 - 0x00007ffd8fbae000 	C:\WINDOWS\System32\ADVAPI32.dll
0x00007ffd8f6c0000 - 0x00007ffd8f75c000 	C:\WINDOWS\System32\sechost.dll
0x00007ffd8ede0000 - 0x00007ffd8ef05000 	C:\WINDOWS\System32\RPCRT4.dll
0x00007ffd90960000 - 0x00007ffd90968000 	C:\WINDOWS\System32\PSAPI.DLL
0x00007ffd6f350000 - 0x00007ffd6f377000 	C:\WINDOWS\SYSTEM32\WINMM.dll
0x00007ffd84fc0000 - 0x00007ffd84fc9000 	C:\WINDOWS\SYSTEM32\WSOCK32.dll
0x00007ffd82dc0000 - 0x00007ffd82dca000 	C:\WINDOWS\SYSTEM32\VERSION.dll
0x00007ffd8fbb0000 - 0x00007ffd8fc1b000 	C:\WINDOWS\System32\WS2_32.dll
0x00007ffd8c0c0000 - 0x00007ffd8c0d2000 	C:\WINDOWS\SYSTEM32\kernel.appcore.dll
0x00007ffd8b9f0000 - 0x00007ffd8ba00000 	D:\Program Files\Android Studio\jbr\bin\verify.dll
0x00007ffd84db0000 - 0x00007ffd84f94000 	C:\WINDOWS\SYSTEM32\DBGHELP.DLL
0x00007ffd6c740000 - 0x00007ffd6c76c000 	C:\WINDOWS\SYSTEM32\dbgcore.DLL
0x00007ffd8e4e0000 - 0x00007ffd8e562000 	C:\WINDOWS\System32\bcryptPrimitives.dll
0x00007ffd563c0000 - 0x00007ffd563e8000 	D:\Program Files\Android Studio\jbr\bin\java.dll
0x00007ffd85030000 - 0x00007ffd8503a000 	D:\Program Files\Android Studio\jbr\bin\jimage.dll
0x00007ffd77760000 - 0x00007ffd77778000 	D:\Program Files\Android Studio\jbr\bin\zip.dll
0x00007ffd8ef10000 - 0x00007ffd8f653000 	C:\WINDOWS\System32\SHELL32.dll
0x00007ffd8c2c0000 - 0x00007ffd8ca55000 	C:\WINDOWS\SYSTEM32\windows.storage.dll
0x00007ffd8fdd0000 - 0x00007ffd90124000 	C:\WINDOWS\System32\combase.dll
0x00007ffd8dac0000 - 0x00007ffd8daf0000 	C:\WINDOWS\SYSTEM32\Wldp.dll
0x00007ffd8fa50000 - 0x00007ffd8fafd000 	C:\WINDOWS\System32\SHCORE.dll
0x00007ffd90900000 - 0x00007ffd90955000 	C:\WINDOWS\System32\shlwapi.dll
0x00007ffd8e150000 - 0x00007ffd8e16f000 	C:\WINDOWS\SYSTEM32\profapi.dll
0x00007ffd62700000 - 0x00007ffd62719000 	D:\Program Files\Android Studio\jbr\bin\net.dll
0x00007ffd7d090000 - 0x00007ffd7d19a000 	C:\WINDOWS\SYSTEM32\WINHTTP.dll
0x00007ffd8d8a0000 - 0x00007ffd8d90a000 	C:\WINDOWS\system32\mswsock.dll
0x00007ffd5e850000 - 0x00007ffd5e863000 	D:\Program Files\Android Studio\jbr\bin\nio.dll
0x00007ffd4e940000 - 0x00007ffd4e967000 	C:\Users\Teodora\.gradle\native\e1d6ef7f7dcc3fd88c89a11ec53ec762bb8ba0a96d01ffa2cd45eb1d1d8dd5c5\windows-amd64\native-platform.dll
0x00007ffd36ca0000 - 0x00007ffd36de4000 	C:\Users\Teodora\.gradle\native\0d407fdbe67a94daf76414ababcb853783967236a71b16ec16e742cd7a986fd3\windows-amd64\native-platform-file-events.dll
0x00007ffd7ba80000 - 0x00007ffd7ba8a000 	D:\Program Files\Android Studio\jbr\bin\management.dll
0x00007ffd7ba00000 - 0x00007ffd7ba0b000 	D:\Program Files\Android Studio\jbr\bin\management_ext.dll
0x00007ffd8de00000 - 0x00007ffd8de18000 	C:\WINDOWS\SYSTEM32\CRYPTSP.dll
0x00007ffd8d240000 - 0x00007ffd8d274000 	C:\WINDOWS\system32\rsaenh.dll
0x00007ffd8e570000 - 0x00007ffd8e597000 	C:\WINDOWS\System32\bcrypt.dll
0x00007ffd8e110000 - 0x00007ffd8e13e000 	C:\WINDOWS\SYSTEM32\USERENV.dll
0x00007ffd8da30000 - 0x00007ffd8da3c000 	C:\WINDOWS\SYSTEM32\CRYPTBASE.dll
0x00007ffd8d5b0000 - 0x00007ffd8d5eb000 	C:\WINDOWS\SYSTEM32\IPHLPAPI.DLL
0x00007ffd90330000 - 0x00007ffd90338000 	C:\WINDOWS\System32\NSI.dll
0x00007ffd7cd30000 - 0x00007ffd7cd47000 	C:\WINDOWS\SYSTEM32\dhcpcsvc6.DLL
0x00007ffd7cd10000 - 0x00007ffd7cd2d000 	C:\WINDOWS\SYSTEM32\dhcpcsvc.DLL
0x00007ffd8d5f0000 - 0x00007ffd8d6ba000 	C:\WINDOWS\SYSTEM32\DNSAPI.dll
0x00007ffd50580000 - 0x00007ffd505a7000 	D:\Program Files\Android Studio\jbr\bin\sunec.dll
0x00007ffd78f10000 - 0x00007ffd78f1a000 	C:\Windows\System32\rasadhlp.dll
0x00007ffd7cd60000 - 0x00007ffd7cde0000 	C:\WINDOWS\System32\fwpuclnt.dll
0x00007ffd8ced0000 - 0x00007ffd8cf03000 	C:\WINDOWS\SYSTEM32\ntmarta.dll

dbghelp: loaded successfully - version: 4.0.5 - missing functions: none
symbol engine: initialized successfully - sym options: 0x614 - pdb path: .;D:\Program Files\Android Studio\jbr\bin;C:\WINDOWS\SYSTEM32;C:\WINDOWS\WinSxS\amd64_microsoft.windows.common-controls_6595b64144ccf1df_6.0.19041.1110_none_60b5254171f9507e;D:\Program Files\Android Studio\jbr\bin\server;C:\Users\Teodora\.gradle\native\e1d6ef7f7dcc3fd88c89a11ec53ec762bb8ba0a96d01ffa2cd45eb1d1d8dd5c5\windows-amd64;C:\Users\Teodora\.gradle\native\0d407fdbe67a94daf76414ababcb853783967236a71b16ec16e742cd7a986fd3\windows-amd64

VM Arguments:
jvm_args: --add-opens=java.base/java.util=ALL-UNNAMED --add-opens=java.base/java.lang=ALL-UNNAMED --add-opens=java.base/java.lang.invoke=ALL-UNNAMED --add-opens=java.base/java.util=ALL-UNNAMED --add-opens=java.prefs/java.util.prefs=ALL-UNNAMED --add-opens=java.prefs/java.util.prefs=ALL-UNNAMED --add-opens=java.base/java.nio.charset=ALL-UNNAMED --add-opens=java.base/java.net=ALL-UNNAMED --add-opens=java.base/java.util.concurrent.atomic=ALL-UNNAMED -Xmx2048m -Dfile.encoding=UTF-8 -Duser.country=US -Duser.language=en -Duser.variant 
java_command: org.gradle.launcher.daemon.bootstrap.GradleDaemon 7.5
java_class_path (initial): C:\Users\Teodora\.gradle\wrapper\dists\gradle-7.5-bin\f1w0cc9nuo0eivz97x2xlu9sv\gradle-7.5\lib\gradle-launcher-7.5.jar
Launcher Type: SUN_STANDARD

[Global flags]
     intx CICompilerCount                          = 3                                         {product} {ergonomic}
     uint ConcGCThreads                            = 1                                         {product} {ergonomic}
     uint G1ConcRefinementThreads                  = 4                                         {product} {ergonomic}
   size_t G1HeapRegionSize                         = 1048576                                   {product} {ergonomic}
    uintx GCDrainStackTargetSize                   = 64                                        {product} {ergonomic}
   size_t InitialHeapSize                          = 134217728                                 {product} {ergonomic}
   size_t MarkStackSize                            = 4194304                                   {product} {ergonomic}
   size_t MaxHeapSize                              = 2147483648                                {product} {command line}
   size_t MaxNewSize                               = 1287651328                                {product} {ergonomic}
   size_t MinHeapDeltaBytes                        = 1048576                                   {product} {ergonomic}
    uintx NonNMethodCodeHeapSize                   = 5830732                                {pd product} {ergonomic}
    uintx NonProfiledCodeHeapSize                  = 122913754                              {pd product} {ergonomic}
    uintx ProfiledCodeHeapSize                     = 122913754                              {pd product} {ergonomic}
    uintx ReservedCodeCacheSize                    = 251658240                              {pd product} {ergonomic}
     bool SegmentedCodeCache                       = true                                      {product} {ergonomic}
     bool UseCompressedClassPointers               = true                                 {lp64_product} {ergonomic}
     bool UseCompressedOops                        = true                                 {lp64_product} {ergonomic}
     bool UseG1GC                                  = true                                      {product} {ergonomic}
     bool UseLargePagesIndividualAllocation        = false                                  {pd product} {ergonomic}

Logging:
Log output configuration:
 #0: stdout all=warning uptime,level,tags
 #1: stderr all=off uptime,level,tags

Environment Variables:
PATH=C:\RoboDK\Python37\Scripts\;C:\RoboDK\Python37\;C:\Program Files\Microsoft\jdk-11.0.12.7-hotspot\bin;C:\Program Files\Common Files\Oracle\Java\javapath;C:\Program Files (x86)\Common Files\Oracle\Java\javapath;C:\WINDOWS\system32;C:\WINDOWS;C:\WINDOWS\System32\Wbem;C:\WINDOWS\System32\WindowsPowerShell\v1.0\;C:\WINDOWS\System32\OpenSSH\;C:\Program Files\Microsoft SQL Server\Client SDK\ODBC\110\Tools\Binn\;C:\Program Files (x86)\Microsoft SQL Server\120\Tools\Binn\;C:\Program Files\Microsoft SQL Server\120\Tools\Binn\;C:\Program Files\Microsoft SQL Server\120\DTS\Binn\;C:\Program Files (x86)\Windows Kits\8.1\Windows Performance Toolkit\;C:\Program Files\Microsoft SQL Server\Client SDK\ODBC\170\Tools\Binn\;C:\Program Files (x86)\Microsoft SQL Server\150\Tools\Binn\;C:\Program Files\Microsoft SQL Server\150\Tools\Binn\;C:\Program Files\Microsoft SQL Server\150\DTS\Binn\;C:\Program Files (x86)\Microsoft SQL Server\150\DTS\Binn\;C:\Program Files\dotnet\;C:\Program Files\Microsoft SQL Server\110\Tools\Binn\;C:\Program Files\nodejs\;C:\Program Files\Git\cmd;C:\Users\Teodora\AppData\Local\Microsoft\WindowsApps;C:\Program Files\Azure Data Studio\bin;C:\Users\Teodora\.dotnet\tools;C:\Users\Teodora\AppData\Roaming\npm;C:\Users\Teodora\AppData\Local\GitHubDesktop\bin
USERNAME=Teodora
OS=Windows_NT
PROCESSOR_IDENTIFIER=Intel64 Family 6 Model 142 Stepping 9, GenuineIntel



---------------  S Y S T E M  ---------------

OS: Windows 10 , 64 bit Build 19041 (10.0.19041.1889)
OS uptime: 20 days 18:21 hours
Hyper-V role detected

CPU:total 4 (initial active 4) (2 cores per cpu, 2 threads per core) family 6 model 142 stepping 9 microcode 0xb4, cmov, cx8, fxsr, mmx, sse, sse2, sse3, ssse3, sse4.1, sse4.2, popcnt, avx, avx2, aes, clmul, erms, 3dnowpref, lzcnt, ht, tsc, tscinvbit, bmi1, bmi2, adx, fma

Memory: 4k page, system-wide physical 8069M (306M free)
TotalPageFile size 20156M (AvailPageFile size 7M)
current process WorkingSet (physical memory assigned to process): 419M, peak: 420M
current process commit charge ("private bytes"): 467M, peak: 467M

vm_info: OpenJDK 64-Bit Server VM (11.0.15+0-b2043.56-9505619) for windows-amd64 JRE (11.0.15+0-b2043.56-9505619), built on Jan 19 2023 02:48:00 by "builduser" with unknown MS VC++:1929

END.
